{"uid":"4769b56664fe7149","name":"verify dialog when click to new space","fullName":"tests.SpaceTests.verify_dialog_when_click_to_new_space","historyId":"d34f8fa81467fb002a6e3482322efa81","time":{"start":1681462086499,"stop":1681462095320,"duration":8821},"status":"broken","statusMessage":"no such element: Unable to locate element: {\"method\":\"xpath\",\"selector\":\"//button[contains(text(),'Next')]\"}\n  (Session info: headless chrome=112.0.5615.49)\nFor documentation on this error, please visit: https://www.seleniumhq.org/exceptions/no_such_element.html\nBuild info: version: '3.141.59', revision: 'e82be7d358', time: '2018-11-14T08:17:03'\nSystem info: host: 'fv-az338-349', ip: '10.1.230.1', os.name: 'Linux', os.arch: 'amd64', os.version: '5.15.0-1035-azure', java.version: '1.8.0_362'\nDriver info: org.openqa.selenium.chrome.ChromeDriver\nCapabilities {acceptInsecureCerts: false, browserName: chrome, browserVersion: 112.0.5615.49, chrome: {chromedriverVersion: 112.0.5615.49 (bd2a7bcb881c..., userDataDir: /tmp/.com.google.Chrome.G7xE3m}, goog:chromeOptions: {debuggerAddress: localhost:44637}, javascriptEnabled: true, networkConnectionEnabled: false, pageLoadStrategy: normal, platform: LINUX, platformName: LINUX, proxy: Proxy(), setWindowRect: true, strictFileInteractability: false, timeouts: {implicit: 0, pageLoad: 300000, script: 30000}, unhandledPromptBehavior: dismiss and notify, webauthn:extension:credBlob: true, webauthn:extension:largeBlob: true, webauthn:extension:minPinLength: true, webauthn:extension:prf: true, webauthn:virtualAuthenticators: true}\nSession ID: 7bf29db9c7add667ea40bb1310375143\n*** Element info: {Using=xpath, value=//button[contains(text(),'Next')]}","statusTrace":"org.openqa.selenium.NoSuchElementException: no such element: Unable to locate element: {\"method\":\"xpath\",\"selector\":\"//button[contains(text(),'Next')]\"}\n  (Session info: headless chrome=112.0.5615.49)\nFor documentation on this error, please visit: https://www.seleniumhq.org/exceptions/no_such_element.html\nBuild info: version: '3.141.59', revision: 'e82be7d358', time: '2018-11-14T08:17:03'\nSystem info: host: 'fv-az338-349', ip: '10.1.230.1', os.name: 'Linux', os.arch: 'amd64', os.version: '5.15.0-1035-azure', java.version: '1.8.0_362'\nDriver info: org.openqa.selenium.chrome.ChromeDriver\nCapabilities {acceptInsecureCerts: false, browserName: chrome, browserVersion: 112.0.5615.49, chrome: {chromedriverVersion: 112.0.5615.49 (bd2a7bcb881c..., userDataDir: /tmp/.com.google.Chrome.G7xE3m}, goog:chromeOptions: {debuggerAddress: localhost:44637}, javascriptEnabled: true, networkConnectionEnabled: false, pageLoadStrategy: normal, platform: LINUX, platformName: LINUX, proxy: Proxy(), setWindowRect: true, strictFileInteractability: false, timeouts: {implicit: 0, pageLoad: 300000, script: 30000}, unhandledPromptBehavior: dismiss and notify, webauthn:extension:credBlob: true, webauthn:extension:largeBlob: true, webauthn:extension:minPinLength: true, webauthn:extension:prf: true, webauthn:virtualAuthenticators: true}\nSession ID: 7bf29db9c7add667ea40bb1310375143\n*** Element info: {Using=xpath, value=//button[contains(text(),'Next')]}\n\tat sun.reflect.GeneratedConstructorAccessor31.newInstance(Unknown Source)\n\tat sun.reflect.DelegatingConstructorAccessorImpl.newInstance(DelegatingConstructorAccessorImpl.java:45)\n\tat java.lang.reflect.Constructor.newInstance(Constructor.java:423)\n\tat org.openqa.selenium.remote.http.W3CHttpResponseCodec.createException(W3CHttpResponseCodec.java:187)\n\tat org.openqa.selenium.remote.http.W3CHttpResponseCodec.decode(W3CHttpResponseCodec.java:122)\n\tat org.openqa.selenium.remote.http.W3CHttpResponseCodec.decode(W3CHttpResponseCodec.java:49)\n\tat org.openqa.selenium.remote.HttpCommandExecutor.execute(HttpCommandExecutor.java:158)\n\tat org.openqa.selenium.remote.service.DriverCommandExecutor.execute(DriverCommandExecutor.java:83)\n\tat org.openqa.selenium.remote.RemoteWebDriver.execute(RemoteWebDriver.java:552)\n\tat org.openqa.selenium.remote.RemoteWebDriver.findElement(RemoteWebDriver.java:323)\n\tat org.openqa.selenium.remote.RemoteWebDriver.findElementByXPath(RemoteWebDriver.java:428)\n\tat org.openqa.selenium.By$ByXPath.findElement(By.java:353)\n\tat org.openqa.selenium.remote.RemoteWebDriver.findElement(RemoteWebDriver.java:315)\n\tat org.openqa.selenium.support.pagefactory.DefaultElementLocator.findElement(DefaultElementLocator.java:69)\n\tat org.openqa.selenium.support.pagefactory.internal.LocatingElementHandler.invoke(LocatingElementHandler.java:38)\n\tat com.sun.proxy.$Proxy19.isEnabled(Unknown Source)\n\tat org.example.core.WebApi.isControlEnabled(WebApi.java:206)\n\tat org.example.pagesobject.NavigationPage.verifyNextButtonIsDisable(NavigationPage.java:212)\n\tat tests.SpaceTests.verify_dialog_when_click_to_new_space(SpaceTests.java:54)\n\tat sun.reflect.NativeMethodAccessorImpl.invoke0(Native Method)\n\tat sun.reflect.NativeMethodAccessorImpl.invoke(NativeMethodAccessorImpl.java:62)\n\tat sun.reflect.DelegatingMethodAccessorImpl.invoke(DelegatingMethodAccessorImpl.java:43)\n\tat java.lang.reflect.Method.invoke(Method.java:498)\n\tat org.testng.internal.MethodInvocationHelper.invokeMethod(MethodInvocationHelper.java:134)\n\tat org.testng.internal.TestInvoker.invokeMethod(TestInvoker.java:597)\n\tat org.testng.internal.TestInvoker.invokeTestMethod(TestInvoker.java:173)\n\tat org.testng.internal.MethodRunner.runInSequence(MethodRunner.java:46)\n\tat org.testng.internal.TestInvoker$MethodInvocationAgent.invoke(TestInvoker.java:816)\n\tat org.testng.internal.TestInvoker.invokeTestMethods(TestInvoker.java:146)\n\tat org.testng.internal.TestMethodWorker.invokeTestMethods(TestMethodWorker.java:146)\n\tat org.testng.internal.TestMethodWorker.run(TestMethodWorker.java:128)\n\tat java.util.concurrent.ThreadPoolExecutor.runWorker(ThreadPoolExecutor.java:1149)\n\tat java.util.concurrent.ThreadPoolExecutor$Worker.run(ThreadPoolExecutor.java:624)\n\tat java.lang.Thread.run(Thread.java:750)\n","flaky":false,"newFailed":false,"newBroken":false,"newPassed":false,"retriesCount":0,"retriesStatusChange":false,"beforeStages":[{"name":"beforeSuite","time":{"start":1681461903797,"stop":1681461903801,"duration":4},"description":"","status":"passed","steps":[],"attachments":[],"parameters":[],"stepsCount":0,"attachmentsCount":0,"shouldDisplayMessage":false,"hasContent":false},{"name":"beforeMethod","time":{"start":1681462082446,"stop":1681462082715,"duration":269},"description":"","status":"passed","steps":[],"attachments":[],"parameters":[],"stepsCount":0,"attachmentsCount":0,"shouldDisplayMessage":false,"hasContent":false},{"name":"login","time":{"start":1681462082716,"stop":1681462086498,"duration":3782},"description":"","status":"passed","steps":[{"name":"Create space","time":{"start":1681462082717,"stop":1681462083107,"duration":390},"status":"passed","steps":[],"attachments":[{"uid":"36cf399f008659dd","name":"Request","source":"36cf399f008659dd.html","type":"text/html","size":727},{"uid":"eee269280317c4af","name":"HTTP/1.1 200 OK","source":"eee269280317c4af.html","type":"text/html","size":3194}],"parameters":[{"name":"spaceInput","value":"SpaceInput(name=company)"}],"stepsCount":0,"attachmentsCount":2,"shouldDisplayMessage":false,"hasContent":true},{"name":"go to login page","time":{"start":1681462083121,"stop":1681462085990,"duration":2869},"status":"passed","steps":[],"attachments":[],"parameters":[],"stepsCount":0,"attachmentsCount":0,"shouldDisplayMessage":false,"hasContent":false},{"name":"Enter your email address","time":{"start":1681462085990,"stop":1681462086128,"duration":138},"status":"passed","steps":[],"attachments":[],"parameters":[{"name":"emailAddress","value":"ntruonggiangtb98@gmail.com"}],"stepsCount":0,"attachmentsCount":0,"shouldDisplayMessage":false,"hasContent":true},{"name":"Enter your password","time":{"start":1681462086129,"stop":1681462086300,"duration":171},"status":"passed","steps":[],"attachments":[],"parameters":[{"name":"password","value":"07071998Gg"}],"stepsCount":0,"attachmentsCount":0,"shouldDisplayMessage":false,"hasContent":true},{"name":"Click to submit button","time":{"start":1681462086300,"stop":1681462086497,"duration":197},"status":"passed","steps":[],"attachments":[],"parameters":[],"stepsCount":0,"attachmentsCount":0,"shouldDisplayMessage":false,"hasContent":false}],"attachments":[],"parameters":[],"stepsCount":5,"attachmentsCount":2,"shouldDisplayMessage":false,"hasContent":true}],"testStage":{"status":"broken","statusMessage":"no such element: Unable to locate element: {\"method\":\"xpath\",\"selector\":\"//button[contains(text(),'Next')]\"}\n  (Session info: headless chrome=112.0.5615.49)\nFor documentation on this error, please visit: https://www.seleniumhq.org/exceptions/no_such_element.html\nBuild info: version: '3.141.59', revision: 'e82be7d358', time: '2018-11-14T08:17:03'\nSystem info: host: 'fv-az338-349', ip: '10.1.230.1', os.name: 'Linux', os.arch: 'amd64', os.version: '5.15.0-1035-azure', java.version: '1.8.0_362'\nDriver info: org.openqa.selenium.chrome.ChromeDriver\nCapabilities {acceptInsecureCerts: false, browserName: chrome, browserVersion: 112.0.5615.49, chrome: {chromedriverVersion: 112.0.5615.49 (bd2a7bcb881c..., userDataDir: /tmp/.com.google.Chrome.G7xE3m}, goog:chromeOptions: {debuggerAddress: localhost:44637}, javascriptEnabled: true, networkConnectionEnabled: false, pageLoadStrategy: normal, platform: LINUX, platformName: LINUX, proxy: Proxy(), setWindowRect: true, strictFileInteractability: false, timeouts: {implicit: 0, pageLoad: 300000, script: 30000}, unhandledPromptBehavior: dismiss and notify, webauthn:extension:credBlob: true, webauthn:extension:largeBlob: true, webauthn:extension:minPinLength: true, webauthn:extension:prf: true, webauthn:virtualAuthenticators: true}\nSession ID: 7bf29db9c7add667ea40bb1310375143\n*** Element info: {Using=xpath, value=//button[contains(text(),'Next')]}","statusTrace":"org.openqa.selenium.NoSuchElementException: no such element: Unable to locate element: {\"method\":\"xpath\",\"selector\":\"//button[contains(text(),'Next')]\"}\n  (Session info: headless chrome=112.0.5615.49)\nFor documentation on this error, please visit: https://www.seleniumhq.org/exceptions/no_such_element.html\nBuild info: version: '3.141.59', revision: 'e82be7d358', time: '2018-11-14T08:17:03'\nSystem info: host: 'fv-az338-349', ip: '10.1.230.1', os.name: 'Linux', os.arch: 'amd64', os.version: '5.15.0-1035-azure', java.version: '1.8.0_362'\nDriver info: org.openqa.selenium.chrome.ChromeDriver\nCapabilities {acceptInsecureCerts: false, browserName: chrome, browserVersion: 112.0.5615.49, chrome: {chromedriverVersion: 112.0.5615.49 (bd2a7bcb881c..., userDataDir: /tmp/.com.google.Chrome.G7xE3m}, goog:chromeOptions: {debuggerAddress: localhost:44637}, javascriptEnabled: true, networkConnectionEnabled: false, pageLoadStrategy: normal, platform: LINUX, platformName: LINUX, proxy: Proxy(), setWindowRect: true, strictFileInteractability: false, timeouts: {implicit: 0, pageLoad: 300000, script: 30000}, unhandledPromptBehavior: dismiss and notify, webauthn:extension:credBlob: true, webauthn:extension:largeBlob: true, webauthn:extension:minPinLength: true, webauthn:extension:prf: true, webauthn:virtualAuthenticators: true}\nSession ID: 7bf29db9c7add667ea40bb1310375143\n*** Element info: {Using=xpath, value=//button[contains(text(),'Next')]}\n\tat sun.reflect.GeneratedConstructorAccessor31.newInstance(Unknown Source)\n\tat sun.reflect.DelegatingConstructorAccessorImpl.newInstance(DelegatingConstructorAccessorImpl.java:45)\n\tat java.lang.reflect.Constructor.newInstance(Constructor.java:423)\n\tat org.openqa.selenium.remote.http.W3CHttpResponseCodec.createException(W3CHttpResponseCodec.java:187)\n\tat org.openqa.selenium.remote.http.W3CHttpResponseCodec.decode(W3CHttpResponseCodec.java:122)\n\tat org.openqa.selenium.remote.http.W3CHttpResponseCodec.decode(W3CHttpResponseCodec.java:49)\n\tat org.openqa.selenium.remote.HttpCommandExecutor.execute(HttpCommandExecutor.java:158)\n\tat org.openqa.selenium.remote.service.DriverCommandExecutor.execute(DriverCommandExecutor.java:83)\n\tat org.openqa.selenium.remote.RemoteWebDriver.execute(RemoteWebDriver.java:552)\n\tat org.openqa.selenium.remote.RemoteWebDriver.findElement(RemoteWebDriver.java:323)\n\tat org.openqa.selenium.remote.RemoteWebDriver.findElementByXPath(RemoteWebDriver.java:428)\n\tat org.openqa.selenium.By$ByXPath.findElement(By.java:353)\n\tat org.openqa.selenium.remote.RemoteWebDriver.findElement(RemoteWebDriver.java:315)\n\tat org.openqa.selenium.support.pagefactory.DefaultElementLocator.findElement(DefaultElementLocator.java:69)\n\tat org.openqa.selenium.support.pagefactory.internal.LocatingElementHandler.invoke(LocatingElementHandler.java:38)\n\tat com.sun.proxy.$Proxy19.isEnabled(Unknown Source)\n\tat org.example.core.WebApi.isControlEnabled(WebApi.java:206)\n\tat org.example.pagesobject.NavigationPage.verifyNextButtonIsDisable(NavigationPage.java:212)\n\tat tests.SpaceTests.verify_dialog_when_click_to_new_space(SpaceTests.java:54)\n\tat sun.reflect.NativeMethodAccessorImpl.invoke0(Native Method)\n\tat sun.reflect.NativeMethodAccessorImpl.invoke(NativeMethodAccessorImpl.java:62)\n\tat sun.reflect.DelegatingMethodAccessorImpl.invoke(DelegatingMethodAccessorImpl.java:43)\n\tat java.lang.reflect.Method.invoke(Method.java:498)\n\tat org.testng.internal.MethodInvocationHelper.invokeMethod(MethodInvocationHelper.java:134)\n\tat org.testng.internal.TestInvoker.invokeMethod(TestInvoker.java:597)\n\tat org.testng.internal.TestInvoker.invokeTestMethod(TestInvoker.java:173)\n\tat org.testng.internal.MethodRunner.runInSequence(MethodRunner.java:46)\n\tat org.testng.internal.TestInvoker$MethodInvocationAgent.invoke(TestInvoker.java:816)\n\tat org.testng.internal.TestInvoker.invokeTestMethods(TestInvoker.java:146)\n\tat org.testng.internal.TestMethodWorker.invokeTestMethods(TestMethodWorker.java:146)\n\tat org.testng.internal.TestMethodWorker.run(TestMethodWorker.java:128)\n\tat java.util.concurrent.ThreadPoolExecutor.runWorker(ThreadPoolExecutor.java:1149)\n\tat java.util.concurrent.ThreadPoolExecutor$Worker.run(ThreadPoolExecutor.java:624)\n\tat java.lang.Thread.run(Thread.java:750)\n","steps":[{"name":"Click to new space button","time":{"start":1681462086505,"stop":1681462092915,"duration":6410},"status":"passed","steps":[],"attachments":[],"parameters":[],"stepsCount":0,"attachmentsCount":0,"shouldDisplayMessage":false,"hasContent":false},{"name":"verify create new space dialog displayed","time":{"start":1681462092916,"stop":1681462093037,"duration":121},"status":"passed","steps":[],"attachments":[],"parameters":[],"stepsCount":0,"attachmentsCount":0,"shouldDisplayMessage":false,"hasContent":false},{"name":"verify next button is disabled","time":{"start":1681462093038,"stop":1681462095149,"duration":2111},"status":"broken","statusMessage":"no such element: Unable to locate element: {\"method\":\"xpath\",\"selector\":\"//button[contains(text(),'Next')]\"}\n  (Session info: headless chrome=112.0.5615.49)\nFor documentation on this error, please visit: https://www.seleniumhq.org/exceptions/no_such_element.html\nBuild info: version: '3.141.59', revision: 'e82be7d358', time: '2018-11-14T08:17:03'\nSystem info: host: 'fv-az338-349', ip: '10.1.230.1', os.name: 'Linux', os.arch: 'amd64', os.version: '5.15.0-1035-azure', java.version: '1.8.0_362'\nDriver info: org.openqa.selenium.chrome.ChromeDriver\nCapabilities {acceptInsecureCerts: false, browserName: chrome, browserVersion: 112.0.5615.49, chrome: {chromedriverVersion: 112.0.5615.49 (bd2a7bcb881c..., userDataDir: /tmp/.com.google.Chrome.G7xE3m}, goog:chromeOptions: {debuggerAddress: localhost:44637}, javascriptEnabled: true, networkConnectionEnabled: false, pageLoadStrategy: normal, platform: LINUX, platformName: LINUX, proxy: Proxy(), setWindowRect: true, strictFileInteractability: false, timeouts: {implicit: 0, pageLoad: 300000, script: 30000}, unhandledPromptBehavior: dismiss and notify, webauthn:extension:credBlob: true, webauthn:extension:largeBlob: true, webauthn:extension:minPinLength: true, webauthn:extension:prf: true, webauthn:virtualAuthenticators: true}\nSession ID: 7bf29db9c7add667ea40bb1310375143\n*** Element info: {Using=xpath, value=//button[contains(text(),'Next')]}","statusTrace":"org.openqa.selenium.NoSuchElementException: no such element: Unable to locate element: {\"method\":\"xpath\",\"selector\":\"//button[contains(text(),'Next')]\"}\n  (Session info: headless chrome=112.0.5615.49)\nFor documentation on this error, please visit: https://www.seleniumhq.org/exceptions/no_such_element.html\nBuild info: version: '3.141.59', revision: 'e82be7d358', time: '2018-11-14T08:17:03'\nSystem info: host: 'fv-az338-349', ip: '10.1.230.1', os.name: 'Linux', os.arch: 'amd64', os.version: '5.15.0-1035-azure', java.version: '1.8.0_362'\nDriver info: org.openqa.selenium.chrome.ChromeDriver\nCapabilities {acceptInsecureCerts: false, browserName: chrome, browserVersion: 112.0.5615.49, chrome: {chromedriverVersion: 112.0.5615.49 (bd2a7bcb881c..., userDataDir: /tmp/.com.google.Chrome.G7xE3m}, goog:chromeOptions: {debuggerAddress: localhost:44637}, javascriptEnabled: true, networkConnectionEnabled: false, pageLoadStrategy: normal, platform: LINUX, platformName: LINUX, proxy: Proxy(), setWindowRect: true, strictFileInteractability: false, timeouts: {implicit: 0, pageLoad: 300000, script: 30000}, unhandledPromptBehavior: dismiss and notify, webauthn:extension:credBlob: true, webauthn:extension:largeBlob: true, webauthn:extension:minPinLength: true, webauthn:extension:prf: true, webauthn:virtualAuthenticators: true}\nSession ID: 7bf29db9c7add667ea40bb1310375143\n*** Element info: {Using=xpath, value=//button[contains(text(),'Next')]}\n\tat sun.reflect.GeneratedConstructorAccessor31.newInstance(Unknown Source)\n\tat sun.reflect.DelegatingConstructorAccessorImpl.newInstance(DelegatingConstructorAccessorImpl.java:45)\n\tat java.lang.reflect.Constructor.newInstance(Constructor.java:423)\n\tat org.openqa.selenium.remote.http.W3CHttpResponseCodec.createException(W3CHttpResponseCodec.java:187)\n\tat org.openqa.selenium.remote.http.W3CHttpResponseCodec.decode(W3CHttpResponseCodec.java:122)\n\tat org.openqa.selenium.remote.http.W3CHttpResponseCodec.decode(W3CHttpResponseCodec.java:49)\n\tat org.openqa.selenium.remote.HttpCommandExecutor.execute(HttpCommandExecutor.java:158)\n\tat org.openqa.selenium.remote.service.DriverCommandExecutor.execute(DriverCommandExecutor.java:83)\n\tat org.openqa.selenium.remote.RemoteWebDriver.execute(RemoteWebDriver.java:552)\n\tat org.openqa.selenium.remote.RemoteWebDriver.findElement(RemoteWebDriver.java:323)\n\tat org.openqa.selenium.remote.RemoteWebDriver.findElementByXPath(RemoteWebDriver.java:428)\n\tat org.openqa.selenium.By$ByXPath.findElement(By.java:353)\n\tat org.openqa.selenium.remote.RemoteWebDriver.findElement(RemoteWebDriver.java:315)\n\tat org.openqa.selenium.support.pagefactory.DefaultElementLocator.findElement(DefaultElementLocator.java:69)\n\tat org.openqa.selenium.support.pagefactory.internal.LocatingElementHandler.invoke(LocatingElementHandler.java:38)\n\tat com.sun.proxy.$Proxy19.isEnabled(Unknown Source)\n\tat org.example.core.WebApi.isControlEnabled(WebApi.java:206)\n\tat org.example.pagesobject.NavigationPage.verifyNextButtonIsDisable(NavigationPage.java:212)\n\tat tests.SpaceTests.verify_dialog_when_click_to_new_space(SpaceTests.java:54)\n\tat sun.reflect.NativeMethodAccessorImpl.invoke0(Native Method)\n\tat sun.reflect.NativeMethodAccessorImpl.invoke(NativeMethodAccessorImpl.java:62)\n\tat sun.reflect.DelegatingMethodAccessorImpl.invoke(DelegatingMethodAccessorImpl.java:43)\n\tat java.lang.reflect.Method.invoke(Method.java:498)\n\tat org.testng.internal.MethodInvocationHelper.invokeMethod(MethodInvocationHelper.java:134)\n\tat org.testng.internal.TestInvoker.invokeMethod(TestInvoker.java:597)\n\tat org.testng.internal.TestInvoker.invokeTestMethod(TestInvoker.java:173)\n\tat org.testng.internal.MethodRunner.runInSequence(MethodRunner.java:46)\n\tat org.testng.internal.TestInvoker$MethodInvocationAgent.invoke(TestInvoker.java:816)\n\tat org.testng.internal.TestInvoker.invokeTestMethods(TestInvoker.java:146)\n\tat org.testng.internal.TestMethodWorker.invokeTestMethods(TestMethodWorker.java:146)\n\tat org.testng.internal.TestMethodWorker.run(TestMethodWorker.java:128)\n\tat java.util.concurrent.ThreadPoolExecutor.runWorker(ThreadPoolExecutor.java:1149)\n\tat java.util.concurrent.ThreadPoolExecutor$Worker.run(ThreadPoolExecutor.java:624)\n\tat java.lang.Thread.run(Thread.java:750)\n","steps":[],"attachments":[],"parameters":[],"stepsCount":0,"attachmentsCount":0,"shouldDisplayMessage":true,"hasContent":true}],"attachments":[{"uid":"820f9980a0c1ec58","name":"Failure Screenshot","source":"820f9980a0c1ec58.png","type":"image/png","size":93045}],"parameters":[],"stepsCount":3,"attachmentsCount":1,"shouldDisplayMessage":false,"hasContent":true},"afterStages":[{"name":"cleanData","time":{"start":1681462095325,"stop":1681462095644,"duration":319},"description":"","status":"passed","steps":[{"name":"Delete space by space id","time":{"start":1681462095325,"stop":1681462095643,"duration":318},"status":"passed","steps":[],"attachments":[{"uid":"58b1f8b4288c9f70","name":"Request","source":"58b1f8b4288c9f70.html","type":"text/html","size":417},{"uid":"bd50aa965e15f5b","name":"HTTP/1.1 200 OK","source":"bd50aa965e15f5b.html","type":"text/html","size":1257}],"parameters":[{"name":"spaceId","value":"90100219406"}],"stepsCount":0,"attachmentsCount":2,"shouldDisplayMessage":false,"hasContent":true}],"attachments":[],"parameters":[],"stepsCount":1,"attachmentsCount":2,"shouldDisplayMessage":false,"hasContent":true},{"name":"afterMethod","time":{"start":1681462095644,"stop":1681462095701,"duration":57},"description":"","status":"passed","steps":[],"attachments":[],"parameters":[],"stepsCount":0,"attachmentsCount":0,"shouldDisplayMessage":false,"hasContent":false}],"labels":[{"name":"package","value":"tests.SpaceTests"},{"name":"testClass","value":"tests.SpaceTests"},{"name":"testMethod","value":"verify_dialog_when_click_to_new_space"},{"name":"parentSuite","value":"Setel Regression Suite"},{"name":"suite","value":"Setel Admin test on chrome"},{"name":"subSuite","value":"tests.SpaceTests"},{"name":"host","value":"fv-az338-349"},{"name":"thread","value":"2457@fv-az338-349.TestNG-test=Setel Admin test on chrome-1(11)"},{"name":"framework","value":"testng"},{"name":"language","value":"java"},{"name":"resultFormat","value":"allure2"}],"parameters":[],"links":[],"hidden":false,"retry":false,"extra":{"severity":"normal","retries":[],"categories":[{"name":"Test defects","matchedStatuses":[],"flaky":false}],"tags":[]},"source":"4769b56664fe7149.json","parameterValues":[]}