{"uid":"5d1e7530653723e5","name":"verify that search feature works well","fullName":"tests.SearchTests.verify_search_feature_works_well","historyId":"8438e59447c9e714048093201085c5d4","time":{"start":1681462002083,"stop":1681462015281,"duration":13198},"status":"broken","statusMessage":"element click intercepted: Element <input data-test=\"command-bar__input\" class=\"Input-root-ed8Lu\" placeholder=\"Search or run a command…\" tabindex=\"0\" type=\"text\" spellcheck=\"false\" autocomplete=\"off\" autocapitalize=\"none\" autocorrect=\"off\" value=\"do not edit\" style=\"width: 184px;\"> is not clickable at point (618, 169). Other element would receive the click: <div data-test=\"modal__background\" class=\"cu-modal__inner ng-tns-c85-31 ng-trigger ng-trigger-createTaskModalState\">...</div>\n  (Session info: headless chrome=112.0.5615.49)\nBuild info: version: '3.141.59', revision: 'e82be7d358', time: '2018-11-14T08:17:03'\nSystem info: host: 'fv-az338-349', ip: '10.1.230.1', os.name: 'Linux', os.arch: 'amd64', os.version: '5.15.0-1035-azure', java.version: '1.8.0_362'\nDriver info: org.openqa.selenium.chrome.ChromeDriver\nCapabilities {acceptInsecureCerts: false, browserName: chrome, browserVersion: 112.0.5615.49, chrome: {chromedriverVersion: 112.0.5615.49 (bd2a7bcb881c..., userDataDir: /tmp/.com.google.Chrome.Mg9Kgq}, goog:chromeOptions: {debuggerAddress: localhost:35287}, javascriptEnabled: true, networkConnectionEnabled: false, pageLoadStrategy: normal, platform: LINUX, platformName: LINUX, proxy: Proxy(), setWindowRect: true, strictFileInteractability: false, timeouts: {implicit: 0, pageLoad: 300000, script: 30000}, unhandledPromptBehavior: dismiss and notify, webauthn:extension:credBlob: true, webauthn:extension:largeBlob: true, webauthn:extension:minPinLength: true, webauthn:extension:prf: true, webauthn:virtualAuthenticators: true}\nSession ID: 085cf33dc2020d1741e5d6d9960ba5b5","statusTrace":"org.openqa.selenium.ElementClickInterceptedException: element click intercepted: Element <input data-test=\"command-bar__input\" class=\"Input-root-ed8Lu\" placeholder=\"Search or run a command…\" tabindex=\"0\" type=\"text\" spellcheck=\"false\" autocomplete=\"off\" autocapitalize=\"none\" autocorrect=\"off\" value=\"do not edit\" style=\"width: 184px;\"> is not clickable at point (618, 169). Other element would receive the click: <div data-test=\"modal__background\" class=\"cu-modal__inner ng-tns-c85-31 ng-trigger ng-trigger-createTaskModalState\">...</div>\n  (Session info: headless chrome=112.0.5615.49)\nBuild info: version: '3.141.59', revision: 'e82be7d358', time: '2018-11-14T08:17:03'\nSystem info: host: 'fv-az338-349', ip: '10.1.230.1', os.name: 'Linux', os.arch: 'amd64', os.version: '5.15.0-1035-azure', java.version: '1.8.0_362'\nDriver info: org.openqa.selenium.chrome.ChromeDriver\nCapabilities {acceptInsecureCerts: false, browserName: chrome, browserVersion: 112.0.5615.49, chrome: {chromedriverVersion: 112.0.5615.49 (bd2a7bcb881c..., userDataDir: /tmp/.com.google.Chrome.Mg9Kgq}, goog:chromeOptions: {debuggerAddress: localhost:35287}, javascriptEnabled: true, networkConnectionEnabled: false, pageLoadStrategy: normal, platform: LINUX, platformName: LINUX, proxy: Proxy(), setWindowRect: true, strictFileInteractability: false, timeouts: {implicit: 0, pageLoad: 300000, script: 30000}, unhandledPromptBehavior: dismiss and notify, webauthn:extension:credBlob: true, webauthn:extension:largeBlob: true, webauthn:extension:minPinLength: true, webauthn:extension:prf: true, webauthn:virtualAuthenticators: true}\nSession ID: 085cf33dc2020d1741e5d6d9960ba5b5\n\tat sun.reflect.NativeConstructorAccessorImpl.newInstance0(Native Method)\n\tat sun.reflect.NativeConstructorAccessorImpl.newInstance(NativeConstructorAccessorImpl.java:62)\n\tat sun.reflect.DelegatingConstructorAccessorImpl.newInstance(DelegatingConstructorAccessorImpl.java:45)\n\tat java.lang.reflect.Constructor.newInstance(Constructor.java:423)\n\tat org.openqa.selenium.remote.http.W3CHttpResponseCodec.createException(W3CHttpResponseCodec.java:187)\n\tat org.openqa.selenium.remote.http.W3CHttpResponseCodec.decode(W3CHttpResponseCodec.java:122)\n\tat org.openqa.selenium.remote.http.W3CHttpResponseCodec.decode(W3CHttpResponseCodec.java:49)\n\tat org.openqa.selenium.remote.HttpCommandExecutor.execute(HttpCommandExecutor.java:158)\n\tat org.openqa.selenium.remote.service.DriverCommandExecutor.execute(DriverCommandExecutor.java:83)\n\tat org.openqa.selenium.remote.RemoteWebDriver.execute(RemoteWebDriver.java:552)\n\tat org.openqa.selenium.remote.RemoteWebElement.execute(RemoteWebElement.java:285)\n\tat org.openqa.selenium.remote.RemoteWebElement.click(RemoteWebElement.java:84)\n\tat sun.reflect.NativeMethodAccessorImpl.invoke0(Native Method)\n\tat sun.reflect.NativeMethodAccessorImpl.invoke(NativeMethodAccessorImpl.java:62)\n\tat sun.reflect.DelegatingMethodAccessorImpl.invoke(DelegatingMethodAccessorImpl.java:43)\n\tat java.lang.reflect.Method.invoke(Method.java:498)\n\tat org.openqa.selenium.support.pagefactory.internal.LocatingElementHandler.invoke(LocatingElementHandler.java:51)\n\tat com.sun.proxy.$Proxy19.click(Unknown Source)\n\tat org.example.core.WebApi.clickToElement(WebApi.java:139)\n\tat org.example.core.WebApi.selectAllWithKeys(WebApi.java:94)\n\tat org.example.core.WebApi.clearTextElementWithKeys(WebApi.java:161)\n\tat org.example.pagesobject.SearchPage.enterSearchValue(SearchPage.java:27)\n\tat tests.SearchTests.verify_search_feature_works_well(SearchTests.java:49)\n\tat sun.reflect.NativeMethodAccessorImpl.invoke0(Native Method)\n\tat sun.reflect.NativeMethodAccessorImpl.invoke(NativeMethodAccessorImpl.java:62)\n\tat sun.reflect.DelegatingMethodAccessorImpl.invoke(DelegatingMethodAccessorImpl.java:43)\n\tat java.lang.reflect.Method.invoke(Method.java:498)\n\tat org.testng.internal.MethodInvocationHelper.invokeMethod(MethodInvocationHelper.java:134)\n\tat org.testng.internal.TestInvoker.invokeMethod(TestInvoker.java:597)\n\tat org.testng.internal.TestInvoker.invokeTestMethod(TestInvoker.java:173)\n\tat org.testng.internal.MethodRunner.runInSequence(MethodRunner.java:46)\n\tat org.testng.internal.TestInvoker$MethodInvocationAgent.invoke(TestInvoker.java:816)\n\tat org.testng.internal.TestInvoker.invokeTestMethods(TestInvoker.java:146)\n\tat org.testng.internal.TestMethodWorker.invokeTestMethods(TestMethodWorker.java:146)\n\tat org.testng.internal.TestMethodWorker.run(TestMethodWorker.java:128)\n\tat java.util.concurrent.ThreadPoolExecutor.runWorker(ThreadPoolExecutor.java:1149)\n\tat java.util.concurrent.ThreadPoolExecutor$Worker.run(ThreadPoolExecutor.java:624)\n\tat java.lang.Thread.run(Thread.java:750)\n","flaky":false,"newFailed":false,"newBroken":false,"newPassed":false,"retriesCount":0,"retriesStatusChange":false,"beforeStages":[{"name":"beforeSuite","time":{"start":1681461903797,"stop":1681461903801,"duration":4},"description":"","status":"passed","steps":[],"attachments":[],"parameters":[],"stepsCount":0,"attachmentsCount":0,"shouldDisplayMessage":false,"hasContent":false},{"name":"beforeMethod","time":{"start":1681461998446,"stop":1681461998725,"duration":279},"description":"","status":"passed","steps":[],"attachments":[],"parameters":[],"stepsCount":0,"attachmentsCount":0,"shouldDisplayMessage":false,"hasContent":false},{"name":"login","time":{"start":1681461998725,"stop":1681462002081,"duration":3356},"description":"","status":"passed","steps":[{"name":"go to login page","time":{"start":1681461998726,"stop":1681462001608,"duration":2882},"status":"passed","steps":[],"attachments":[],"parameters":[],"stepsCount":0,"attachmentsCount":0,"shouldDisplayMessage":false,"hasContent":false},{"name":"Enter your email address","time":{"start":1681462001609,"stop":1681462001781,"duration":172},"status":"passed","steps":[],"attachments":[],"parameters":[{"name":"emailAddress","value":"ntruonggiangtb98@gmail.com"}],"stepsCount":0,"attachmentsCount":0,"shouldDisplayMessage":false,"hasContent":true},{"name":"Enter your password","time":{"start":1681462001781,"stop":1681462001919,"duration":138},"status":"passed","steps":[],"attachments":[],"parameters":[{"name":"password","value":"07071998Gg"}],"stepsCount":0,"attachmentsCount":0,"shouldDisplayMessage":false,"hasContent":true},{"name":"Click to submit button","time":{"start":1681462001919,"stop":1681462002081,"duration":162},"status":"passed","steps":[],"attachments":[],"parameters":[],"stepsCount":0,"attachmentsCount":0,"shouldDisplayMessage":false,"hasContent":false}],"attachments":[],"parameters":[],"stepsCount":4,"attachmentsCount":0,"shouldDisplayMessage":false,"hasContent":true}],"testStage":{"status":"broken","statusMessage":"element click intercepted: Element <input data-test=\"command-bar__input\" class=\"Input-root-ed8Lu\" placeholder=\"Search or run a command…\" tabindex=\"0\" type=\"text\" spellcheck=\"false\" autocomplete=\"off\" autocapitalize=\"none\" autocorrect=\"off\" value=\"do not edit\" style=\"width: 184px;\"> is not clickable at point (618, 169). Other element would receive the click: <div data-test=\"modal__background\" class=\"cu-modal__inner ng-tns-c85-31 ng-trigger ng-trigger-createTaskModalState\">...</div>\n  (Session info: headless chrome=112.0.5615.49)\nBuild info: version: '3.141.59', revision: 'e82be7d358', time: '2018-11-14T08:17:03'\nSystem info: host: 'fv-az338-349', ip: '10.1.230.1', os.name: 'Linux', os.arch: 'amd64', os.version: '5.15.0-1035-azure', java.version: '1.8.0_362'\nDriver info: org.openqa.selenium.chrome.ChromeDriver\nCapabilities {acceptInsecureCerts: false, browserName: chrome, browserVersion: 112.0.5615.49, chrome: {chromedriverVersion: 112.0.5615.49 (bd2a7bcb881c..., userDataDir: /tmp/.com.google.Chrome.Mg9Kgq}, goog:chromeOptions: {debuggerAddress: localhost:35287}, javascriptEnabled: true, networkConnectionEnabled: false, pageLoadStrategy: normal, platform: LINUX, platformName: LINUX, proxy: Proxy(), setWindowRect: true, strictFileInteractability: false, timeouts: {implicit: 0, pageLoad: 300000, script: 30000}, unhandledPromptBehavior: dismiss and notify, webauthn:extension:credBlob: true, webauthn:extension:largeBlob: true, webauthn:extension:minPinLength: true, webauthn:extension:prf: true, webauthn:virtualAuthenticators: true}\nSession ID: 085cf33dc2020d1741e5d6d9960ba5b5","statusTrace":"org.openqa.selenium.ElementClickInterceptedException: element click intercepted: Element <input data-test=\"command-bar__input\" class=\"Input-root-ed8Lu\" placeholder=\"Search or run a command…\" tabindex=\"0\" type=\"text\" spellcheck=\"false\" autocomplete=\"off\" autocapitalize=\"none\" autocorrect=\"off\" value=\"do not edit\" style=\"width: 184px;\"> is not clickable at point (618, 169). Other element would receive the click: <div data-test=\"modal__background\" class=\"cu-modal__inner ng-tns-c85-31 ng-trigger ng-trigger-createTaskModalState\">...</div>\n  (Session info: headless chrome=112.0.5615.49)\nBuild info: version: '3.141.59', revision: 'e82be7d358', time: '2018-11-14T08:17:03'\nSystem info: host: 'fv-az338-349', ip: '10.1.230.1', os.name: 'Linux', os.arch: 'amd64', os.version: '5.15.0-1035-azure', java.version: '1.8.0_362'\nDriver info: org.openqa.selenium.chrome.ChromeDriver\nCapabilities {acceptInsecureCerts: false, browserName: chrome, browserVersion: 112.0.5615.49, chrome: {chromedriverVersion: 112.0.5615.49 (bd2a7bcb881c..., userDataDir: /tmp/.com.google.Chrome.Mg9Kgq}, goog:chromeOptions: {debuggerAddress: localhost:35287}, javascriptEnabled: true, networkConnectionEnabled: false, pageLoadStrategy: normal, platform: LINUX, platformName: LINUX, proxy: Proxy(), setWindowRect: true, strictFileInteractability: false, timeouts: {implicit: 0, pageLoad: 300000, script: 30000}, unhandledPromptBehavior: dismiss and notify, webauthn:extension:credBlob: true, webauthn:extension:largeBlob: true, webauthn:extension:minPinLength: true, webauthn:extension:prf: true, webauthn:virtualAuthenticators: true}\nSession ID: 085cf33dc2020d1741e5d6d9960ba5b5\n\tat sun.reflect.NativeConstructorAccessorImpl.newInstance0(Native Method)\n\tat sun.reflect.NativeConstructorAccessorImpl.newInstance(NativeConstructorAccessorImpl.java:62)\n\tat sun.reflect.DelegatingConstructorAccessorImpl.newInstance(DelegatingConstructorAccessorImpl.java:45)\n\tat java.lang.reflect.Constructor.newInstance(Constructor.java:423)\n\tat org.openqa.selenium.remote.http.W3CHttpResponseCodec.createException(W3CHttpResponseCodec.java:187)\n\tat org.openqa.selenium.remote.http.W3CHttpResponseCodec.decode(W3CHttpResponseCodec.java:122)\n\tat org.openqa.selenium.remote.http.W3CHttpResponseCodec.decode(W3CHttpResponseCodec.java:49)\n\tat org.openqa.selenium.remote.HttpCommandExecutor.execute(HttpCommandExecutor.java:158)\n\tat org.openqa.selenium.remote.service.DriverCommandExecutor.execute(DriverCommandExecutor.java:83)\n\tat org.openqa.selenium.remote.RemoteWebDriver.execute(RemoteWebDriver.java:552)\n\tat org.openqa.selenium.remote.RemoteWebElement.execute(RemoteWebElement.java:285)\n\tat org.openqa.selenium.remote.RemoteWebElement.click(RemoteWebElement.java:84)\n\tat sun.reflect.NativeMethodAccessorImpl.invoke0(Native Method)\n\tat sun.reflect.NativeMethodAccessorImpl.invoke(NativeMethodAccessorImpl.java:62)\n\tat sun.reflect.DelegatingMethodAccessorImpl.invoke(DelegatingMethodAccessorImpl.java:43)\n\tat java.lang.reflect.Method.invoke(Method.java:498)\n\tat org.openqa.selenium.support.pagefactory.internal.LocatingElementHandler.invoke(LocatingElementHandler.java:51)\n\tat com.sun.proxy.$Proxy19.click(Unknown Source)\n\tat org.example.core.WebApi.clickToElement(WebApi.java:139)\n\tat org.example.core.WebApi.selectAllWithKeys(WebApi.java:94)\n\tat org.example.core.WebApi.clearTextElementWithKeys(WebApi.java:161)\n\tat org.example.pagesobject.SearchPage.enterSearchValue(SearchPage.java:27)\n\tat tests.SearchTests.verify_search_feature_works_well(SearchTests.java:49)\n\tat sun.reflect.NativeMethodAccessorImpl.invoke0(Native Method)\n\tat sun.reflect.NativeMethodAccessorImpl.invoke(NativeMethodAccessorImpl.java:62)\n\tat sun.reflect.DelegatingMethodAccessorImpl.invoke(DelegatingMethodAccessorImpl.java:43)\n\tat java.lang.reflect.Method.invoke(Method.java:498)\n\tat org.testng.internal.MethodInvocationHelper.invokeMethod(MethodInvocationHelper.java:134)\n\tat org.testng.internal.TestInvoker.invokeMethod(TestInvoker.java:597)\n\tat org.testng.internal.TestInvoker.invokeTestMethod(TestInvoker.java:173)\n\tat org.testng.internal.MethodRunner.runInSequence(MethodRunner.java:46)\n\tat org.testng.internal.TestInvoker$MethodInvocationAgent.invoke(TestInvoker.java:816)\n\tat org.testng.internal.TestInvoker.invokeTestMethods(TestInvoker.java:146)\n\tat org.testng.internal.TestMethodWorker.invokeTestMethods(TestMethodWorker.java:146)\n\tat org.testng.internal.TestMethodWorker.run(TestMethodWorker.java:128)\n\tat java.util.concurrent.ThreadPoolExecutor.runWorker(ThreadPoolExecutor.java:1149)\n\tat java.util.concurrent.ThreadPoolExecutor$Worker.run(ThreadPoolExecutor.java:624)\n\tat java.lang.Thread.run(Thread.java:750)\n","steps":[{"name":"click to search field","time":{"start":1681462002100,"stop":1681462007605,"duration":5505},"status":"passed","steps":[],"attachments":[],"parameters":[],"stepsCount":0,"attachmentsCount":0,"shouldDisplayMessage":false,"hasContent":false},{"name":"enter search value","time":{"start":1681462007606,"stop":1681462008603,"duration":997},"status":"passed","steps":[],"attachments":[],"parameters":[{"name":"value","value":"do not edit"}],"stepsCount":0,"attachmentsCount":0,"shouldDisplayMessage":false,"hasContent":true},{"name":"get all results","time":{"start":1681462008603,"stop":1681462013996,"duration":5393},"status":"passed","steps":[],"attachments":[],"parameters":[],"stepsCount":0,"attachmentsCount":0,"shouldDisplayMessage":false,"hasContent":false},{"name":"verify that results include keyword","time":{"start":1681462013996,"stop":1681462013997,"duration":1},"status":"passed","steps":[],"attachments":[],"parameters":[{"name":"searchResults","value":"[SearchResults(title=do not edit, subTitle=Space), SearchResults(title=folder do not edit, subTitle=Folder), SearchResults(title=my task fixed, subTitle=List), SearchResults(title=document, subTitle=•), SearchResults(title=task, subTitle=•)]"},{"name":"keyWord","value":"do not edit"},{"name":"subTitle","value":"Space"}],"stepsCount":0,"attachmentsCount":0,"shouldDisplayMessage":false,"hasContent":true},{"name":"enter search value","time":{"start":1681462013997,"stop":1681462015095,"duration":1098},"status":"broken","statusMessage":"element click intercepted: Element <input data-test=\"command-bar__input\" class=\"Input-root-ed8Lu\" placeholder=\"Search or run a command…\" tabindex=\"0\" type=\"text\" spellcheck=\"false\" autocomplete=\"off\" autocapitalize=\"none\" autocorrect=\"off\" value=\"do not edit\" style=\"width: 184px;\"> is not clickable at point (618, 169). Other element would receive the click: <div data-test=\"modal__background\" class=\"cu-modal__inner ng-tns-c85-31 ng-trigger ng-trigger-createTaskModalState\">...</div>\n  (Session info: headless chrome=112.0.5615.49)\nBuild info: version: '3.141.59', revision: 'e82be7d358', time: '2018-11-14T08:17:03'\nSystem info: host: 'fv-az338-349', ip: '10.1.230.1', os.name: 'Linux', os.arch: 'amd64', os.version: '5.15.0-1035-azure', java.version: '1.8.0_362'\nDriver info: org.openqa.selenium.chrome.ChromeDriver\nCapabilities {acceptInsecureCerts: false, browserName: chrome, browserVersion: 112.0.5615.49, chrome: {chromedriverVersion: 112.0.5615.49 (bd2a7bcb881c..., userDataDir: /tmp/.com.google.Chrome.Mg9Kgq}, goog:chromeOptions: {debuggerAddress: localhost:35287}, javascriptEnabled: true, networkConnectionEnabled: false, pageLoadStrategy: normal, platform: LINUX, platformName: LINUX, proxy: Proxy(), setWindowRect: true, strictFileInteractability: false, timeouts: {implicit: 0, pageLoad: 300000, script: 30000}, unhandledPromptBehavior: dismiss and notify, webauthn:extension:credBlob: true, webauthn:extension:largeBlob: true, webauthn:extension:minPinLength: true, webauthn:extension:prf: true, webauthn:virtualAuthenticators: true}\nSession ID: 085cf33dc2020d1741e5d6d9960ba5b5","statusTrace":"org.openqa.selenium.ElementClickInterceptedException: element click intercepted: Element <input data-test=\"command-bar__input\" class=\"Input-root-ed8Lu\" placeholder=\"Search or run a command…\" tabindex=\"0\" type=\"text\" spellcheck=\"false\" autocomplete=\"off\" autocapitalize=\"none\" autocorrect=\"off\" value=\"do not edit\" style=\"width: 184px;\"> is not clickable at point (618, 169). Other element would receive the click: <div data-test=\"modal__background\" class=\"cu-modal__inner ng-tns-c85-31 ng-trigger ng-trigger-createTaskModalState\">...</div>\n  (Session info: headless chrome=112.0.5615.49)\nBuild info: version: '3.141.59', revision: 'e82be7d358', time: '2018-11-14T08:17:03'\nSystem info: host: 'fv-az338-349', ip: '10.1.230.1', os.name: 'Linux', os.arch: 'amd64', os.version: '5.15.0-1035-azure', java.version: '1.8.0_362'\nDriver info: org.openqa.selenium.chrome.ChromeDriver\nCapabilities {acceptInsecureCerts: false, browserName: chrome, browserVersion: 112.0.5615.49, chrome: {chromedriverVersion: 112.0.5615.49 (bd2a7bcb881c..., userDataDir: /tmp/.com.google.Chrome.Mg9Kgq}, goog:chromeOptions: {debuggerAddress: localhost:35287}, javascriptEnabled: true, networkConnectionEnabled: false, pageLoadStrategy: normal, platform: LINUX, platformName: LINUX, proxy: Proxy(), setWindowRect: true, strictFileInteractability: false, timeouts: {implicit: 0, pageLoad: 300000, script: 30000}, unhandledPromptBehavior: dismiss and notify, webauthn:extension:credBlob: true, webauthn:extension:largeBlob: true, webauthn:extension:minPinLength: true, webauthn:extension:prf: true, webauthn:virtualAuthenticators: true}\nSession ID: 085cf33dc2020d1741e5d6d9960ba5b5\n\tat sun.reflect.NativeConstructorAccessorImpl.newInstance0(Native Method)\n\tat sun.reflect.NativeConstructorAccessorImpl.newInstance(NativeConstructorAccessorImpl.java:62)\n\tat sun.reflect.DelegatingConstructorAccessorImpl.newInstance(DelegatingConstructorAccessorImpl.java:45)\n\tat java.lang.reflect.Constructor.newInstance(Constructor.java:423)\n\tat org.openqa.selenium.remote.http.W3CHttpResponseCodec.createException(W3CHttpResponseCodec.java:187)\n\tat org.openqa.selenium.remote.http.W3CHttpResponseCodec.decode(W3CHttpResponseCodec.java:122)\n\tat org.openqa.selenium.remote.http.W3CHttpResponseCodec.decode(W3CHttpResponseCodec.java:49)\n\tat org.openqa.selenium.remote.HttpCommandExecutor.execute(HttpCommandExecutor.java:158)\n\tat org.openqa.selenium.remote.service.DriverCommandExecutor.execute(DriverCommandExecutor.java:83)\n\tat org.openqa.selenium.remote.RemoteWebDriver.execute(RemoteWebDriver.java:552)\n\tat org.openqa.selenium.remote.RemoteWebElement.execute(RemoteWebElement.java:285)\n\tat org.openqa.selenium.remote.RemoteWebElement.click(RemoteWebElement.java:84)\n\tat sun.reflect.NativeMethodAccessorImpl.invoke0(Native Method)\n\tat sun.reflect.NativeMethodAccessorImpl.invoke(NativeMethodAccessorImpl.java:62)\n\tat sun.reflect.DelegatingMethodAccessorImpl.invoke(DelegatingMethodAccessorImpl.java:43)\n\tat java.lang.reflect.Method.invoke(Method.java:498)\n\tat org.openqa.selenium.support.pagefactory.internal.LocatingElementHandler.invoke(LocatingElementHandler.java:51)\n\tat com.sun.proxy.$Proxy19.click(Unknown Source)\n\tat org.example.core.WebApi.clickToElement(WebApi.java:139)\n\tat org.example.core.WebApi.selectAllWithKeys(WebApi.java:94)\n\tat org.example.core.WebApi.clearTextElementWithKeys(WebApi.java:161)\n\tat org.example.pagesobject.SearchPage.enterSearchValue(SearchPage.java:27)\n\tat tests.SearchTests.verify_search_feature_works_well(SearchTests.java:49)\n\tat sun.reflect.NativeMethodAccessorImpl.invoke0(Native Method)\n\tat sun.reflect.NativeMethodAccessorImpl.invoke(NativeMethodAccessorImpl.java:62)\n\tat sun.reflect.DelegatingMethodAccessorImpl.invoke(DelegatingMethodAccessorImpl.java:43)\n\tat java.lang.reflect.Method.invoke(Method.java:498)\n\tat org.testng.internal.MethodInvocationHelper.invokeMethod(MethodInvocationHelper.java:134)\n\tat org.testng.internal.TestInvoker.invokeMethod(TestInvoker.java:597)\n\tat org.testng.internal.TestInvoker.invokeTestMethod(TestInvoker.java:173)\n\tat org.testng.internal.MethodRunner.runInSequence(MethodRunner.java:46)\n\tat org.testng.internal.TestInvoker$MethodInvocationAgent.invoke(TestInvoker.java:816)\n\tat org.testng.internal.TestInvoker.invokeTestMethods(TestInvoker.java:146)\n\tat org.testng.internal.TestMethodWorker.invokeTestMethods(TestMethodWorker.java:146)\n\tat org.testng.internal.TestMethodWorker.run(TestMethodWorker.java:128)\n\tat java.util.concurrent.ThreadPoolExecutor.runWorker(ThreadPoolExecutor.java:1149)\n\tat java.util.concurrent.ThreadPoolExecutor$Worker.run(ThreadPoolExecutor.java:624)\n\tat java.lang.Thread.run(Thread.java:750)\n","steps":[],"attachments":[],"parameters":[{"name":"value","value":"folder do not edit"}],"stepsCount":0,"attachmentsCount":0,"shouldDisplayMessage":true,"hasContent":true}],"attachments":[{"uid":"7922fc4412f28b19","name":"Failure Screenshot","source":"7922fc4412f28b19.png","type":"image/png","size":151683}],"parameters":[],"stepsCount":5,"attachmentsCount":1,"shouldDisplayMessage":false,"hasContent":true},"afterStages":[{"name":"afterMethod","time":{"start":1681462015283,"stop":1681462015349,"duration":66},"description":"","status":"passed","steps":[],"attachments":[],"parameters":[],"stepsCount":0,"attachmentsCount":0,"shouldDisplayMessage":false,"hasContent":false}],"labels":[{"name":"package","value":"tests.SearchTests"},{"name":"testClass","value":"tests.SearchTests"},{"name":"testMethod","value":"verify_search_feature_works_well"},{"name":"parentSuite","value":"Setel Regression Suite"},{"name":"suite","value":"Setel Admin test on chrome"},{"name":"subSuite","value":"tests.SearchTests"},{"name":"host","value":"fv-az338-349"},{"name":"thread","value":"2457@fv-az338-349.TestNG-test=Setel Admin test on chrome-1(11)"},{"name":"framework","value":"testng"},{"name":"language","value":"java"},{"name":"resultFormat","value":"allure2"}],"parameters":[],"links":[],"hidden":false,"retry":false,"extra":{"severity":"normal","retries":[],"categories":[{"name":"Test defects","matchedStatuses":[],"flaky":false}],"tags":[]},"source":"5d1e7530653723e5.json","parameterValues":[]}