{"uid":"5fc6faaea15f2c04","name":"verify create docs in folder works","fullName":"tests.FolderTests.verify_create_docs_in_folder_successfully","historyId":"500c6efe523dea20a77a53e8c3150174","time":{"start":1681047048958,"stop":1681047048960,"duration":2},"status":"skipped","statusMessage":"unknown error: Chrome failed to start: exited abnormally.\n  (unknown error: DevToolsActivePort file doesn't exist)\n  (The process started from chrome location /usr/bin/google-chrome is no longer running, so ChromeDriver is assuming that Chrome has crashed.)\nBuild info: version: '3.141.59', revision: 'e82be7d358', time: '2018-11-14T08:17:03'\nSystem info: host: 'fv-az168-311', ip: '10.1.0.36', os.name: 'Linux', os.arch: 'amd64', os.version: '5.15.0-1035-azure', java.version: '1.8.0_362'\nDriver info: driver.version: ChromeDriver\nremote stacktrace: #0 0x5581d6c18fe3 <unknown>\n#1 0x5581d6957d36 <unknown>\n#2 0x5581d6980b20 <unknown>\n#3 0x5581d697ca9b <unknown>\n#4 0x5581d69beaf7 <unknown>\n#5 0x5581d69be11f <unknown>\n#6 0x5581d69b5693 <unknown>\n#7 0x5581d698803a <unknown>\n#8 0x5581d698917e <unknown>\n#9 0x5581d6bdadbd <unknown>\n#10 0x5581d6bdec6c <unknown>\n#11 0x5581d6be84b0 <unknown>\n#12 0x5581d6bdfd63 <unknown>\n#13 0x5581d6bb2c35 <unknown>\n#14 0x5581d6c03138 <unknown>\n#15 0x5581d6c032c7 <unknown>\n#16 0x5581d6c11093 <unknown>\n#17 0x7f3011894b43 <unknown>\n","statusTrace":"org.openqa.selenium.WebDriverException: unknown error: Chrome failed to start: exited abnormally.\n  (unknown error: DevToolsActivePort file doesn't exist)\n  (The process started from chrome location /usr/bin/google-chrome is no longer running, so ChromeDriver is assuming that Chrome has crashed.)\nBuild info: version: '3.141.59', revision: 'e82be7d358', time: '2018-11-14T08:17:03'\nSystem info: host: 'fv-az168-311', ip: '10.1.0.36', os.name: 'Linux', os.arch: 'amd64', os.version: '5.15.0-1035-azure', java.version: '1.8.0_362'\nDriver info: driver.version: ChromeDriver\nremote stacktrace: #0 0x5581d6c18fe3 <unknown>\n#1 0x5581d6957d36 <unknown>\n#2 0x5581d6980b20 <unknown>\n#3 0x5581d697ca9b <unknown>\n#4 0x5581d69beaf7 <unknown>\n#5 0x5581d69be11f <unknown>\n#6 0x5581d69b5693 <unknown>\n#7 0x5581d698803a <unknown>\n#8 0x5581d698917e <unknown>\n#9 0x5581d6bdadbd <unknown>\n#10 0x5581d6bdec6c <unknown>\n#11 0x5581d6be84b0 <unknown>\n#12 0x5581d6bdfd63 <unknown>\n#13 0x5581d6bb2c35 <unknown>\n#14 0x5581d6c03138 <unknown>\n#15 0x5581d6c032c7 <unknown>\n#16 0x5581d6c11093 <unknown>\n#17 0x7f3011894b43 <unknown>\n\n\tat sun.reflect.NativeConstructorAccessorImpl.newInstance0(Native Method)\n\tat sun.reflect.NativeConstructorAccessorImpl.newInstance(NativeConstructorAccessorImpl.java:62)\n\tat sun.reflect.DelegatingConstructorAccessorImpl.newInstance(DelegatingConstructorAccessorImpl.java:45)\n\tat java.lang.reflect.Constructor.newInstance(Constructor.java:423)\n\tat org.openqa.selenium.remote.W3CHandshakeResponse.lambda$errorHandler$0(W3CHandshakeResponse.java:62)\n\tat org.openqa.selenium.remote.HandshakeResponse.lambda$getResponseFunction$0(HandshakeResponse.java:30)\n\tat org.openqa.selenium.remote.ProtocolHandshake.lambda$createSession$0(ProtocolHandshake.java:126)\n\tat java.util.stream.ReferencePipeline$3$1.accept(ReferencePipeline.java:193)\n\tat java.util.Spliterators$ArraySpliterator.tryAdvance(Spliterators.java:958)\n\tat java.util.stream.ReferencePipeline.forEachWithCancel(ReferencePipeline.java:126)\n\tat java.util.stream.AbstractPipeline.copyIntoWithCancel(AbstractPipeline.java:499)\n\tat java.util.stream.AbstractPipeline.copyInto(AbstractPipeline.java:486)\n\tat java.util.stream.AbstractPipeline.wrapAndCopyInto(AbstractPipeline.java:472)\n\tat java.util.stream.FindOps$FindOp.evaluateSequential(FindOps.java:152)\n\tat java.util.stream.AbstractPipeline.evaluate(AbstractPipeline.java:234)\n\tat java.util.stream.ReferencePipeline.findFirst(ReferencePipeline.java:531)\n\tat org.openqa.selenium.remote.ProtocolHandshake.createSession(ProtocolHandshake.java:128)\n\tat org.openqa.selenium.remote.ProtocolHandshake.createSession(ProtocolHandshake.java:74)\n\tat org.openqa.selenium.remote.HttpCommandExecutor.execute(HttpCommandExecutor.java:136)\n\tat org.openqa.selenium.remote.service.DriverCommandExecutor.execute(DriverCommandExecutor.java:83)\n\tat org.openqa.selenium.remote.RemoteWebDriver.execute(RemoteWebDriver.java:552)\n\tat org.openqa.selenium.remote.RemoteWebDriver.startSession(RemoteWebDriver.java:213)\n\tat org.openqa.selenium.remote.RemoteWebDriver.<init>(RemoteWebDriver.java:131)\n\tat org.openqa.selenium.chrome.ChromeDriver.<init>(ChromeDriver.java:181)\n\tat org.openqa.selenium.chrome.ChromeDriver.<init>(ChromeDriver.java:168)\n\tat org.openqa.selenium.chrome.ChromeDriver.<init>(ChromeDriver.java:157)\n\tat org.example.config.WebAppDriverManager.openMultiBrowser(WebAppDriverManager.java:28)\n\tat base.AbstractWebTest.beforeMethod(AbstractWebTest.java:18)\n\tat sun.reflect.NativeMethodAccessorImpl.invoke0(Native Method)\n\tat sun.reflect.NativeMethodAccessorImpl.invoke(NativeMethodAccessorImpl.java:62)\n\tat sun.reflect.DelegatingMethodAccessorImpl.invoke(DelegatingMethodAccessorImpl.java:43)\n\tat java.lang.reflect.Method.invoke(Method.java:498)\n\tat org.testng.internal.MethodInvocationHelper.invokeMethod(MethodInvocationHelper.java:134)\n\tat org.testng.internal.MethodInvocationHelper.invokeMethodConsideringTimeout(MethodInvocationHelper.java:63)\n\tat org.testng.internal.ConfigInvoker.invokeConfigurationMethod(ConfigInvoker.java:348)\n\tat org.testng.internal.ConfigInvoker.invokeConfigurations(ConfigInvoker.java:302)\n\tat org.testng.internal.TestInvoker.runConfigMethods(TestInvoker.java:695)\n\tat org.testng.internal.TestInvoker.invokeMethod(TestInvoker.java:523)\n\tat org.testng.internal.TestInvoker.invokeTestMethod(TestInvoker.java:173)\n\tat org.testng.internal.MethodRunner.runInSequence(MethodRunner.java:46)\n\tat org.testng.internal.TestInvoker$MethodInvocationAgent.invoke(TestInvoker.java:816)\n\tat org.testng.internal.TestInvoker.invokeTestMethods(TestInvoker.java:146)\n\tat org.testng.internal.TestMethodWorker.invokeTestMethods(TestMethodWorker.java:146)\n\tat org.testng.internal.TestMethodWorker.run(TestMethodWorker.java:128)\n\tat java.util.concurrent.ThreadPoolExecutor.runWorker(ThreadPoolExecutor.java:1149)\n\tat java.util.concurrent.ThreadPoolExecutor$Worker.run(ThreadPoolExecutor.java:624)\n\tat java.lang.Thread.run(Thread.java:750)\n","flaky":false,"newFailed":false,"newBroken":false,"newPassed":false,"retriesCount":0,"retriesStatusChange":false,"beforeStages":[{"name":"beforeSuite","time":{"start":1681047001578,"stop":1681047001584,"duration":6},"description":"","status":"passed","steps":[],"attachments":[],"parameters":[],"stepsCount":0,"attachmentsCount":0,"shouldDisplayMessage":false,"hasContent":false},{"name":"beforeMethod","time":{"start":1681047001636,"stop":1681047048938,"duration":47302},"description":"","status":"broken","statusMessage":"unknown error: Chrome failed to start: exited abnormally.\n  (unknown error: DevToolsActivePort file doesn't exist)\n  (The process started from chrome location /usr/bin/google-chrome is no longer running, so ChromeDriver is assuming that Chrome has crashed.)\nBuild info: version: '3.141.59', revision: 'e82be7d358', time: '2018-11-14T08:17:03'\nSystem info: host: 'fv-az168-311', ip: '10.1.0.36', os.name: 'Linux', os.arch: 'amd64', os.version: '5.15.0-1035-azure', java.version: '1.8.0_362'\nDriver info: driver.version: ChromeDriver\nremote stacktrace: #0 0x5581d6c18fe3 <unknown>\n#1 0x5581d6957d36 <unknown>\n#2 0x5581d6980b20 <unknown>\n#3 0x5581d697ca9b <unknown>\n#4 0x5581d69beaf7 <unknown>\n#5 0x5581d69be11f <unknown>\n#6 0x5581d69b5693 <unknown>\n#7 0x5581d698803a <unknown>\n#8 0x5581d698917e <unknown>\n#9 0x5581d6bdadbd <unknown>\n#10 0x5581d6bdec6c <unknown>\n#11 0x5581d6be84b0 <unknown>\n#12 0x5581d6bdfd63 <unknown>\n#13 0x5581d6bb2c35 <unknown>\n#14 0x5581d6c03138 <unknown>\n#15 0x5581d6c032c7 <unknown>\n#16 0x5581d6c11093 <unknown>\n#17 0x7f3011894b43 <unknown>\n","statusTrace":"org.openqa.selenium.WebDriverException: unknown error: Chrome failed to start: exited abnormally.\n  (unknown error: DevToolsActivePort file doesn't exist)\n  (The process started from chrome location /usr/bin/google-chrome is no longer running, so ChromeDriver is assuming that Chrome has crashed.)\nBuild info: version: '3.141.59', revision: 'e82be7d358', time: '2018-11-14T08:17:03'\nSystem info: host: 'fv-az168-311', ip: '10.1.0.36', os.name: 'Linux', os.arch: 'amd64', os.version: '5.15.0-1035-azure', java.version: '1.8.0_362'\nDriver info: driver.version: ChromeDriver\nremote stacktrace: #0 0x5581d6c18fe3 <unknown>\n#1 0x5581d6957d36 <unknown>\n#2 0x5581d6980b20 <unknown>\n#3 0x5581d697ca9b <unknown>\n#4 0x5581d69beaf7 <unknown>\n#5 0x5581d69be11f <unknown>\n#6 0x5581d69b5693 <unknown>\n#7 0x5581d698803a <unknown>\n#8 0x5581d698917e <unknown>\n#9 0x5581d6bdadbd <unknown>\n#10 0x5581d6bdec6c <unknown>\n#11 0x5581d6be84b0 <unknown>\n#12 0x5581d6bdfd63 <unknown>\n#13 0x5581d6bb2c35 <unknown>\n#14 0x5581d6c03138 <unknown>\n#15 0x5581d6c032c7 <unknown>\n#16 0x5581d6c11093 <unknown>\n#17 0x7f3011894b43 <unknown>\n\n\tat sun.reflect.NativeConstructorAccessorImpl.newInstance0(Native Method)\n\tat sun.reflect.NativeConstructorAccessorImpl.newInstance(NativeConstructorAccessorImpl.java:62)\n\tat sun.reflect.DelegatingConstructorAccessorImpl.newInstance(DelegatingConstructorAccessorImpl.java:45)\n\tat java.lang.reflect.Constructor.newInstance(Constructor.java:423)\n\tat org.openqa.selenium.remote.W3CHandshakeResponse.lambda$errorHandler$0(W3CHandshakeResponse.java:62)\n\tat org.openqa.selenium.remote.HandshakeResponse.lambda$getResponseFunction$0(HandshakeResponse.java:30)\n\tat org.openqa.selenium.remote.ProtocolHandshake.lambda$createSession$0(ProtocolHandshake.java:126)\n\tat java.util.stream.ReferencePipeline$3$1.accept(ReferencePipeline.java:193)\n\tat java.util.Spliterators$ArraySpliterator.tryAdvance(Spliterators.java:958)\n\tat java.util.stream.ReferencePipeline.forEachWithCancel(ReferencePipeline.java:126)\n\tat java.util.stream.AbstractPipeline.copyIntoWithCancel(AbstractPipeline.java:499)\n\tat java.util.stream.AbstractPipeline.copyInto(AbstractPipeline.java:486)\n\tat java.util.stream.AbstractPipeline.wrapAndCopyInto(AbstractPipeline.java:472)\n\tat java.util.stream.FindOps$FindOp.evaluateSequential(FindOps.java:152)\n\tat java.util.stream.AbstractPipeline.evaluate(AbstractPipeline.java:234)\n\tat java.util.stream.ReferencePipeline.findFirst(ReferencePipeline.java:531)\n\tat org.openqa.selenium.remote.ProtocolHandshake.createSession(ProtocolHandshake.java:128)\n\tat org.openqa.selenium.remote.ProtocolHandshake.createSession(ProtocolHandshake.java:74)\n\tat org.openqa.selenium.remote.HttpCommandExecutor.execute(HttpCommandExecutor.java:136)\n\tat org.openqa.selenium.remote.service.DriverCommandExecutor.execute(DriverCommandExecutor.java:83)\n\tat org.openqa.selenium.remote.RemoteWebDriver.execute(RemoteWebDriver.java:552)\n\tat org.openqa.selenium.remote.RemoteWebDriver.startSession(RemoteWebDriver.java:213)\n\tat org.openqa.selenium.remote.RemoteWebDriver.<init>(RemoteWebDriver.java:131)\n\tat org.openqa.selenium.chrome.ChromeDriver.<init>(ChromeDriver.java:181)\n\tat org.openqa.selenium.chrome.ChromeDriver.<init>(ChromeDriver.java:168)\n\tat org.openqa.selenium.chrome.ChromeDriver.<init>(ChromeDriver.java:157)\n\tat org.example.config.WebAppDriverManager.openMultiBrowser(WebAppDriverManager.java:28)\n\tat base.AbstractWebTest.beforeMethod(AbstractWebTest.java:18)\n\tat sun.reflect.NativeMethodAccessorImpl.invoke0(Native Method)\n\tat sun.reflect.NativeMethodAccessorImpl.invoke(NativeMethodAccessorImpl.java:62)\n\tat sun.reflect.DelegatingMethodAccessorImpl.invoke(DelegatingMethodAccessorImpl.java:43)\n\tat java.lang.reflect.Method.invoke(Method.java:498)\n\tat org.testng.internal.MethodInvocationHelper.invokeMethod(MethodInvocationHelper.java:134)\n\tat org.testng.internal.MethodInvocationHelper.invokeMethodConsideringTimeout(MethodInvocationHelper.java:63)\n\tat org.testng.internal.ConfigInvoker.invokeConfigurationMethod(ConfigInvoker.java:348)\n\tat org.testng.internal.ConfigInvoker.invokeConfigurations(ConfigInvoker.java:302)\n\tat org.testng.internal.TestInvoker.runConfigMethods(TestInvoker.java:695)\n\tat org.testng.internal.TestInvoker.invokeMethod(TestInvoker.java:523)\n\tat org.testng.internal.TestInvoker.invokeTestMethod(TestInvoker.java:173)\n\tat org.testng.internal.MethodRunner.runInSequence(MethodRunner.java:46)\n\tat org.testng.internal.TestInvoker$MethodInvocationAgent.invoke(TestInvoker.java:816)\n\tat org.testng.internal.TestInvoker.invokeTestMethods(TestInvoker.java:146)\n\tat org.testng.internal.TestMethodWorker.invokeTestMethods(TestMethodWorker.java:146)\n\tat org.testng.internal.TestMethodWorker.run(TestMethodWorker.java:128)\n\tat java.util.concurrent.ThreadPoolExecutor.runWorker(ThreadPoolExecutor.java:1149)\n\tat java.util.concurrent.ThreadPoolExecutor$Worker.run(ThreadPoolExecutor.java:624)\n\tat java.lang.Thread.run(Thread.java:750)\n","steps":[],"attachments":[],"parameters":[],"stepsCount":0,"attachmentsCount":0,"shouldDisplayMessage":true,"hasContent":true},{"name":"login","time":{"start":1681047048956,"stop":1681047048956,"duration":0},"description":"","status":"broken","steps":[],"attachments":[],"parameters":[],"stepsCount":0,"attachmentsCount":0,"shouldDisplayMessage":false,"hasContent":false}],"afterStages":[{"name":"cleanData","time":{"start":1681047048963,"stop":1681047048964,"duration":1},"description":"","status":"broken","statusMessage":"java.lang.NullPointerException","statusTrace":"java.lang.NullPointerException\n\tat tests.FolderTests.cleanData(FolderTests.java:122)\n\tat sun.reflect.NativeMethodAccessorImpl.invoke0(Native Method)\n\tat sun.reflect.NativeMethodAccessorImpl.invoke(NativeMethodAccessorImpl.java:62)\n\tat sun.reflect.DelegatingMethodAccessorImpl.invoke(DelegatingMethodAccessorImpl.java:43)\n\tat java.lang.reflect.Method.invoke(Method.java:498)\n\tat org.testng.internal.MethodInvocationHelper.invokeMethod(MethodInvocationHelper.java:134)\n\tat org.testng.internal.MethodInvocationHelper.invokeMethodConsideringTimeout(MethodInvocationHelper.java:63)\n\tat org.testng.internal.ConfigInvoker.invokeConfigurationMethod(ConfigInvoker.java:348)\n\tat org.testng.internal.ConfigInvoker.invokeConfigurations(ConfigInvoker.java:302)\n\tat org.testng.internal.TestInvoker.runConfigMethods(TestInvoker.java:695)\n\tat org.testng.internal.TestInvoker.runAfterGroupsConfigurations(TestInvoker.java:671)\n\tat org.testng.internal.TestInvoker.invokeMethod(TestInvoker.java:543)\n\tat org.testng.internal.TestInvoker.invokeTestMethod(TestInvoker.java:173)\n\tat org.testng.internal.MethodRunner.runInSequence(MethodRunner.java:46)\n\tat org.testng.internal.TestInvoker$MethodInvocationAgent.invoke(TestInvoker.java:816)\n\tat org.testng.internal.TestInvoker.invokeTestMethods(TestInvoker.java:146)\n\tat org.testng.internal.TestMethodWorker.invokeTestMethods(TestMethodWorker.java:146)\n\tat org.testng.internal.TestMethodWorker.run(TestMethodWorker.java:128)\n\tat java.util.concurrent.ThreadPoolExecutor.runWorker(ThreadPoolExecutor.java:1149)\n\tat java.util.concurrent.ThreadPoolExecutor$Worker.run(ThreadPoolExecutor.java:624)\n\tat java.lang.Thread.run(Thread.java:750)\n","steps":[],"attachments":[],"parameters":[],"stepsCount":0,"attachmentsCount":0,"shouldDisplayMessage":true,"hasContent":true},{"name":"afterMethod","time":{"start":1681047048970,"stop":1681047048972,"duration":2},"description":"","status":"broken","statusMessage":"java.lang.NullPointerException","statusTrace":"java.lang.NullPointerException\n\tat org.example.config.WebAppDriverManager.closeBrowser(WebAppDriverManager.java:52)\n\tat base.AbstractWebTest.afterMethod(AbstractWebTest.java:22)\n\tat sun.reflect.NativeMethodAccessorImpl.invoke0(Native Method)\n\tat sun.reflect.NativeMethodAccessorImpl.invoke(NativeMethodAccessorImpl.java:62)\n\tat sun.reflect.DelegatingMethodAccessorImpl.invoke(DelegatingMethodAccessorImpl.java:43)\n\tat java.lang.reflect.Method.invoke(Method.java:498)\n\tat org.testng.internal.MethodInvocationHelper.invokeMethod(MethodInvocationHelper.java:134)\n\tat org.testng.internal.MethodInvocationHelper.invokeMethodConsideringTimeout(MethodInvocationHelper.java:63)\n\tat org.testng.internal.ConfigInvoker.invokeConfigurationMethod(ConfigInvoker.java:348)\n\tat org.testng.internal.ConfigInvoker.invokeConfigurations(ConfigInvoker.java:302)\n\tat org.testng.internal.TestInvoker.runConfigMethods(TestInvoker.java:695)\n\tat org.testng.internal.TestInvoker.runAfterGroupsConfigurations(TestInvoker.java:671)\n\tat org.testng.internal.TestInvoker.invokeMethod(TestInvoker.java:543)\n\tat org.testng.internal.TestInvoker.invokeTestMethod(TestInvoker.java:173)\n\tat org.testng.internal.MethodRunner.runInSequence(MethodRunner.java:46)\n\tat org.testng.internal.TestInvoker$MethodInvocationAgent.invoke(TestInvoker.java:816)\n\tat org.testng.internal.TestInvoker.invokeTestMethods(TestInvoker.java:146)\n\tat org.testng.internal.TestMethodWorker.invokeTestMethods(TestMethodWorker.java:146)\n\tat org.testng.internal.TestMethodWorker.run(TestMethodWorker.java:128)\n\tat java.util.concurrent.ThreadPoolExecutor.runWorker(ThreadPoolExecutor.java:1149)\n\tat java.util.concurrent.ThreadPoolExecutor$Worker.run(ThreadPoolExecutor.java:624)\n\tat java.lang.Thread.run(Thread.java:750)\n","steps":[],"attachments":[],"parameters":[],"stepsCount":0,"attachmentsCount":0,"shouldDisplayMessage":true,"hasContent":true}],"labels":[{"name":"package","value":"tests.FolderTests"},{"name":"testClass","value":"tests.FolderTests"},{"name":"testMethod","value":"verify_create_docs_in_folder_successfully"},{"name":"parentSuite","value":"Setel Regression Suite"},{"name":"suite","value":"Setel Admin test on chrome"},{"name":"subSuite","value":"tests.FolderTests"},{"name":"host","value":"fv-az168-311"},{"name":"thread","value":"2541@fv-az168-311.TestNG-test=Setel Admin test on chrome-2(12)"},{"name":"framework","value":"testng"},{"name":"language","value":"java"},{"name":"resultFormat","value":"allure2"}],"parameters":[],"links":[],"hidden":false,"retry":false,"extra":{"severity":"normal","retries":[],"categories":[],"tags":[]},"source":"5fc6faaea15f2c04.json","parameterValues":[]}