{"uid":"39957721f7769bae","name":"verify dialog when click to new space","fullName":"tests.SpaceTests.verify_dialog_when_click_to_new_space","historyId":"d34f8fa81467fb002a6e3482322efa81","time":{"start":1687276459269,"stop":1687276467877,"duration":8608},"status":"broken","statusMessage":"element click intercepted: Element <div data-test=\"project-list-bar__new-toggle\" data-pendo=\"create-new-space-button\" class=\"cu2-project-list-bar__new-toggle ng-tns-c689-14\">...</div> is not clickable at point (148, 323). Other element would receive the click: <div data-test=\"modal__background\" class=\"cu-modal__inner ng-tns-c21-26 ng-trigger ng-trigger-createTaskModalState\">...</div>\n  (Session info: headless chrome=114.0.5735.106)\nBuild info: version: '3.141.59', revision: 'e82be7d358', time: '2018-11-14T08:17:03'\nSystem info: host: 'fv-az587-32', ip: '10.1.1.24', os.name: 'Linux', os.arch: 'amd64', os.version: '5.15.0-1039-azure', java.version: '1.8.0_372'\nDriver info: org.openqa.selenium.chrome.ChromeDriver\nCapabilities {acceptInsecureCerts: false, browserName: chrome, browserVersion: 114.0.5735.106, chrome: {chromedriverVersion: 114.0.5735.90 (386bc09e8f4f..., userDataDir: /tmp/.com.google.Chrome.dsZRAB}, goog:chromeOptions: {debuggerAddress: localhost:42523}, javascriptEnabled: true, networkConnectionEnabled: false, pageLoadStrategy: normal, platform: LINUX, platformName: LINUX, proxy: Proxy(), setWindowRect: true, strictFileInteractability: false, timeouts: {implicit: 0, pageLoad: 300000, script: 30000}, unhandledPromptBehavior: dismiss and notify, webauthn:extension:credBlob: true, webauthn:extension:largeBlob: true, webauthn:extension:minPinLength: true, webauthn:extension:prf: true, webauthn:virtualAuthenticators: true}\nSession ID: 72a1f60ff21ce5c6717cf3b920354191","statusTrace":"org.openqa.selenium.ElementClickInterceptedException: element click intercepted: Element <div data-test=\"project-list-bar__new-toggle\" data-pendo=\"create-new-space-button\" class=\"cu2-project-list-bar__new-toggle ng-tns-c689-14\">...</div> is not clickable at point (148, 323). Other element would receive the click: <div data-test=\"modal__background\" class=\"cu-modal__inner ng-tns-c21-26 ng-trigger ng-trigger-createTaskModalState\">...</div>\n  (Session info: headless chrome=114.0.5735.106)\nBuild info: version: '3.141.59', revision: 'e82be7d358', time: '2018-11-14T08:17:03'\nSystem info: host: 'fv-az587-32', ip: '10.1.1.24', os.name: 'Linux', os.arch: 'amd64', os.version: '5.15.0-1039-azure', java.version: '1.8.0_372'\nDriver info: org.openqa.selenium.chrome.ChromeDriver\nCapabilities {acceptInsecureCerts: false, browserName: chrome, browserVersion: 114.0.5735.106, chrome: {chromedriverVersion: 114.0.5735.90 (386bc09e8f4f..., userDataDir: /tmp/.com.google.Chrome.dsZRAB}, goog:chromeOptions: {debuggerAddress: localhost:42523}, javascriptEnabled: true, networkConnectionEnabled: false, pageLoadStrategy: normal, platform: LINUX, platformName: LINUX, proxy: Proxy(), setWindowRect: true, strictFileInteractability: false, timeouts: {implicit: 0, pageLoad: 300000, script: 30000}, unhandledPromptBehavior: dismiss and notify, webauthn:extension:credBlob: true, webauthn:extension:largeBlob: true, webauthn:extension:minPinLength: true, webauthn:extension:prf: true, webauthn:virtualAuthenticators: true}\nSession ID: 72a1f60ff21ce5c6717cf3b920354191\n\tat sun.reflect.NativeConstructorAccessorImpl.newInstance0(Native Method)\n\tat sun.reflect.NativeConstructorAccessorImpl.newInstance(NativeConstructorAccessorImpl.java:62)\n\tat sun.reflect.DelegatingConstructorAccessorImpl.newInstance(DelegatingConstructorAccessorImpl.java:45)\n\tat java.lang.reflect.Constructor.newInstance(Constructor.java:423)\n\tat org.openqa.selenium.remote.http.W3CHttpResponseCodec.createException(W3CHttpResponseCodec.java:187)\n\tat org.openqa.selenium.remote.http.W3CHttpResponseCodec.decode(W3CHttpResponseCodec.java:122)\n\tat org.openqa.selenium.remote.http.W3CHttpResponseCodec.decode(W3CHttpResponseCodec.java:49)\n\tat org.openqa.selenium.remote.HttpCommandExecutor.execute(HttpCommandExecutor.java:158)\n\tat org.openqa.selenium.remote.service.DriverCommandExecutor.execute(DriverCommandExecutor.java:83)\n\tat org.openqa.selenium.remote.RemoteWebDriver.execute(RemoteWebDriver.java:552)\n\tat org.openqa.selenium.remote.RemoteWebElement.execute(RemoteWebElement.java:285)\n\tat org.openqa.selenium.remote.RemoteWebElement.click(RemoteWebElement.java:84)\n\tat sun.reflect.NativeMethodAccessorImpl.invoke0(Native Method)\n\tat sun.reflect.NativeMethodAccessorImpl.invoke(NativeMethodAccessorImpl.java:62)\n\tat sun.reflect.DelegatingMethodAccessorImpl.invoke(DelegatingMethodAccessorImpl.java:43)\n\tat java.lang.reflect.Method.invoke(Method.java:498)\n\tat org.openqa.selenium.support.pagefactory.internal.LocatingElementHandler.invoke(LocatingElementHandler.java:51)\n\tat com.sun.proxy.$Proxy19.click(Unknown Source)\n\tat org.example.core.WebApi.clickToElement(WebApi.java:139)\n\tat org.example.pagesobject.NavigationPage.clickToNewSpaceBtn(NavigationPage.java:77)\n\tat tests.SpaceTests.verify_dialog_when_click_to_new_space(SpaceTests.java:52)\n\tat sun.reflect.NativeMethodAccessorImpl.invoke0(Native Method)\n\tat sun.reflect.NativeMethodAccessorImpl.invoke(NativeMethodAccessorImpl.java:62)\n\tat sun.reflect.DelegatingMethodAccessorImpl.invoke(DelegatingMethodAccessorImpl.java:43)\n\tat java.lang.reflect.Method.invoke(Method.java:498)\n\tat org.testng.internal.MethodInvocationHelper.invokeMethod(MethodInvocationHelper.java:134)\n\tat org.testng.internal.TestInvoker.invokeMethod(TestInvoker.java:597)\n\tat org.testng.internal.TestInvoker.invokeTestMethod(TestInvoker.java:173)\n\tat org.testng.internal.MethodRunner.runInSequence(MethodRunner.java:46)\n\tat org.testng.internal.TestInvoker$MethodInvocationAgent.invoke(TestInvoker.java:816)\n\tat org.testng.internal.TestInvoker.invokeTestMethods(TestInvoker.java:146)\n\tat org.testng.internal.TestMethodWorker.invokeTestMethods(TestMethodWorker.java:146)\n\tat org.testng.internal.TestMethodWorker.run(TestMethodWorker.java:128)\n\tat java.util.concurrent.ThreadPoolExecutor.runWorker(ThreadPoolExecutor.java:1149)\n\tat java.util.concurrent.ThreadPoolExecutor$Worker.run(ThreadPoolExecutor.java:624)\n\tat java.lang.Thread.run(Thread.java:750)\n","flaky":false,"newFailed":false,"newBroken":true,"newPassed":false,"retriesCount":0,"retriesStatusChange":false,"beforeStages":[{"name":"beforeSuite","time":{"start":1687276278711,"stop":1687276278716,"duration":5},"description":"","status":"passed","steps":[],"attachments":[],"parameters":[],"stepsCount":0,"attachmentsCount":0,"shouldDisplayMessage":false,"hasContent":false},{"name":"beforeMethod","time":{"start":1687276455333,"stop":1687276455579,"duration":246},"description":"","status":"passed","steps":[],"attachments":[],"parameters":[],"stepsCount":0,"attachmentsCount":0,"shouldDisplayMessage":false,"hasContent":false},{"name":"login","time":{"start":1687276455579,"stop":1687276459267,"duration":3688},"description":"","status":"passed","steps":[{"name":"Create space","time":{"start":1687276455580,"stop":1687276455877,"duration":297},"status":"passed","steps":[],"attachments":[{"uid":"587e14f13582509c","name":"Request","source":"587e14f13582509c.html","type":"text/html","size":727},{"uid":"a04ebef516bad7d0","name":"HTTP/1.1 200 OK","source":"a04ebef516bad7d0.html","type":"text/html","size":3277}],"parameters":[{"name":"spaceInput","value":"SpaceInput(name=company)"}],"stepsCount":0,"attachmentsCount":2,"shouldDisplayMessage":false,"hasContent":true},{"name":"go to login page","time":{"start":1687276455893,"stop":1687276458757,"duration":2864},"status":"passed","steps":[],"attachments":[],"parameters":[],"stepsCount":0,"attachmentsCount":0,"shouldDisplayMessage":false,"hasContent":false},{"name":"Enter your email address","time":{"start":1687276458757,"stop":1687276458938,"duration":181},"status":"passed","steps":[],"attachments":[],"parameters":[{"name":"emailAddress","value":"ntruonggiangtb98@gmail.com"}],"stepsCount":0,"attachmentsCount":0,"shouldDisplayMessage":false,"hasContent":true},{"name":"Enter your password","time":{"start":1687276458938,"stop":1687276459092,"duration":154},"status":"passed","steps":[],"attachments":[],"parameters":[{"name":"password","value":"07071998Gg"}],"stepsCount":0,"attachmentsCount":0,"shouldDisplayMessage":false,"hasContent":true},{"name":"Click to submit button","time":{"start":1687276459092,"stop":1687276459267,"duration":175},"status":"passed","steps":[],"attachments":[],"parameters":[],"stepsCount":0,"attachmentsCount":0,"shouldDisplayMessage":false,"hasContent":false}],"attachments":[],"parameters":[],"stepsCount":5,"attachmentsCount":2,"shouldDisplayMessage":false,"hasContent":true}],"testStage":{"status":"broken","statusMessage":"element click intercepted: Element <div data-test=\"project-list-bar__new-toggle\" data-pendo=\"create-new-space-button\" class=\"cu2-project-list-bar__new-toggle ng-tns-c689-14\">...</div> is not clickable at point (148, 323). Other element would receive the click: <div data-test=\"modal__background\" class=\"cu-modal__inner ng-tns-c21-26 ng-trigger ng-trigger-createTaskModalState\">...</div>\n  (Session info: headless chrome=114.0.5735.106)\nBuild info: version: '3.141.59', revision: 'e82be7d358', time: '2018-11-14T08:17:03'\nSystem info: host: 'fv-az587-32', ip: '10.1.1.24', os.name: 'Linux', os.arch: 'amd64', os.version: '5.15.0-1039-azure', java.version: '1.8.0_372'\nDriver info: org.openqa.selenium.chrome.ChromeDriver\nCapabilities {acceptInsecureCerts: false, browserName: chrome, browserVersion: 114.0.5735.106, chrome: {chromedriverVersion: 114.0.5735.90 (386bc09e8f4f..., userDataDir: /tmp/.com.google.Chrome.dsZRAB}, goog:chromeOptions: {debuggerAddress: localhost:42523}, javascriptEnabled: true, networkConnectionEnabled: false, pageLoadStrategy: normal, platform: LINUX, platformName: LINUX, proxy: Proxy(), setWindowRect: true, strictFileInteractability: false, timeouts: {implicit: 0, pageLoad: 300000, script: 30000}, unhandledPromptBehavior: dismiss and notify, webauthn:extension:credBlob: true, webauthn:extension:largeBlob: true, webauthn:extension:minPinLength: true, webauthn:extension:prf: true, webauthn:virtualAuthenticators: true}\nSession ID: 72a1f60ff21ce5c6717cf3b920354191","statusTrace":"org.openqa.selenium.ElementClickInterceptedException: element click intercepted: Element <div data-test=\"project-list-bar__new-toggle\" data-pendo=\"create-new-space-button\" class=\"cu2-project-list-bar__new-toggle ng-tns-c689-14\">...</div> is not clickable at point (148, 323). Other element would receive the click: <div data-test=\"modal__background\" class=\"cu-modal__inner ng-tns-c21-26 ng-trigger ng-trigger-createTaskModalState\">...</div>\n  (Session info: headless chrome=114.0.5735.106)\nBuild info: version: '3.141.59', revision: 'e82be7d358', time: '2018-11-14T08:17:03'\nSystem info: host: 'fv-az587-32', ip: '10.1.1.24', os.name: 'Linux', os.arch: 'amd64', os.version: '5.15.0-1039-azure', java.version: '1.8.0_372'\nDriver info: org.openqa.selenium.chrome.ChromeDriver\nCapabilities {acceptInsecureCerts: false, browserName: chrome, browserVersion: 114.0.5735.106, chrome: {chromedriverVersion: 114.0.5735.90 (386bc09e8f4f..., userDataDir: /tmp/.com.google.Chrome.dsZRAB}, goog:chromeOptions: {debuggerAddress: localhost:42523}, javascriptEnabled: true, networkConnectionEnabled: false, pageLoadStrategy: normal, platform: LINUX, platformName: LINUX, proxy: Proxy(), setWindowRect: true, strictFileInteractability: false, timeouts: {implicit: 0, pageLoad: 300000, script: 30000}, unhandledPromptBehavior: dismiss and notify, webauthn:extension:credBlob: true, webauthn:extension:largeBlob: true, webauthn:extension:minPinLength: true, webauthn:extension:prf: true, webauthn:virtualAuthenticators: true}\nSession ID: 72a1f60ff21ce5c6717cf3b920354191\n\tat sun.reflect.NativeConstructorAccessorImpl.newInstance0(Native Method)\n\tat sun.reflect.NativeConstructorAccessorImpl.newInstance(NativeConstructorAccessorImpl.java:62)\n\tat sun.reflect.DelegatingConstructorAccessorImpl.newInstance(DelegatingConstructorAccessorImpl.java:45)\n\tat java.lang.reflect.Constructor.newInstance(Constructor.java:423)\n\tat org.openqa.selenium.remote.http.W3CHttpResponseCodec.createException(W3CHttpResponseCodec.java:187)\n\tat org.openqa.selenium.remote.http.W3CHttpResponseCodec.decode(W3CHttpResponseCodec.java:122)\n\tat org.openqa.selenium.remote.http.W3CHttpResponseCodec.decode(W3CHttpResponseCodec.java:49)\n\tat org.openqa.selenium.remote.HttpCommandExecutor.execute(HttpCommandExecutor.java:158)\n\tat org.openqa.selenium.remote.service.DriverCommandExecutor.execute(DriverCommandExecutor.java:83)\n\tat org.openqa.selenium.remote.RemoteWebDriver.execute(RemoteWebDriver.java:552)\n\tat org.openqa.selenium.remote.RemoteWebElement.execute(RemoteWebElement.java:285)\n\tat org.openqa.selenium.remote.RemoteWebElement.click(RemoteWebElement.java:84)\n\tat sun.reflect.NativeMethodAccessorImpl.invoke0(Native Method)\n\tat sun.reflect.NativeMethodAccessorImpl.invoke(NativeMethodAccessorImpl.java:62)\n\tat sun.reflect.DelegatingMethodAccessorImpl.invoke(DelegatingMethodAccessorImpl.java:43)\n\tat java.lang.reflect.Method.invoke(Method.java:498)\n\tat org.openqa.selenium.support.pagefactory.internal.LocatingElementHandler.invoke(LocatingElementHandler.java:51)\n\tat com.sun.proxy.$Proxy19.click(Unknown Source)\n\tat org.example.core.WebApi.clickToElement(WebApi.java:139)\n\tat org.example.pagesobject.NavigationPage.clickToNewSpaceBtn(NavigationPage.java:77)\n\tat tests.SpaceTests.verify_dialog_when_click_to_new_space(SpaceTests.java:52)\n\tat sun.reflect.NativeMethodAccessorImpl.invoke0(Native Method)\n\tat sun.reflect.NativeMethodAccessorImpl.invoke(NativeMethodAccessorImpl.java:62)\n\tat sun.reflect.DelegatingMethodAccessorImpl.invoke(DelegatingMethodAccessorImpl.java:43)\n\tat java.lang.reflect.Method.invoke(Method.java:498)\n\tat org.testng.internal.MethodInvocationHelper.invokeMethod(MethodInvocationHelper.java:134)\n\tat org.testng.internal.TestInvoker.invokeMethod(TestInvoker.java:597)\n\tat org.testng.internal.TestInvoker.invokeTestMethod(TestInvoker.java:173)\n\tat org.testng.internal.MethodRunner.runInSequence(MethodRunner.java:46)\n\tat org.testng.internal.TestInvoker$MethodInvocationAgent.invoke(TestInvoker.java:816)\n\tat org.testng.internal.TestInvoker.invokeTestMethods(TestInvoker.java:146)\n\tat org.testng.internal.TestMethodWorker.invokeTestMethods(TestMethodWorker.java:146)\n\tat org.testng.internal.TestMethodWorker.run(TestMethodWorker.java:128)\n\tat java.util.concurrent.ThreadPoolExecutor.runWorker(ThreadPoolExecutor.java:1149)\n\tat java.util.concurrent.ThreadPoolExecutor$Worker.run(ThreadPoolExecutor.java:624)\n\tat java.lang.Thread.run(Thread.java:750)\n","steps":[{"name":"Click to new space button","time":{"start":1687276459269,"stop":1687276467711,"duration":8442},"status":"broken","statusMessage":"element click intercepted: Element <div data-test=\"project-list-bar__new-toggle\" data-pendo=\"create-new-space-button\" class=\"cu2-project-list-bar__new-toggle ng-tns-c689-14\">...</div> is not clickable at point (148, 323). Other element would receive the click: <div data-test=\"modal__background\" class=\"cu-modal__inner ng-tns-c21-26 ng-trigger ng-trigger-createTaskModalState\">...</div>\n  (Session info: headless chrome=114.0.5735.106)\nBuild info: version: '3.141.59', revision: 'e82be7d358', time: '2018-11-14T08:17:03'\nSystem info: host: 'fv-az587-32', ip: '10.1.1.24', os.name: 'Linux', os.arch: 'amd64', os.version: '5.15.0-1039-azure', java.version: '1.8.0_372'\nDriver info: org.openqa.selenium.chrome.ChromeDriver\nCapabilities {acceptInsecureCerts: false, browserName: chrome, browserVersion: 114.0.5735.106, chrome: {chromedriverVersion: 114.0.5735.90 (386bc09e8f4f..., userDataDir: /tmp/.com.google.Chrome.dsZRAB}, goog:chromeOptions: {debuggerAddress: localhost:42523}, javascriptEnabled: true, networkConnectionEnabled: false, pageLoadStrategy: normal, platform: LINUX, platformName: LINUX, proxy: Proxy(), setWindowRect: true, strictFileInteractability: false, timeouts: {implicit: 0, pageLoad: 300000, script: 30000}, unhandledPromptBehavior: dismiss and notify, webauthn:extension:credBlob: true, webauthn:extension:largeBlob: true, webauthn:extension:minPinLength: true, webauthn:extension:prf: true, webauthn:virtualAuthenticators: true}\nSession ID: 72a1f60ff21ce5c6717cf3b920354191","statusTrace":"org.openqa.selenium.ElementClickInterceptedException: element click intercepted: Element <div data-test=\"project-list-bar__new-toggle\" data-pendo=\"create-new-space-button\" class=\"cu2-project-list-bar__new-toggle ng-tns-c689-14\">...</div> is not clickable at point (148, 323). Other element would receive the click: <div data-test=\"modal__background\" class=\"cu-modal__inner ng-tns-c21-26 ng-trigger ng-trigger-createTaskModalState\">...</div>\n  (Session info: headless chrome=114.0.5735.106)\nBuild info: version: '3.141.59', revision: 'e82be7d358', time: '2018-11-14T08:17:03'\nSystem info: host: 'fv-az587-32', ip: '10.1.1.24', os.name: 'Linux', os.arch: 'amd64', os.version: '5.15.0-1039-azure', java.version: '1.8.0_372'\nDriver info: org.openqa.selenium.chrome.ChromeDriver\nCapabilities {acceptInsecureCerts: false, browserName: chrome, browserVersion: 114.0.5735.106, chrome: {chromedriverVersion: 114.0.5735.90 (386bc09e8f4f..., userDataDir: /tmp/.com.google.Chrome.dsZRAB}, goog:chromeOptions: {debuggerAddress: localhost:42523}, javascriptEnabled: true, networkConnectionEnabled: false, pageLoadStrategy: normal, platform: LINUX, platformName: LINUX, proxy: Proxy(), setWindowRect: true, strictFileInteractability: false, timeouts: {implicit: 0, pageLoad: 300000, script: 30000}, unhandledPromptBehavior: dismiss and notify, webauthn:extension:credBlob: true, webauthn:extension:largeBlob: true, webauthn:extension:minPinLength: true, webauthn:extension:prf: true, webauthn:virtualAuthenticators: true}\nSession ID: 72a1f60ff21ce5c6717cf3b920354191\n\tat sun.reflect.NativeConstructorAccessorImpl.newInstance0(Native Method)\n\tat sun.reflect.NativeConstructorAccessorImpl.newInstance(NativeConstructorAccessorImpl.java:62)\n\tat sun.reflect.DelegatingConstructorAccessorImpl.newInstance(DelegatingConstructorAccessorImpl.java:45)\n\tat java.lang.reflect.Constructor.newInstance(Constructor.java:423)\n\tat org.openqa.selenium.remote.http.W3CHttpResponseCodec.createException(W3CHttpResponseCodec.java:187)\n\tat org.openqa.selenium.remote.http.W3CHttpResponseCodec.decode(W3CHttpResponseCodec.java:122)\n\tat org.openqa.selenium.remote.http.W3CHttpResponseCodec.decode(W3CHttpResponseCodec.java:49)\n\tat org.openqa.selenium.remote.HttpCommandExecutor.execute(HttpCommandExecutor.java:158)\n\tat org.openqa.selenium.remote.service.DriverCommandExecutor.execute(DriverCommandExecutor.java:83)\n\tat org.openqa.selenium.remote.RemoteWebDriver.execute(RemoteWebDriver.java:552)\n\tat org.openqa.selenium.remote.RemoteWebElement.execute(RemoteWebElement.java:285)\n\tat org.openqa.selenium.remote.RemoteWebElement.click(RemoteWebElement.java:84)\n\tat sun.reflect.NativeMethodAccessorImpl.invoke0(Native Method)\n\tat sun.reflect.NativeMethodAccessorImpl.invoke(NativeMethodAccessorImpl.java:62)\n\tat sun.reflect.DelegatingMethodAccessorImpl.invoke(DelegatingMethodAccessorImpl.java:43)\n\tat java.lang.reflect.Method.invoke(Method.java:498)\n\tat org.openqa.selenium.support.pagefactory.internal.LocatingElementHandler.invoke(LocatingElementHandler.java:51)\n\tat com.sun.proxy.$Proxy19.click(Unknown Source)\n\tat org.example.core.WebApi.clickToElement(WebApi.java:139)\n\tat org.example.pagesobject.NavigationPage.clickToNewSpaceBtn(NavigationPage.java:77)\n\tat tests.SpaceTests.verify_dialog_when_click_to_new_space(SpaceTests.java:52)\n\tat sun.reflect.NativeMethodAccessorImpl.invoke0(Native Method)\n\tat sun.reflect.NativeMethodAccessorImpl.invoke(NativeMethodAccessorImpl.java:62)\n\tat sun.reflect.DelegatingMethodAccessorImpl.invoke(DelegatingMethodAccessorImpl.java:43)\n\tat java.lang.reflect.Method.invoke(Method.java:498)\n\tat org.testng.internal.MethodInvocationHelper.invokeMethod(MethodInvocationHelper.java:134)\n\tat org.testng.internal.TestInvoker.invokeMethod(TestInvoker.java:597)\n\tat org.testng.internal.TestInvoker.invokeTestMethod(TestInvoker.java:173)\n\tat org.testng.internal.MethodRunner.runInSequence(MethodRunner.java:46)\n\tat org.testng.internal.TestInvoker$MethodInvocationAgent.invoke(TestInvoker.java:816)\n\tat org.testng.internal.TestInvoker.invokeTestMethods(TestInvoker.java:146)\n\tat org.testng.internal.TestMethodWorker.invokeTestMethods(TestMethodWorker.java:146)\n\tat org.testng.internal.TestMethodWorker.run(TestMethodWorker.java:128)\n\tat java.util.concurrent.ThreadPoolExecutor.runWorker(ThreadPoolExecutor.java:1149)\n\tat java.util.concurrent.ThreadPoolExecutor$Worker.run(ThreadPoolExecutor.java:624)\n\tat java.lang.Thread.run(Thread.java:750)\n","steps":[],"attachments":[],"parameters":[],"stepsCount":0,"attachmentsCount":0,"shouldDisplayMessage":true,"hasContent":true}],"attachments":[{"uid":"404f36db557bb50e","name":"Failure Screenshot","source":"404f36db557bb50e.png","type":"image/png","size":141942}],"parameters":[],"stepsCount":1,"attachmentsCount":1,"shouldDisplayMessage":false,"hasContent":true},"afterStages":[{"name":"cleanData","time":{"start":1687276467879,"stop":1687276468174,"duration":295},"description":"","status":"passed","steps":[{"name":"Delete space by space id","time":{"start":1687276467879,"stop":1687276468173,"duration":294},"status":"passed","steps":[],"attachments":[{"uid":"2716a78a7c4961e6","name":"Request","source":"2716a78a7c4961e6.html","type":"text/html","size":417},{"uid":"d5b4a763543acba9","name":"HTTP/1.1 200 OK","source":"d5b4a763543acba9.html","type":"text/html","size":1257}],"parameters":[{"name":"spaceId","value":"90100303367"}],"stepsCount":0,"attachmentsCount":2,"shouldDisplayMessage":false,"hasContent":true}],"attachments":[],"parameters":[],"stepsCount":1,"attachmentsCount":2,"shouldDisplayMessage":false,"hasContent":true},{"name":"afterMethod","time":{"start":1687276468174,"stop":1687276468239,"duration":65},"description":"","status":"passed","steps":[],"attachments":[],"parameters":[],"stepsCount":0,"attachmentsCount":0,"shouldDisplayMessage":false,"hasContent":false}],"labels":[{"name":"package","value":"tests.SpaceTests"},{"name":"testClass","value":"tests.SpaceTests"},{"name":"testMethod","value":"verify_dialog_when_click_to_new_space"},{"name":"parentSuite","value":"Setel Regression Suite"},{"name":"suite","value":"Setel Admin test on chrome"},{"name":"subSuite","value":"tests.SpaceTests"},{"name":"host","value":"fv-az587-32"},{"name":"thread","value":"2483@fv-az587-32.TestNG-test=Setel Admin test on chrome-1(11)"},{"name":"framework","value":"testng"},{"name":"language","value":"java"},{"name":"resultFormat","value":"allure2"}],"parameters":[],"links":[],"hidden":false,"retry":false,"extra":{"severity":"normal","retries":[],"categories":[{"name":"Test defects","matchedStatuses":[],"flaky":false}],"history":{"statistic":{"failed":0,"broken":2,"skipped":0,"passed":6,"unknown":0,"total":8},"items":[{"uid":"cc32059e5445fa47","reportUrl":"https://giangtb7798.github.io/clickup-automation-test/28//#testresult/cc32059e5445fa47","status":"passed","time":{"start":1687194508076,"stop":1687194518949,"duration":10873}},{"uid":"281af775137fcfcb","reportUrl":"https://giangtb7798.github.io/clickup-automation-test/27//#testresult/281af775137fcfcb","status":"passed","time":{"start":1686978830276,"stop":1686978844445,"duration":14169}},{"uid":"9d83b663efbfcbf8","reportUrl":"https://giangtb7798.github.io/clickup-automation-test/26//#testresult/9d83b663efbfcbf8","status":"passed","time":{"start":1681715792816,"stop":1681715803334,"duration":10518}},{"uid":"6e18bee924b25259","reportUrl":"https://giangtb7798.github.io/clickup-automation-test/25//#testresult/6e18bee924b25259","status":"passed","time":{"start":1681472946659,"stop":1681472957552,"duration":10893}},{"uid":"23f683b78a857fcc","reportUrl":"https://giangtb7798.github.io/clickup-automation-test/25//#testresult/23f683b78a857fcc","status":"passed","time":{"start":1681468890732,"stop":1681468901758,"duration":11026}},{"uid":"18ac34119f6974cf","reportUrl":"https://giangtb7798.github.io/clickup-automation-test/22//#testresult/18ac34119f6974cf","status":"passed","time":{"start":1681463533103,"stop":1681463544820,"duration":11717}},{"uid":"4769b56664fe7149","reportUrl":"https://giangtb7798.github.io/clickup-automation-test/22//#testresult/4769b56664fe7149","status":"broken","statusDetails":"no such element: Unable to locate element: {\"method\":\"xpath\",\"selector\":\"//button[contains(text(),'Next')]\"}\n  (Session info: headless chrome=112.0.5615.49)\nFor documentation on this error, please visit: https://www.seleniumhq.org/exceptions/no_such_element.html\nBuild info: version: '3.141.59', revision: 'e82be7d358', time: '2018-11-14T08:17:03'\nSystem info: host: 'fv-az338-349', ip: '10.1.230.1', os.name: 'Linux', os.arch: 'amd64', os.version: '5.15.0-1035-azure', java.version: '1.8.0_362'\nDriver info: org.openqa.selenium.chrome.ChromeDriver\nCapabilities {acceptInsecureCerts: false, browserName: chrome, browserVersion: 112.0.5615.49, chrome: {chromedriverVersion: 112.0.5615.49 (bd2a7bcb881c..., userDataDir: /tmp/.com.google.Chrome.G7xE3m}, goog:chromeOptions: {debuggerAddress: localhost:44637}, javascriptEnabled: true, networkConnectionEnabled: false, pageLoadStrategy: normal, platform: LINUX, platformName: LINUX, proxy: Proxy(), setWindowRect: true, strictFileInteractability: false, timeouts: {implicit: 0, pageLoad: 300000, script: 30000}, unhandledPromptBehavior: dismiss and notify, webauthn:extension:credBlob: true, webauthn:extension:largeBlob: true, webauthn:extension:minPinLength: true, webauthn:extension:prf: true, webauthn:virtualAuthenticators: true}\nSession ID: 7bf29db9c7add667ea40bb1310375143\n*** Element info: {Using=xpath, value=//button[contains(text(),'Next')]}","time":{"start":1681462086499,"stop":1681462095320,"duration":8821}}]},"tags":[]},"source":"39957721f7769bae.json","parameterValues":[]}