{"uid":"f3f5934ae0af60a","name":"verify that create new space successfully","fullName":"tests.SpaceTests.verify_create_new_space_successfully","historyId":"a27bcb9a23f9513abed04b1cd8052bff","time":{"start":1687276446683,"stop":1687276454959,"duration":8276},"status":"broken","statusMessage":"element click intercepted: Element <div data-test=\"project-list-bar__new-toggle\" data-pendo=\"create-new-space-button\" class=\"cu2-project-list-bar__new-toggle ng-tns-c689-14\">...</div> is not clickable at point (148, 323). Other element would receive the click: <div data-test=\"modal__background\" class=\"cu-modal__inner ng-tns-c21-27 ng-trigger ng-trigger-createTaskModalState\">...</div>\n  (Session info: headless chrome=114.0.5735.106)\nBuild info: version: '3.141.59', revision: 'e82be7d358', time: '2018-11-14T08:17:03'\nSystem info: host: 'fv-az587-32', ip: '10.1.1.24', os.name: 'Linux', os.arch: 'amd64', os.version: '5.15.0-1039-azure', java.version: '1.8.0_372'\nDriver info: org.openqa.selenium.chrome.ChromeDriver\nCapabilities {acceptInsecureCerts: false, browserName: chrome, browserVersion: 114.0.5735.106, chrome: {chromedriverVersion: 114.0.5735.90 (386bc09e8f4f..., userDataDir: /tmp/.com.google.Chrome.8icPDQ}, goog:chromeOptions: {debuggerAddress: localhost:40953}, javascriptEnabled: true, networkConnectionEnabled: false, pageLoadStrategy: normal, platform: LINUX, platformName: LINUX, proxy: Proxy(), setWindowRect: true, strictFileInteractability: false, timeouts: {implicit: 0, pageLoad: 300000, script: 30000}, unhandledPromptBehavior: dismiss and notify, webauthn:extension:credBlob: true, webauthn:extension:largeBlob: true, webauthn:extension:minPinLength: true, webauthn:extension:prf: true, webauthn:virtualAuthenticators: true}\nSession ID: 4b50ae827400e6af5fd86e1d7999393c","statusTrace":"org.openqa.selenium.ElementClickInterceptedException: element click intercepted: Element <div data-test=\"project-list-bar__new-toggle\" data-pendo=\"create-new-space-button\" class=\"cu2-project-list-bar__new-toggle ng-tns-c689-14\">...</div> is not clickable at point (148, 323). Other element would receive the click: <div data-test=\"modal__background\" class=\"cu-modal__inner ng-tns-c21-27 ng-trigger ng-trigger-createTaskModalState\">...</div>\n  (Session info: headless chrome=114.0.5735.106)\nBuild info: version: '3.141.59', revision: 'e82be7d358', time: '2018-11-14T08:17:03'\nSystem info: host: 'fv-az587-32', ip: '10.1.1.24', os.name: 'Linux', os.arch: 'amd64', os.version: '5.15.0-1039-azure', java.version: '1.8.0_372'\nDriver info: org.openqa.selenium.chrome.ChromeDriver\nCapabilities {acceptInsecureCerts: false, browserName: chrome, browserVersion: 114.0.5735.106, chrome: {chromedriverVersion: 114.0.5735.90 (386bc09e8f4f..., userDataDir: /tmp/.com.google.Chrome.8icPDQ}, goog:chromeOptions: {debuggerAddress: localhost:40953}, javascriptEnabled: true, networkConnectionEnabled: false, pageLoadStrategy: normal, platform: LINUX, platformName: LINUX, proxy: Proxy(), setWindowRect: true, strictFileInteractability: false, timeouts: {implicit: 0, pageLoad: 300000, script: 30000}, unhandledPromptBehavior: dismiss and notify, webauthn:extension:credBlob: true, webauthn:extension:largeBlob: true, webauthn:extension:minPinLength: true, webauthn:extension:prf: true, webauthn:virtualAuthenticators: true}\nSession ID: 4b50ae827400e6af5fd86e1d7999393c\n\tat sun.reflect.NativeConstructorAccessorImpl.newInstance0(Native Method)\n\tat sun.reflect.NativeConstructorAccessorImpl.newInstance(NativeConstructorAccessorImpl.java:62)\n\tat sun.reflect.DelegatingConstructorAccessorImpl.newInstance(DelegatingConstructorAccessorImpl.java:45)\n\tat java.lang.reflect.Constructor.newInstance(Constructor.java:423)\n\tat org.openqa.selenium.remote.http.W3CHttpResponseCodec.createException(W3CHttpResponseCodec.java:187)\n\tat org.openqa.selenium.remote.http.W3CHttpResponseCodec.decode(W3CHttpResponseCodec.java:122)\n\tat org.openqa.selenium.remote.http.W3CHttpResponseCodec.decode(W3CHttpResponseCodec.java:49)\n\tat org.openqa.selenium.remote.HttpCommandExecutor.execute(HttpCommandExecutor.java:158)\n\tat org.openqa.selenium.remote.service.DriverCommandExecutor.execute(DriverCommandExecutor.java:83)\n\tat org.openqa.selenium.remote.RemoteWebDriver.execute(RemoteWebDriver.java:552)\n\tat org.openqa.selenium.remote.RemoteWebElement.execute(RemoteWebElement.java:285)\n\tat org.openqa.selenium.remote.RemoteWebElement.click(RemoteWebElement.java:84)\n\tat sun.reflect.NativeMethodAccessorImpl.invoke0(Native Method)\n\tat sun.reflect.NativeMethodAccessorImpl.invoke(NativeMethodAccessorImpl.java:62)\n\tat sun.reflect.DelegatingMethodAccessorImpl.invoke(DelegatingMethodAccessorImpl.java:43)\n\tat java.lang.reflect.Method.invoke(Method.java:498)\n\tat org.openqa.selenium.support.pagefactory.internal.LocatingElementHandler.invoke(LocatingElementHandler.java:51)\n\tat com.sun.proxy.$Proxy19.click(Unknown Source)\n\tat org.example.core.WebApi.clickToElement(WebApi.java:139)\n\tat org.example.pagesobject.NavigationPage.clickToNewSpaceBtn(NavigationPage.java:77)\n\tat tests.SpaceTests.verify_create_new_space_successfully(SpaceTests.java:65)\n\tat sun.reflect.NativeMethodAccessorImpl.invoke0(Native Method)\n\tat sun.reflect.NativeMethodAccessorImpl.invoke(NativeMethodAccessorImpl.java:62)\n\tat sun.reflect.DelegatingMethodAccessorImpl.invoke(DelegatingMethodAccessorImpl.java:43)\n\tat java.lang.reflect.Method.invoke(Method.java:498)\n\tat org.testng.internal.MethodInvocationHelper.invokeMethod(MethodInvocationHelper.java:134)\n\tat org.testng.internal.TestInvoker.invokeMethod(TestInvoker.java:597)\n\tat org.testng.internal.TestInvoker.invokeTestMethod(TestInvoker.java:173)\n\tat org.testng.internal.MethodRunner.runInSequence(MethodRunner.java:46)\n\tat org.testng.internal.TestInvoker$MethodInvocationAgent.invoke(TestInvoker.java:816)\n\tat org.testng.internal.TestInvoker.invokeTestMethods(TestInvoker.java:146)\n\tat org.testng.internal.TestMethodWorker.invokeTestMethods(TestMethodWorker.java:146)\n\tat org.testng.internal.TestMethodWorker.run(TestMethodWorker.java:128)\n\tat java.util.concurrent.ThreadPoolExecutor.runWorker(ThreadPoolExecutor.java:1149)\n\tat java.util.concurrent.ThreadPoolExecutor$Worker.run(ThreadPoolExecutor.java:624)\n\tat java.lang.Thread.run(Thread.java:750)\n","flaky":false,"newFailed":false,"newBroken":true,"newPassed":false,"retriesCount":0,"retriesStatusChange":false,"beforeStages":[{"name":"beforeSuite","time":{"start":1687276278711,"stop":1687276278716,"duration":5},"description":"","status":"passed","steps":[],"attachments":[],"parameters":[],"stepsCount":0,"attachmentsCount":0,"shouldDisplayMessage":false,"hasContent":false},{"name":"beforeMethod","time":{"start":1687276442536,"stop":1687276442787,"duration":251},"description":"","status":"passed","steps":[],"attachments":[],"parameters":[],"stepsCount":0,"attachmentsCount":0,"shouldDisplayMessage":false,"hasContent":false},{"name":"login","time":{"start":1687276442788,"stop":1687276446680,"duration":3892},"description":"","status":"passed","steps":[{"name":"Create space","time":{"start":1687276442788,"stop":1687276443130,"duration":342},"status":"passed","steps":[],"attachments":[{"uid":"1eecfd3a03f4bdf3","name":"Request","source":"1eecfd3a03f4bdf3.html","type":"text/html","size":727},{"uid":"528607140a38876a","name":"HTTP/1.1 200 OK","source":"528607140a38876a.html","type":"text/html","size":3278}],"parameters":[{"name":"spaceInput","value":"SpaceInput(name=company)"}],"stepsCount":0,"attachmentsCount":2,"shouldDisplayMessage":false,"hasContent":true},{"name":"go to login page","time":{"start":1687276443140,"stop":1687276446116,"duration":2976},"status":"passed","steps":[],"attachments":[],"parameters":[],"stepsCount":0,"attachmentsCount":0,"shouldDisplayMessage":false,"hasContent":false},{"name":"Enter your email address","time":{"start":1687276446116,"stop":1687276446306,"duration":190},"status":"passed","steps":[],"attachments":[],"parameters":[{"name":"emailAddress","value":"ntruonggiangtb98@gmail.com"}],"stepsCount":0,"attachmentsCount":0,"shouldDisplayMessage":false,"hasContent":true},{"name":"Enter your password","time":{"start":1687276446306,"stop":1687276446491,"duration":185},"status":"passed","steps":[],"attachments":[],"parameters":[{"name":"password","value":"07071998Gg"}],"stepsCount":0,"attachmentsCount":0,"shouldDisplayMessage":false,"hasContent":true},{"name":"Click to submit button","time":{"start":1687276446492,"stop":1687276446680,"duration":188},"status":"passed","steps":[],"attachments":[],"parameters":[],"stepsCount":0,"attachmentsCount":0,"shouldDisplayMessage":false,"hasContent":false}],"attachments":[],"parameters":[],"stepsCount":5,"attachmentsCount":2,"shouldDisplayMessage":false,"hasContent":true}],"testStage":{"status":"broken","statusMessage":"element click intercepted: Element <div data-test=\"project-list-bar__new-toggle\" data-pendo=\"create-new-space-button\" class=\"cu2-project-list-bar__new-toggle ng-tns-c689-14\">...</div> is not clickable at point (148, 323). Other element would receive the click: <div data-test=\"modal__background\" class=\"cu-modal__inner ng-tns-c21-27 ng-trigger ng-trigger-createTaskModalState\">...</div>\n  (Session info: headless chrome=114.0.5735.106)\nBuild info: version: '3.141.59', revision: 'e82be7d358', time: '2018-11-14T08:17:03'\nSystem info: host: 'fv-az587-32', ip: '10.1.1.24', os.name: 'Linux', os.arch: 'amd64', os.version: '5.15.0-1039-azure', java.version: '1.8.0_372'\nDriver info: org.openqa.selenium.chrome.ChromeDriver\nCapabilities {acceptInsecureCerts: false, browserName: chrome, browserVersion: 114.0.5735.106, chrome: {chromedriverVersion: 114.0.5735.90 (386bc09e8f4f..., userDataDir: /tmp/.com.google.Chrome.8icPDQ}, goog:chromeOptions: {debuggerAddress: localhost:40953}, javascriptEnabled: true, networkConnectionEnabled: false, pageLoadStrategy: normal, platform: LINUX, platformName: LINUX, proxy: Proxy(), setWindowRect: true, strictFileInteractability: false, timeouts: {implicit: 0, pageLoad: 300000, script: 30000}, unhandledPromptBehavior: dismiss and notify, webauthn:extension:credBlob: true, webauthn:extension:largeBlob: true, webauthn:extension:minPinLength: true, webauthn:extension:prf: true, webauthn:virtualAuthenticators: true}\nSession ID: 4b50ae827400e6af5fd86e1d7999393c","statusTrace":"org.openqa.selenium.ElementClickInterceptedException: element click intercepted: Element <div data-test=\"project-list-bar__new-toggle\" data-pendo=\"create-new-space-button\" class=\"cu2-project-list-bar__new-toggle ng-tns-c689-14\">...</div> is not clickable at point (148, 323). Other element would receive the click: <div data-test=\"modal__background\" class=\"cu-modal__inner ng-tns-c21-27 ng-trigger ng-trigger-createTaskModalState\">...</div>\n  (Session info: headless chrome=114.0.5735.106)\nBuild info: version: '3.141.59', revision: 'e82be7d358', time: '2018-11-14T08:17:03'\nSystem info: host: 'fv-az587-32', ip: '10.1.1.24', os.name: 'Linux', os.arch: 'amd64', os.version: '5.15.0-1039-azure', java.version: '1.8.0_372'\nDriver info: org.openqa.selenium.chrome.ChromeDriver\nCapabilities {acceptInsecureCerts: false, browserName: chrome, browserVersion: 114.0.5735.106, chrome: {chromedriverVersion: 114.0.5735.90 (386bc09e8f4f..., userDataDir: /tmp/.com.google.Chrome.8icPDQ}, goog:chromeOptions: {debuggerAddress: localhost:40953}, javascriptEnabled: true, networkConnectionEnabled: false, pageLoadStrategy: normal, platform: LINUX, platformName: LINUX, proxy: Proxy(), setWindowRect: true, strictFileInteractability: false, timeouts: {implicit: 0, pageLoad: 300000, script: 30000}, unhandledPromptBehavior: dismiss and notify, webauthn:extension:credBlob: true, webauthn:extension:largeBlob: true, webauthn:extension:minPinLength: true, webauthn:extension:prf: true, webauthn:virtualAuthenticators: true}\nSession ID: 4b50ae827400e6af5fd86e1d7999393c\n\tat sun.reflect.NativeConstructorAccessorImpl.newInstance0(Native Method)\n\tat sun.reflect.NativeConstructorAccessorImpl.newInstance(NativeConstructorAccessorImpl.java:62)\n\tat sun.reflect.DelegatingConstructorAccessorImpl.newInstance(DelegatingConstructorAccessorImpl.java:45)\n\tat java.lang.reflect.Constructor.newInstance(Constructor.java:423)\n\tat org.openqa.selenium.remote.http.W3CHttpResponseCodec.createException(W3CHttpResponseCodec.java:187)\n\tat org.openqa.selenium.remote.http.W3CHttpResponseCodec.decode(W3CHttpResponseCodec.java:122)\n\tat org.openqa.selenium.remote.http.W3CHttpResponseCodec.decode(W3CHttpResponseCodec.java:49)\n\tat org.openqa.selenium.remote.HttpCommandExecutor.execute(HttpCommandExecutor.java:158)\n\tat org.openqa.selenium.remote.service.DriverCommandExecutor.execute(DriverCommandExecutor.java:83)\n\tat org.openqa.selenium.remote.RemoteWebDriver.execute(RemoteWebDriver.java:552)\n\tat org.openqa.selenium.remote.RemoteWebElement.execute(RemoteWebElement.java:285)\n\tat org.openqa.selenium.remote.RemoteWebElement.click(RemoteWebElement.java:84)\n\tat sun.reflect.NativeMethodAccessorImpl.invoke0(Native Method)\n\tat sun.reflect.NativeMethodAccessorImpl.invoke(NativeMethodAccessorImpl.java:62)\n\tat sun.reflect.DelegatingMethodAccessorImpl.invoke(DelegatingMethodAccessorImpl.java:43)\n\tat java.lang.reflect.Method.invoke(Method.java:498)\n\tat org.openqa.selenium.support.pagefactory.internal.LocatingElementHandler.invoke(LocatingElementHandler.java:51)\n\tat com.sun.proxy.$Proxy19.click(Unknown Source)\n\tat org.example.core.WebApi.clickToElement(WebApi.java:139)\n\tat org.example.pagesobject.NavigationPage.clickToNewSpaceBtn(NavigationPage.java:77)\n\tat tests.SpaceTests.verify_create_new_space_successfully(SpaceTests.java:65)\n\tat sun.reflect.NativeMethodAccessorImpl.invoke0(Native Method)\n\tat sun.reflect.NativeMethodAccessorImpl.invoke(NativeMethodAccessorImpl.java:62)\n\tat sun.reflect.DelegatingMethodAccessorImpl.invoke(DelegatingMethodAccessorImpl.java:43)\n\tat java.lang.reflect.Method.invoke(Method.java:498)\n\tat org.testng.internal.MethodInvocationHelper.invokeMethod(MethodInvocationHelper.java:134)\n\tat org.testng.internal.TestInvoker.invokeMethod(TestInvoker.java:597)\n\tat org.testng.internal.TestInvoker.invokeTestMethod(TestInvoker.java:173)\n\tat org.testng.internal.MethodRunner.runInSequence(MethodRunner.java:46)\n\tat org.testng.internal.TestInvoker$MethodInvocationAgent.invoke(TestInvoker.java:816)\n\tat org.testng.internal.TestInvoker.invokeTestMethods(TestInvoker.java:146)\n\tat org.testng.internal.TestMethodWorker.invokeTestMethods(TestMethodWorker.java:146)\n\tat org.testng.internal.TestMethodWorker.run(TestMethodWorker.java:128)\n\tat java.util.concurrent.ThreadPoolExecutor.runWorker(ThreadPoolExecutor.java:1149)\n\tat java.util.concurrent.ThreadPoolExecutor$Worker.run(ThreadPoolExecutor.java:624)\n\tat java.lang.Thread.run(Thread.java:750)\n","steps":[{"name":"Click to new space button","time":{"start":1687276446684,"stop":1687276454795,"duration":8111},"status":"broken","statusMessage":"element click intercepted: Element <div data-test=\"project-list-bar__new-toggle\" data-pendo=\"create-new-space-button\" class=\"cu2-project-list-bar__new-toggle ng-tns-c689-14\">...</div> is not clickable at point (148, 323). Other element would receive the click: <div data-test=\"modal__background\" class=\"cu-modal__inner ng-tns-c21-27 ng-trigger ng-trigger-createTaskModalState\">...</div>\n  (Session info: headless chrome=114.0.5735.106)\nBuild info: version: '3.141.59', revision: 'e82be7d358', time: '2018-11-14T08:17:03'\nSystem info: host: 'fv-az587-32', ip: '10.1.1.24', os.name: 'Linux', os.arch: 'amd64', os.version: '5.15.0-1039-azure', java.version: '1.8.0_372'\nDriver info: org.openqa.selenium.chrome.ChromeDriver\nCapabilities {acceptInsecureCerts: false, browserName: chrome, browserVersion: 114.0.5735.106, chrome: {chromedriverVersion: 114.0.5735.90 (386bc09e8f4f..., userDataDir: /tmp/.com.google.Chrome.8icPDQ}, goog:chromeOptions: {debuggerAddress: localhost:40953}, javascriptEnabled: true, networkConnectionEnabled: false, pageLoadStrategy: normal, platform: LINUX, platformName: LINUX, proxy: Proxy(), setWindowRect: true, strictFileInteractability: false, timeouts: {implicit: 0, pageLoad: 300000, script: 30000}, unhandledPromptBehavior: dismiss and notify, webauthn:extension:credBlob: true, webauthn:extension:largeBlob: true, webauthn:extension:minPinLength: true, webauthn:extension:prf: true, webauthn:virtualAuthenticators: true}\nSession ID: 4b50ae827400e6af5fd86e1d7999393c","statusTrace":"org.openqa.selenium.ElementClickInterceptedException: element click intercepted: Element <div data-test=\"project-list-bar__new-toggle\" data-pendo=\"create-new-space-button\" class=\"cu2-project-list-bar__new-toggle ng-tns-c689-14\">...</div> is not clickable at point (148, 323). Other element would receive the click: <div data-test=\"modal__background\" class=\"cu-modal__inner ng-tns-c21-27 ng-trigger ng-trigger-createTaskModalState\">...</div>\n  (Session info: headless chrome=114.0.5735.106)\nBuild info: version: '3.141.59', revision: 'e82be7d358', time: '2018-11-14T08:17:03'\nSystem info: host: 'fv-az587-32', ip: '10.1.1.24', os.name: 'Linux', os.arch: 'amd64', os.version: '5.15.0-1039-azure', java.version: '1.8.0_372'\nDriver info: org.openqa.selenium.chrome.ChromeDriver\nCapabilities {acceptInsecureCerts: false, browserName: chrome, browserVersion: 114.0.5735.106, chrome: {chromedriverVersion: 114.0.5735.90 (386bc09e8f4f..., userDataDir: /tmp/.com.google.Chrome.8icPDQ}, goog:chromeOptions: {debuggerAddress: localhost:40953}, javascriptEnabled: true, networkConnectionEnabled: false, pageLoadStrategy: normal, platform: LINUX, platformName: LINUX, proxy: Proxy(), setWindowRect: true, strictFileInteractability: false, timeouts: {implicit: 0, pageLoad: 300000, script: 30000}, unhandledPromptBehavior: dismiss and notify, webauthn:extension:credBlob: true, webauthn:extension:largeBlob: true, webauthn:extension:minPinLength: true, webauthn:extension:prf: true, webauthn:virtualAuthenticators: true}\nSession ID: 4b50ae827400e6af5fd86e1d7999393c\n\tat sun.reflect.NativeConstructorAccessorImpl.newInstance0(Native Method)\n\tat sun.reflect.NativeConstructorAccessorImpl.newInstance(NativeConstructorAccessorImpl.java:62)\n\tat sun.reflect.DelegatingConstructorAccessorImpl.newInstance(DelegatingConstructorAccessorImpl.java:45)\n\tat java.lang.reflect.Constructor.newInstance(Constructor.java:423)\n\tat org.openqa.selenium.remote.http.W3CHttpResponseCodec.createException(W3CHttpResponseCodec.java:187)\n\tat org.openqa.selenium.remote.http.W3CHttpResponseCodec.decode(W3CHttpResponseCodec.java:122)\n\tat org.openqa.selenium.remote.http.W3CHttpResponseCodec.decode(W3CHttpResponseCodec.java:49)\n\tat org.openqa.selenium.remote.HttpCommandExecutor.execute(HttpCommandExecutor.java:158)\n\tat org.openqa.selenium.remote.service.DriverCommandExecutor.execute(DriverCommandExecutor.java:83)\n\tat org.openqa.selenium.remote.RemoteWebDriver.execute(RemoteWebDriver.java:552)\n\tat org.openqa.selenium.remote.RemoteWebElement.execute(RemoteWebElement.java:285)\n\tat org.openqa.selenium.remote.RemoteWebElement.click(RemoteWebElement.java:84)\n\tat sun.reflect.NativeMethodAccessorImpl.invoke0(Native Method)\n\tat sun.reflect.NativeMethodAccessorImpl.invoke(NativeMethodAccessorImpl.java:62)\n\tat sun.reflect.DelegatingMethodAccessorImpl.invoke(DelegatingMethodAccessorImpl.java:43)\n\tat java.lang.reflect.Method.invoke(Method.java:498)\n\tat org.openqa.selenium.support.pagefactory.internal.LocatingElementHandler.invoke(LocatingElementHandler.java:51)\n\tat com.sun.proxy.$Proxy19.click(Unknown Source)\n\tat org.example.core.WebApi.clickToElement(WebApi.java:139)\n\tat org.example.pagesobject.NavigationPage.clickToNewSpaceBtn(NavigationPage.java:77)\n\tat tests.SpaceTests.verify_create_new_space_successfully(SpaceTests.java:65)\n\tat sun.reflect.NativeMethodAccessorImpl.invoke0(Native Method)\n\tat sun.reflect.NativeMethodAccessorImpl.invoke(NativeMethodAccessorImpl.java:62)\n\tat sun.reflect.DelegatingMethodAccessorImpl.invoke(DelegatingMethodAccessorImpl.java:43)\n\tat java.lang.reflect.Method.invoke(Method.java:498)\n\tat org.testng.internal.MethodInvocationHelper.invokeMethod(MethodInvocationHelper.java:134)\n\tat org.testng.internal.TestInvoker.invokeMethod(TestInvoker.java:597)\n\tat org.testng.internal.TestInvoker.invokeTestMethod(TestInvoker.java:173)\n\tat org.testng.internal.MethodRunner.runInSequence(MethodRunner.java:46)\n\tat org.testng.internal.TestInvoker$MethodInvocationAgent.invoke(TestInvoker.java:816)\n\tat org.testng.internal.TestInvoker.invokeTestMethods(TestInvoker.java:146)\n\tat org.testng.internal.TestMethodWorker.invokeTestMethods(TestMethodWorker.java:146)\n\tat org.testng.internal.TestMethodWorker.run(TestMethodWorker.java:128)\n\tat java.util.concurrent.ThreadPoolExecutor.runWorker(ThreadPoolExecutor.java:1149)\n\tat java.util.concurrent.ThreadPoolExecutor$Worker.run(ThreadPoolExecutor.java:624)\n\tat java.lang.Thread.run(Thread.java:750)\n","steps":[],"attachments":[],"parameters":[],"stepsCount":0,"attachmentsCount":0,"shouldDisplayMessage":true,"hasContent":true}],"attachments":[{"uid":"f3f89794898db7fc","name":"Failure Screenshot","source":"f3f89794898db7fc.png","type":"image/png","size":141942}],"parameters":[],"stepsCount":1,"attachmentsCount":1,"shouldDisplayMessage":false,"hasContent":true},"afterStages":[{"name":"cleanData","time":{"start":1687276454960,"stop":1687276455272,"duration":312},"description":"","status":"passed","steps":[{"name":"Delete space by space id","time":{"start":1687276454960,"stop":1687276455271,"duration":311},"status":"passed","steps":[],"attachments":[{"uid":"81eeebdcf7db63a8","name":"Request","source":"81eeebdcf7db63a8.html","type":"text/html","size":417},{"uid":"64dd920aa44acca5","name":"HTTP/1.1 200 OK","source":"64dd920aa44acca5.html","type":"text/html","size":1257}],"parameters":[{"name":"spaceId","value":"90100303365"}],"stepsCount":0,"attachmentsCount":2,"shouldDisplayMessage":false,"hasContent":true}],"attachments":[],"parameters":[],"stepsCount":1,"attachmentsCount":2,"shouldDisplayMessage":false,"hasContent":true},{"name":"afterMethod","time":{"start":1687276455273,"stop":1687276455332,"duration":59},"description":"","status":"passed","steps":[],"attachments":[],"parameters":[],"stepsCount":0,"attachmentsCount":0,"shouldDisplayMessage":false,"hasContent":false}],"labels":[{"name":"package","value":"tests.SpaceTests"},{"name":"testClass","value":"tests.SpaceTests"},{"name":"testMethod","value":"verify_create_new_space_successfully"},{"name":"parentSuite","value":"Setel Regression Suite"},{"name":"suite","value":"Setel Admin test on chrome"},{"name":"subSuite","value":"tests.SpaceTests"},{"name":"host","value":"fv-az587-32"},{"name":"thread","value":"2483@fv-az587-32.TestNG-test=Setel Admin test on chrome-1(11)"},{"name":"framework","value":"testng"},{"name":"language","value":"java"},{"name":"resultFormat","value":"allure2"}],"parameters":[],"links":[],"hidden":false,"retry":false,"extra":{"severity":"normal","retries":[],"categories":[{"name":"Test defects","matchedStatuses":[],"flaky":false}],"history":{"statistic":{"failed":0,"broken":1,"skipped":0,"passed":7,"unknown":0,"total":8},"items":[{"uid":"c66240f1c55ba0fb","reportUrl":"https://giangtb7798.github.io/clickup-automation-test/28//#testresult/c66240f1c55ba0fb","status":"passed","time":{"start":1687194495454,"stop":1687194503748,"duration":8294}},{"uid":"538e578e2448b17c","reportUrl":"https://giangtb7798.github.io/clickup-automation-test/27//#testresult/538e578e2448b17c","status":"passed","time":{"start":1686978813523,"stop":1686978824586,"duration":11063}},{"uid":"54293af2627c19f2","reportUrl":"https://giangtb7798.github.io/clickup-automation-test/26//#testresult/54293af2627c19f2","status":"passed","time":{"start":1681715776025,"stop":1681715785629,"duration":9604}},{"uid":"5bf50c2eba6386fb","reportUrl":"https://giangtb7798.github.io/clickup-automation-test/25//#testresult/5bf50c2eba6386fb","status":"passed","time":{"start":1681472929772,"stop":1681472939753,"duration":9981}},{"uid":"d87decc1a1f0d42a","reportUrl":"https://giangtb7798.github.io/clickup-automation-test/25//#testresult/d87decc1a1f0d42a","status":"passed","time":{"start":1681468876833,"stop":1681468885836,"duration":9003}},{"uid":"9425108abba44861","reportUrl":"https://giangtb7798.github.io/clickup-automation-test/22//#testresult/9425108abba44861","status":"passed","time":{"start":1681463518653,"stop":1681463527664,"duration":9011}},{"uid":"f2b901099c23df1d","reportUrl":"https://giangtb7798.github.io/clickup-automation-test/22//#testresult/f2b901099c23df1d","status":"passed","time":{"start":1681462073983,"stop":1681462082075,"duration":8092}}]},"tags":[]},"source":"f3f5934ae0af60a.json","parameterValues":[]}