{"uid":"4dbaf3038a415912","name":"verify that search feature works well","fullName":"tests.SearchTests.verify_search_feature_works_well","historyId":"8438e59447c9e714048093201085c5d4","time":{"start":1681187685498,"stop":1681187698445,"duration":12947},"status":"broken","statusMessage":"element click intercepted: Element <input data-test=\"command-bar__input\" class=\"Input-root-ed8Lu Input-rootEmpty-fr49z\" placeholder=\"Search or run a command…\" tabindex=\"0\" type=\"text\" spellcheck=\"false\" autocomplete=\"off\" autocapitalize=\"none\" autocorrect=\"off\" value=\"\" style=\"width: 326px;\"> is not clickable at point (184, 8). Other element would receive the click: <div data-test=\"modal__background\" class=\"cu-modal__inner ng-tns-c85-38 ng-trigger ng-trigger-createTaskModalState\">...</div>\n  (Session info: headless chrome=111.0.5563.146)\nBuild info: version: '3.141.59', revision: 'e82be7d358', time: '2018-11-14T08:17:03'\nSystem info: host: 'fv-az842-837', ip: '10.1.0.71', os.name: 'Linux', os.arch: 'amd64', os.version: '5.15.0-1035-azure', java.version: '1.8.0_362'\nDriver info: org.openqa.selenium.chrome.ChromeDriver\nCapabilities {acceptInsecureCerts: false, browserName: chrome, browserVersion: 111.0.5563.146, chrome: {chromedriverVersion: 111.0.5563.64 (c710e93d5b63..., userDataDir: /tmp/.com.google.Chrome.6v50tM}, goog:chromeOptions: {debuggerAddress: localhost:42839}, javascriptEnabled: true, networkConnectionEnabled: false, pageLoadStrategy: normal, platform: LINUX, platformName: LINUX, proxy: Proxy(), setWindowRect: true, strictFileInteractability: false, timeouts: {implicit: 0, pageLoad: 300000, script: 30000}, unhandledPromptBehavior: dismiss and notify, webauthn:extension:credBlob: true, webauthn:extension:largeBlob: true, webauthn:extension:minPinLength: true, webauthn:extension:prf: true, webauthn:virtualAuthenticators: true}\nSession ID: 1af0aa7e22dcf4a301ea79348c71b385","statusTrace":"org.openqa.selenium.ElementClickInterceptedException: element click intercepted: Element <input data-test=\"command-bar__input\" class=\"Input-root-ed8Lu Input-rootEmpty-fr49z\" placeholder=\"Search or run a command…\" tabindex=\"0\" type=\"text\" spellcheck=\"false\" autocomplete=\"off\" autocapitalize=\"none\" autocorrect=\"off\" value=\"\" style=\"width: 326px;\"> is not clickable at point (184, 8). Other element would receive the click: <div data-test=\"modal__background\" class=\"cu-modal__inner ng-tns-c85-38 ng-trigger ng-trigger-createTaskModalState\">...</div>\n  (Session info: headless chrome=111.0.5563.146)\nBuild info: version: '3.141.59', revision: 'e82be7d358', time: '2018-11-14T08:17:03'\nSystem info: host: 'fv-az842-837', ip: '10.1.0.71', os.name: 'Linux', os.arch: 'amd64', os.version: '5.15.0-1035-azure', java.version: '1.8.0_362'\nDriver info: org.openqa.selenium.chrome.ChromeDriver\nCapabilities {acceptInsecureCerts: false, browserName: chrome, browserVersion: 111.0.5563.146, chrome: {chromedriverVersion: 111.0.5563.64 (c710e93d5b63..., userDataDir: /tmp/.com.google.Chrome.6v50tM}, goog:chromeOptions: {debuggerAddress: localhost:42839}, javascriptEnabled: true, networkConnectionEnabled: false, pageLoadStrategy: normal, platform: LINUX, platformName: LINUX, proxy: Proxy(), setWindowRect: true, strictFileInteractability: false, timeouts: {implicit: 0, pageLoad: 300000, script: 30000}, unhandledPromptBehavior: dismiss and notify, webauthn:extension:credBlob: true, webauthn:extension:largeBlob: true, webauthn:extension:minPinLength: true, webauthn:extension:prf: true, webauthn:virtualAuthenticators: true}\nSession ID: 1af0aa7e22dcf4a301ea79348c71b385\n\tat sun.reflect.NativeConstructorAccessorImpl.newInstance0(Native Method)\n\tat sun.reflect.NativeConstructorAccessorImpl.newInstance(NativeConstructorAccessorImpl.java:62)\n\tat sun.reflect.DelegatingConstructorAccessorImpl.newInstance(DelegatingConstructorAccessorImpl.java:45)\n\tat java.lang.reflect.Constructor.newInstance(Constructor.java:423)\n\tat org.openqa.selenium.remote.http.W3CHttpResponseCodec.createException(W3CHttpResponseCodec.java:187)\n\tat org.openqa.selenium.remote.http.W3CHttpResponseCodec.decode(W3CHttpResponseCodec.java:122)\n\tat org.openqa.selenium.remote.http.W3CHttpResponseCodec.decode(W3CHttpResponseCodec.java:49)\n\tat org.openqa.selenium.remote.HttpCommandExecutor.execute(HttpCommandExecutor.java:158)\n\tat org.openqa.selenium.remote.service.DriverCommandExecutor.execute(DriverCommandExecutor.java:83)\n\tat org.openqa.selenium.remote.RemoteWebDriver.execute(RemoteWebDriver.java:552)\n\tat org.openqa.selenium.remote.RemoteWebElement.execute(RemoteWebElement.java:285)\n\tat org.openqa.selenium.remote.RemoteWebElement.click(RemoteWebElement.java:84)\n\tat sun.reflect.NativeMethodAccessorImpl.invoke0(Native Method)\n\tat sun.reflect.NativeMethodAccessorImpl.invoke(NativeMethodAccessorImpl.java:62)\n\tat sun.reflect.DelegatingMethodAccessorImpl.invoke(DelegatingMethodAccessorImpl.java:43)\n\tat java.lang.reflect.Method.invoke(Method.java:498)\n\tat org.openqa.selenium.support.pagefactory.internal.LocatingElementHandler.invoke(LocatingElementHandler.java:51)\n\tat com.sun.proxy.$Proxy19.click(Unknown Source)\n\tat org.example.core.WebApi.clickToElement(WebApi.java:139)\n\tat org.example.core.WebApi.selectAllWithKeys(WebApi.java:94)\n\tat org.example.core.WebApi.clearTextElementWithKeys(WebApi.java:161)\n\tat org.example.pagesobject.SearchPage.enterSearchValue(SearchPage.java:27)\n\tat tests.SearchTests.verify_search_feature_works_well(SearchTests.java:43)\n\tat sun.reflect.NativeMethodAccessorImpl.invoke0(Native Method)\n\tat sun.reflect.NativeMethodAccessorImpl.invoke(NativeMethodAccessorImpl.java:62)\n\tat sun.reflect.DelegatingMethodAccessorImpl.invoke(DelegatingMethodAccessorImpl.java:43)\n\tat java.lang.reflect.Method.invoke(Method.java:498)\n\tat org.testng.internal.MethodInvocationHelper.invokeMethod(MethodInvocationHelper.java:134)\n\tat org.testng.internal.TestInvoker.invokeMethod(TestInvoker.java:597)\n\tat org.testng.internal.TestInvoker.invokeTestMethod(TestInvoker.java:173)\n\tat org.testng.internal.MethodRunner.runInSequence(MethodRunner.java:46)\n\tat org.testng.internal.TestInvoker$MethodInvocationAgent.invoke(TestInvoker.java:816)\n\tat org.testng.internal.TestInvoker.invokeTestMethods(TestInvoker.java:146)\n\tat org.testng.internal.TestMethodWorker.invokeTestMethods(TestMethodWorker.java:146)\n\tat org.testng.internal.TestMethodWorker.run(TestMethodWorker.java:128)\n\tat java.util.concurrent.ThreadPoolExecutor.runWorker(ThreadPoolExecutor.java:1149)\n\tat java.util.concurrent.ThreadPoolExecutor$Worker.run(ThreadPoolExecutor.java:624)\n\tat java.lang.Thread.run(Thread.java:750)\n","flaky":false,"newFailed":false,"newBroken":false,"newPassed":false,"retriesCount":0,"retriesStatusChange":false,"beforeStages":[{"name":"beforeSuite","time":{"start":1681187665577,"stop":1681187665587,"duration":10},"description":"","status":"passed","steps":[],"attachments":[],"parameters":[],"stepsCount":0,"attachmentsCount":0,"shouldDisplayMessage":false,"hasContent":false},{"name":"beforeMethod","time":{"start":1681187677972,"stop":1681187678302,"duration":330},"description":"","status":"passed","steps":[],"attachments":[],"parameters":[],"stepsCount":0,"attachmentsCount":0,"shouldDisplayMessage":false,"hasContent":false},{"name":"login","time":{"start":1681187678303,"stop":1681187685496,"duration":7193},"description":"","status":"passed","steps":[{"name":"go to login page","time":{"start":1681187678304,"stop":1681187684357,"duration":6053},"status":"passed","steps":[],"attachments":[],"parameters":[],"stepsCount":0,"attachmentsCount":0,"shouldDisplayMessage":false,"hasContent":false},{"name":"Enter your email address","time":{"start":1681187684357,"stop":1681187684708,"duration":351},"status":"passed","steps":[],"attachments":[],"parameters":[{"name":"emailAddress","value":"ntruonggiangtb98@gmail.com"}],"stepsCount":0,"attachmentsCount":0,"shouldDisplayMessage":false,"hasContent":true},{"name":"Enter your password","time":{"start":1681187684709,"stop":1681187685137,"duration":428},"status":"passed","steps":[],"attachments":[],"parameters":[{"name":"password","value":"07071998Gg"}],"stepsCount":0,"attachmentsCount":0,"shouldDisplayMessage":false,"hasContent":true},{"name":"Click to submit button","time":{"start":1681187685137,"stop":1681187685496,"duration":359},"status":"passed","steps":[],"attachments":[],"parameters":[],"stepsCount":0,"attachmentsCount":0,"shouldDisplayMessage":false,"hasContent":false}],"attachments":[],"parameters":[],"stepsCount":4,"attachmentsCount":0,"shouldDisplayMessage":false,"hasContent":true}],"testStage":{"status":"broken","statusMessage":"element click intercepted: Element <input data-test=\"command-bar__input\" class=\"Input-root-ed8Lu Input-rootEmpty-fr49z\" placeholder=\"Search or run a command…\" tabindex=\"0\" type=\"text\" spellcheck=\"false\" autocomplete=\"off\" autocapitalize=\"none\" autocorrect=\"off\" value=\"\" style=\"width: 326px;\"> is not clickable at point (184, 8). Other element would receive the click: <div data-test=\"modal__background\" class=\"cu-modal__inner ng-tns-c85-38 ng-trigger ng-trigger-createTaskModalState\">...</div>\n  (Session info: headless chrome=111.0.5563.146)\nBuild info: version: '3.141.59', revision: 'e82be7d358', time: '2018-11-14T08:17:03'\nSystem info: host: 'fv-az842-837', ip: '10.1.0.71', os.name: 'Linux', os.arch: 'amd64', os.version: '5.15.0-1035-azure', java.version: '1.8.0_362'\nDriver info: org.openqa.selenium.chrome.ChromeDriver\nCapabilities {acceptInsecureCerts: false, browserName: chrome, browserVersion: 111.0.5563.146, chrome: {chromedriverVersion: 111.0.5563.64 (c710e93d5b63..., userDataDir: /tmp/.com.google.Chrome.6v50tM}, goog:chromeOptions: {debuggerAddress: localhost:42839}, javascriptEnabled: true, networkConnectionEnabled: false, pageLoadStrategy: normal, platform: LINUX, platformName: LINUX, proxy: Proxy(), setWindowRect: true, strictFileInteractability: false, timeouts: {implicit: 0, pageLoad: 300000, script: 30000}, unhandledPromptBehavior: dismiss and notify, webauthn:extension:credBlob: true, webauthn:extension:largeBlob: true, webauthn:extension:minPinLength: true, webauthn:extension:prf: true, webauthn:virtualAuthenticators: true}\nSession ID: 1af0aa7e22dcf4a301ea79348c71b385","statusTrace":"org.openqa.selenium.ElementClickInterceptedException: element click intercepted: Element <input data-test=\"command-bar__input\" class=\"Input-root-ed8Lu Input-rootEmpty-fr49z\" placeholder=\"Search or run a command…\" tabindex=\"0\" type=\"text\" spellcheck=\"false\" autocomplete=\"off\" autocapitalize=\"none\" autocorrect=\"off\" value=\"\" style=\"width: 326px;\"> is not clickable at point (184, 8). Other element would receive the click: <div data-test=\"modal__background\" class=\"cu-modal__inner ng-tns-c85-38 ng-trigger ng-trigger-createTaskModalState\">...</div>\n  (Session info: headless chrome=111.0.5563.146)\nBuild info: version: '3.141.59', revision: 'e82be7d358', time: '2018-11-14T08:17:03'\nSystem info: host: 'fv-az842-837', ip: '10.1.0.71', os.name: 'Linux', os.arch: 'amd64', os.version: '5.15.0-1035-azure', java.version: '1.8.0_362'\nDriver info: org.openqa.selenium.chrome.ChromeDriver\nCapabilities {acceptInsecureCerts: false, browserName: chrome, browserVersion: 111.0.5563.146, chrome: {chromedriverVersion: 111.0.5563.64 (c710e93d5b63..., userDataDir: /tmp/.com.google.Chrome.6v50tM}, goog:chromeOptions: {debuggerAddress: localhost:42839}, javascriptEnabled: true, networkConnectionEnabled: false, pageLoadStrategy: normal, platform: LINUX, platformName: LINUX, proxy: Proxy(), setWindowRect: true, strictFileInteractability: false, timeouts: {implicit: 0, pageLoad: 300000, script: 30000}, unhandledPromptBehavior: dismiss and notify, webauthn:extension:credBlob: true, webauthn:extension:largeBlob: true, webauthn:extension:minPinLength: true, webauthn:extension:prf: true, webauthn:virtualAuthenticators: true}\nSession ID: 1af0aa7e22dcf4a301ea79348c71b385\n\tat sun.reflect.NativeConstructorAccessorImpl.newInstance0(Native Method)\n\tat sun.reflect.NativeConstructorAccessorImpl.newInstance(NativeConstructorAccessorImpl.java:62)\n\tat sun.reflect.DelegatingConstructorAccessorImpl.newInstance(DelegatingConstructorAccessorImpl.java:45)\n\tat java.lang.reflect.Constructor.newInstance(Constructor.java:423)\n\tat org.openqa.selenium.remote.http.W3CHttpResponseCodec.createException(W3CHttpResponseCodec.java:187)\n\tat org.openqa.selenium.remote.http.W3CHttpResponseCodec.decode(W3CHttpResponseCodec.java:122)\n\tat org.openqa.selenium.remote.http.W3CHttpResponseCodec.decode(W3CHttpResponseCodec.java:49)\n\tat org.openqa.selenium.remote.HttpCommandExecutor.execute(HttpCommandExecutor.java:158)\n\tat org.openqa.selenium.remote.service.DriverCommandExecutor.execute(DriverCommandExecutor.java:83)\n\tat org.openqa.selenium.remote.RemoteWebDriver.execute(RemoteWebDriver.java:552)\n\tat org.openqa.selenium.remote.RemoteWebElement.execute(RemoteWebElement.java:285)\n\tat org.openqa.selenium.remote.RemoteWebElement.click(RemoteWebElement.java:84)\n\tat sun.reflect.NativeMethodAccessorImpl.invoke0(Native Method)\n\tat sun.reflect.NativeMethodAccessorImpl.invoke(NativeMethodAccessorImpl.java:62)\n\tat sun.reflect.DelegatingMethodAccessorImpl.invoke(DelegatingMethodAccessorImpl.java:43)\n\tat java.lang.reflect.Method.invoke(Method.java:498)\n\tat org.openqa.selenium.support.pagefactory.internal.LocatingElementHandler.invoke(LocatingElementHandler.java:51)\n\tat com.sun.proxy.$Proxy19.click(Unknown Source)\n\tat org.example.core.WebApi.clickToElement(WebApi.java:139)\n\tat org.example.core.WebApi.selectAllWithKeys(WebApi.java:94)\n\tat org.example.core.WebApi.clearTextElementWithKeys(WebApi.java:161)\n\tat org.example.pagesobject.SearchPage.enterSearchValue(SearchPage.java:27)\n\tat tests.SearchTests.verify_search_feature_works_well(SearchTests.java:43)\n\tat sun.reflect.NativeMethodAccessorImpl.invoke0(Native Method)\n\tat sun.reflect.NativeMethodAccessorImpl.invoke(NativeMethodAccessorImpl.java:62)\n\tat sun.reflect.DelegatingMethodAccessorImpl.invoke(DelegatingMethodAccessorImpl.java:43)\n\tat java.lang.reflect.Method.invoke(Method.java:498)\n\tat org.testng.internal.MethodInvocationHelper.invokeMethod(MethodInvocationHelper.java:134)\n\tat org.testng.internal.TestInvoker.invokeMethod(TestInvoker.java:597)\n\tat org.testng.internal.TestInvoker.invokeTestMethod(TestInvoker.java:173)\n\tat org.testng.internal.MethodRunner.runInSequence(MethodRunner.java:46)\n\tat org.testng.internal.TestInvoker$MethodInvocationAgent.invoke(TestInvoker.java:816)\n\tat org.testng.internal.TestInvoker.invokeTestMethods(TestInvoker.java:146)\n\tat org.testng.internal.TestMethodWorker.invokeTestMethods(TestMethodWorker.java:146)\n\tat org.testng.internal.TestMethodWorker.run(TestMethodWorker.java:128)\n\tat java.util.concurrent.ThreadPoolExecutor.runWorker(ThreadPoolExecutor.java:1149)\n\tat java.util.concurrent.ThreadPoolExecutor$Worker.run(ThreadPoolExecutor.java:624)\n\tat java.lang.Thread.run(Thread.java:750)\n","steps":[{"name":"click to search field","time":{"start":1681187685552,"stop":1681187695723,"duration":10171},"status":"passed","steps":[],"attachments":[],"parameters":[],"stepsCount":0,"attachmentsCount":0,"shouldDisplayMessage":false,"hasContent":false},{"name":"enter search value","time":{"start":1681187695725,"stop":1681187698236,"duration":2511},"status":"broken","statusMessage":"element click intercepted: Element <input data-test=\"command-bar__input\" class=\"Input-root-ed8Lu Input-rootEmpty-fr49z\" placeholder=\"Search or run a command…\" tabindex=\"0\" type=\"text\" spellcheck=\"false\" autocomplete=\"off\" autocapitalize=\"none\" autocorrect=\"off\" value=\"\" style=\"width: 326px;\"> is not clickable at point (184, 8). Other element would receive the click: <div data-test=\"modal__background\" class=\"cu-modal__inner ng-tns-c85-38 ng-trigger ng-trigger-createTaskModalState\">...</div>\n  (Session info: headless chrome=111.0.5563.146)\nBuild info: version: '3.141.59', revision: 'e82be7d358', time: '2018-11-14T08:17:03'\nSystem info: host: 'fv-az842-837', ip: '10.1.0.71', os.name: 'Linux', os.arch: 'amd64', os.version: '5.15.0-1035-azure', java.version: '1.8.0_362'\nDriver info: org.openqa.selenium.chrome.ChromeDriver\nCapabilities {acceptInsecureCerts: false, browserName: chrome, browserVersion: 111.0.5563.146, chrome: {chromedriverVersion: 111.0.5563.64 (c710e93d5b63..., userDataDir: /tmp/.com.google.Chrome.6v50tM}, goog:chromeOptions: {debuggerAddress: localhost:42839}, javascriptEnabled: true, networkConnectionEnabled: false, pageLoadStrategy: normal, platform: LINUX, platformName: LINUX, proxy: Proxy(), setWindowRect: true, strictFileInteractability: false, timeouts: {implicit: 0, pageLoad: 300000, script: 30000}, unhandledPromptBehavior: dismiss and notify, webauthn:extension:credBlob: true, webauthn:extension:largeBlob: true, webauthn:extension:minPinLength: true, webauthn:extension:prf: true, webauthn:virtualAuthenticators: true}\nSession ID: 1af0aa7e22dcf4a301ea79348c71b385","statusTrace":"org.openqa.selenium.ElementClickInterceptedException: element click intercepted: Element <input data-test=\"command-bar__input\" class=\"Input-root-ed8Lu Input-rootEmpty-fr49z\" placeholder=\"Search or run a command…\" tabindex=\"0\" type=\"text\" spellcheck=\"false\" autocomplete=\"off\" autocapitalize=\"none\" autocorrect=\"off\" value=\"\" style=\"width: 326px;\"> is not clickable at point (184, 8). Other element would receive the click: <div data-test=\"modal__background\" class=\"cu-modal__inner ng-tns-c85-38 ng-trigger ng-trigger-createTaskModalState\">...</div>\n  (Session info: headless chrome=111.0.5563.146)\nBuild info: version: '3.141.59', revision: 'e82be7d358', time: '2018-11-14T08:17:03'\nSystem info: host: 'fv-az842-837', ip: '10.1.0.71', os.name: 'Linux', os.arch: 'amd64', os.version: '5.15.0-1035-azure', java.version: '1.8.0_362'\nDriver info: org.openqa.selenium.chrome.ChromeDriver\nCapabilities {acceptInsecureCerts: false, browserName: chrome, browserVersion: 111.0.5563.146, chrome: {chromedriverVersion: 111.0.5563.64 (c710e93d5b63..., userDataDir: /tmp/.com.google.Chrome.6v50tM}, goog:chromeOptions: {debuggerAddress: localhost:42839}, javascriptEnabled: true, networkConnectionEnabled: false, pageLoadStrategy: normal, platform: LINUX, platformName: LINUX, proxy: Proxy(), setWindowRect: true, strictFileInteractability: false, timeouts: {implicit: 0, pageLoad: 300000, script: 30000}, unhandledPromptBehavior: dismiss and notify, webauthn:extension:credBlob: true, webauthn:extension:largeBlob: true, webauthn:extension:minPinLength: true, webauthn:extension:prf: true, webauthn:virtualAuthenticators: true}\nSession ID: 1af0aa7e22dcf4a301ea79348c71b385\n\tat sun.reflect.NativeConstructorAccessorImpl.newInstance0(Native Method)\n\tat sun.reflect.NativeConstructorAccessorImpl.newInstance(NativeConstructorAccessorImpl.java:62)\n\tat sun.reflect.DelegatingConstructorAccessorImpl.newInstance(DelegatingConstructorAccessorImpl.java:45)\n\tat java.lang.reflect.Constructor.newInstance(Constructor.java:423)\n\tat org.openqa.selenium.remote.http.W3CHttpResponseCodec.createException(W3CHttpResponseCodec.java:187)\n\tat org.openqa.selenium.remote.http.W3CHttpResponseCodec.decode(W3CHttpResponseCodec.java:122)\n\tat org.openqa.selenium.remote.http.W3CHttpResponseCodec.decode(W3CHttpResponseCodec.java:49)\n\tat org.openqa.selenium.remote.HttpCommandExecutor.execute(HttpCommandExecutor.java:158)\n\tat org.openqa.selenium.remote.service.DriverCommandExecutor.execute(DriverCommandExecutor.java:83)\n\tat org.openqa.selenium.remote.RemoteWebDriver.execute(RemoteWebDriver.java:552)\n\tat org.openqa.selenium.remote.RemoteWebElement.execute(RemoteWebElement.java:285)\n\tat org.openqa.selenium.remote.RemoteWebElement.click(RemoteWebElement.java:84)\n\tat sun.reflect.NativeMethodAccessorImpl.invoke0(Native Method)\n\tat sun.reflect.NativeMethodAccessorImpl.invoke(NativeMethodAccessorImpl.java:62)\n\tat sun.reflect.DelegatingMethodAccessorImpl.invoke(DelegatingMethodAccessorImpl.java:43)\n\tat java.lang.reflect.Method.invoke(Method.java:498)\n\tat org.openqa.selenium.support.pagefactory.internal.LocatingElementHandler.invoke(LocatingElementHandler.java:51)\n\tat com.sun.proxy.$Proxy19.click(Unknown Source)\n\tat org.example.core.WebApi.clickToElement(WebApi.java:139)\n\tat org.example.core.WebApi.selectAllWithKeys(WebApi.java:94)\n\tat org.example.core.WebApi.clearTextElementWithKeys(WebApi.java:161)\n\tat org.example.pagesobject.SearchPage.enterSearchValue(SearchPage.java:27)\n\tat tests.SearchTests.verify_search_feature_works_well(SearchTests.java:43)\n\tat sun.reflect.NativeMethodAccessorImpl.invoke0(Native Method)\n\tat sun.reflect.NativeMethodAccessorImpl.invoke(NativeMethodAccessorImpl.java:62)\n\tat sun.reflect.DelegatingMethodAccessorImpl.invoke(DelegatingMethodAccessorImpl.java:43)\n\tat java.lang.reflect.Method.invoke(Method.java:498)\n\tat org.testng.internal.MethodInvocationHelper.invokeMethod(MethodInvocationHelper.java:134)\n\tat org.testng.internal.TestInvoker.invokeMethod(TestInvoker.java:597)\n\tat org.testng.internal.TestInvoker.invokeTestMethod(TestInvoker.java:173)\n\tat org.testng.internal.MethodRunner.runInSequence(MethodRunner.java:46)\n\tat org.testng.internal.TestInvoker$MethodInvocationAgent.invoke(TestInvoker.java:816)\n\tat org.testng.internal.TestInvoker.invokeTestMethods(TestInvoker.java:146)\n\tat org.testng.internal.TestMethodWorker.invokeTestMethods(TestMethodWorker.java:146)\n\tat org.testng.internal.TestMethodWorker.run(TestMethodWorker.java:128)\n\tat java.util.concurrent.ThreadPoolExecutor.runWorker(ThreadPoolExecutor.java:1149)\n\tat java.util.concurrent.ThreadPoolExecutor$Worker.run(ThreadPoolExecutor.java:624)\n\tat java.lang.Thread.run(Thread.java:750)\n","steps":[],"attachments":[],"parameters":[{"name":"value","value":"do not edit"}],"stepsCount":0,"attachmentsCount":0,"shouldDisplayMessage":true,"hasContent":true}],"attachments":[{"uid":"7c4cba7c1429cbc5","name":"Failure Screenshot","source":"7c4cba7c1429cbc5.png","type":"image/png","size":56522}],"parameters":[],"stepsCount":2,"attachmentsCount":1,"shouldDisplayMessage":false,"hasContent":true},"afterStages":[{"name":"afterMethod","time":{"start":1681187698457,"stop":1681187698536,"duration":79},"description":"","status":"passed","steps":[],"attachments":[],"parameters":[],"stepsCount":0,"attachmentsCount":0,"shouldDisplayMessage":false,"hasContent":false}],"labels":[{"name":"package","value":"tests.SearchTests"},{"name":"testClass","value":"tests.SearchTests"},{"name":"testMethod","value":"verify_search_feature_works_well"},{"name":"parentSuite","value":"Setel Regression Suite"},{"name":"suite","value":"Setel Admin test on chrome"},{"name":"subSuite","value":"tests.SearchTests"},{"name":"host","value":"fv-az842-837"},{"name":"thread","value":"2466@fv-az842-837.TestNG-test=Setel Admin test on chrome-2(12)"},{"name":"framework","value":"testng"},{"name":"language","value":"java"},{"name":"resultFormat","value":"allure2"}],"parameters":[],"links":[],"hidden":false,"retry":false,"extra":{"severity":"normal","retries":[],"categories":[{"name":"Test defects","matchedStatuses":[],"flaky":false}],"history":{"statistic":{"failed":0,"broken":5,"skipped":1,"passed":0,"unknown":0,"total":6},"items":[{"uid":"38ba56e9a0b87cc0","reportUrl":"https://giangtb7798.github.io/clickup-automation-test/20//#testresult/38ba56e9a0b87cc0","status":"broken","statusDetails":"element click intercepted: Element <div data-test=\"search__inner\" class=\"cu-search-button__inner\">...</div> is not clickable at point (148, 71). Other element would receive the click: <div role=\"dialog\" aria-modal=\"true\" data-test=\"modal__dialog\" class=\"ng-tns-c85-23 cu-modal__dialog\" aria-labelledby=\"cu-modal__title\">...</div>\n  (Session info: headless chrome=111.0.5563.146)\nBuild info: version: '3.141.59', revision: 'e82be7d358', time: '2018-11-14T08:17:03'\nSystem info: host: 'fv-az180-579', ip: '10.1.146.5', os.name: 'Linux', os.arch: 'amd64', os.version: '5.15.0-1035-azure', java.version: '1.8.0_362'\nDriver info: org.openqa.selenium.chrome.ChromeDriver\nCapabilities {acceptInsecureCerts: false, browserName: chrome, browserVersion: 111.0.5563.146, chrome: {chromedriverVersion: 111.0.5563.64 (c710e93d5b63..., userDataDir: /tmp/.com.google.Chrome.rWln4N}, goog:chromeOptions: {debuggerAddress: localhost:42391}, javascriptEnabled: true, networkConnectionEnabled: false, pageLoadStrategy: normal, platform: LINUX, platformName: LINUX, proxy: Proxy(), setWindowRect: true, strictFileInteractability: false, timeouts: {implicit: 0, pageLoad: 300000, script: 30000}, unhandledPromptBehavior: dismiss and notify, webauthn:extension:credBlob: true, webauthn:extension:largeBlob: true, webauthn:extension:minPinLength: true, webauthn:extension:prf: true, webauthn:virtualAuthenticators: true}\nSession ID: 7bc5e4a23e5388b3ed6e1dab82e2f21a","time":{"start":1681111632197,"stop":1681111646159,"duration":13962}},{"uid":"cd8b941526a2e807","reportUrl":"https://giangtb7798.github.io/clickup-automation-test/19//#testresult/cd8b941526a2e807","status":"broken","statusDetails":"element click intercepted: Element <div data-test=\"search__inner\" class=\"cu-search-button__inner\">...</div> is not clickable at point (148, 71). Other element would receive the click: <div role=\"dialog\" aria-modal=\"true\" data-test=\"modal__dialog\" class=\"ng-tns-c85-23 cu-modal__dialog\" aria-labelledby=\"cu-modal__title\">...</div>\n  (Session info: headless chrome=111.0.5563.146)\nBuild info: version: '3.141.59', revision: 'e82be7d358', time: '2018-11-14T08:17:03'\nSystem info: host: 'fv-az167-50', ip: '10.1.0.43', os.name: 'Linux', os.arch: 'amd64', os.version: '5.15.0-1035-azure', java.version: '1.8.0_362'\nDriver info: org.openqa.selenium.chrome.ChromeDriver\nCapabilities {acceptInsecureCerts: false, browserName: chrome, browserVersion: 111.0.5563.146, chrome: {chromedriverVersion: 111.0.5563.64 (c710e93d5b63..., userDataDir: /tmp/.com.google.Chrome.uo5GoW}, goog:chromeOptions: {debuggerAddress: localhost:44497}, javascriptEnabled: true, networkConnectionEnabled: false, pageLoadStrategy: normal, platform: LINUX, platformName: LINUX, proxy: Proxy(), setWindowRect: true, strictFileInteractability: false, timeouts: {implicit: 0, pageLoad: 300000, script: 30000}, unhandledPromptBehavior: dismiss and notify, webauthn:extension:credBlob: true, webauthn:extension:largeBlob: true, webauthn:extension:minPinLength: true, webauthn:extension:prf: true, webauthn:virtualAuthenticators: true}\nSession ID: 37263d2f650da95432ddba0e59a79ed1","time":{"start":1681109472742,"stop":1681109483672,"duration":10930}},{"uid":"d905d624c0ffe450","reportUrl":"https://giangtb7798.github.io/clickup-automation-test/18//#testresult/d905d624c0ffe450","status":"broken","statusDetails":"element click intercepted: Element <input data-test=\"command-bar__input\" class=\"Input-root-ed8Lu Input-rootEmpty-fr49z\" placeholder=\"Search or run a command…\" tabindex=\"0\" type=\"text\" spellcheck=\"false\" autocomplete=\"off\" autocapitalize=\"none\" autocorrect=\"off\" value=\"\" style=\"width: 326px;\"> is not clickable at point (184, 8). Other element would receive the click: <div data-test=\"modal__background\" class=\"cu-modal__inner ng-tns-c85-40 ng-trigger ng-trigger-createTaskModalState\">...</div>\n  (Session info: headless chrome=111.0.5563.146)\nBuild info: version: '3.141.59', revision: 'e82be7d358', time: '2018-11-14T08:17:03'\nSystem info: host: 'fv-az398-808', ip: '10.1.0.38', os.name: 'Linux', os.arch: 'amd64', os.version: '5.15.0-1035-azure', java.version: '1.8.0_362'\nDriver info: org.openqa.selenium.chrome.ChromeDriver\nCapabilities {acceptInsecureCerts: false, browserName: chrome, browserVersion: 111.0.5563.146, chrome: {chromedriverVersion: 111.0.5563.64 (c710e93d5b63..., userDataDir: /tmp/.com.google.Chrome.KzL7nB}, goog:chromeOptions: {debuggerAddress: localhost:33743}, javascriptEnabled: true, networkConnectionEnabled: false, pageLoadStrategy: normal, platform: LINUX, platformName: LINUX, proxy: Proxy(), setWindowRect: true, strictFileInteractability: false, timeouts: {implicit: 0, pageLoad: 300000, script: 30000}, unhandledPromptBehavior: dismiss and notify, webauthn:extension:credBlob: true, webauthn:extension:largeBlob: true, webauthn:extension:minPinLength: true, webauthn:extension:prf: true, webauthn:virtualAuthenticators: true}\nSession ID: 5c1e70bcb9a2242684c49d279f490676","time":{"start":1681049426442,"stop":1681049437278,"duration":10836}},{"uid":"32dc5176f79fc70e","reportUrl":"https://giangtb7798.github.io/clickup-automation-test/17//#testresult/32dc5176f79fc70e","status":"broken","statusDetails":"element click intercepted: Element <input data-test=\"command-bar__input\" class=\"Input-root-ed8Lu Input-rootEmpty-fr49z\" placeholder=\"Search or run a command…\" tabindex=\"0\" type=\"text\" spellcheck=\"false\" autocomplete=\"off\" autocapitalize=\"none\" autocorrect=\"off\" value=\"\" style=\"width: 326px;\"> is not clickable at point (184, 8). Other element would receive the click: <div data-test=\"modal__background\" class=\"cu-modal__inner ng-tns-c85-27 ng-trigger ng-trigger-createTaskModalState\">...</div>\n  (Session info: headless chrome=111.0.5563.146)\nBuild info: version: '3.141.59', revision: 'e82be7d358', time: '2018-11-14T08:17:03'\nSystem info: host: 'fv-az576-261', ip: '10.1.0.67', os.name: 'Linux', os.arch: 'amd64', os.version: '5.15.0-1035-azure', java.version: '1.8.0_362'\nDriver info: org.openqa.selenium.chrome.ChromeDriver\nCapabilities {acceptInsecureCerts: false, browserName: chrome, browserVersion: 111.0.5563.146, chrome: {chromedriverVersion: 111.0.5563.64 (c710e93d5b63..., userDataDir: /tmp/.com.google.Chrome.DQ8bUf}, goog:chromeOptions: {debuggerAddress: localhost:34815}, javascriptEnabled: true, networkConnectionEnabled: false, pageLoadStrategy: normal, platform: LINUX, platformName: LINUX, proxy: Proxy(), setWindowRect: true, strictFileInteractability: false, timeouts: {implicit: 0, pageLoad: 300000, script: 30000}, unhandledPromptBehavior: dismiss and notify, webauthn:extension:credBlob: true, webauthn:extension:largeBlob: true, webauthn:extension:minPinLength: true, webauthn:extension:prf: true, webauthn:virtualAuthenticators: true}\nSession ID: 2d29caf7777297b962817be44f19f3bc","time":{"start":1681049130316,"stop":1681049141917,"duration":11601}},{"uid":"8026cbe1978f3d71","reportUrl":"https://giangtb7798.github.io/clickup-automation-test/11//#testresult/8026cbe1978f3d71","status":"skipped","statusDetails":"unknown error: Chrome failed to start: exited abnormally.\n  (unknown error: DevToolsActivePort file doesn't exist)\n  (The process started from chrome location /usr/bin/google-chrome is no longer running, so ChromeDriver is assuming that Chrome has crashed.)\nBuild info: version: '3.141.59', revision: 'e82be7d358', time: '2018-11-14T08:17:03'\nSystem info: host: 'fv-az168-311', ip: '10.1.0.36', os.name: 'Linux', os.arch: 'amd64', os.version: '5.15.0-1035-azure', java.version: '1.8.0_362'\nDriver info: driver.version: ChromeDriver\nremote stacktrace: #0 0x5646b883b243 <unknown>\n#1 0x5646b85ff7a6 <unknown>\n#2 0x5646b8628520 <unknown>\n#3 0x5646b862449b <unknown>\n#4 0x5646b86662a7 <unknown>\n#5 0x5646b86658cf <unknown>\n#6 0x5646b865ce53 <unknown>\n#7 0x5646b862f9ea <unknown>\n#8 0x5646b8630b2e <unknown>\n#9 0x5646b888fd5e <unknown>\n#10 0x5646b8893a80 <unknown>\n#11 0x5646b88758b0 <unknown>\n#12 0x5646b8894b63 <unknown>\n#13 0x5646b8866f75 <unknown>\n#14 0x5646b88b7998 <unknown>\n#15 0x5646b88b7b27 <unknown>\n#16 0x5646b88d2c23 <unknown>\n#17 0x7f4eb2584b43 <unknown>\n","time":{"start":1681047049607,"stop":1681047049608,"duration":1}}]},"tags":[]},"source":"4dbaf3038a415912.json","parameterValues":[]}