{"uid":"b8f87f98e6c307ad","name":"verify create subtask function","fullName":"tests.TaskTests.verifyCreateSubtaskFunction","historyId":"d71f3b5e4dddf4a82b7dcd20a48ed0dc","time":{"start":1681187746889,"stop":1681187748387,"duration":1498},"status":"failed","statusMessage":"1 expectation failed.\nExpected status code <200> but was <400>.\n","statusTrace":"java.lang.AssertionError: 1 expectation failed.\nExpected status code <200> but was <400>.\n\n\tat sun.reflect.NativeConstructorAccessorImpl.newInstance0(Native Method)\n\tat sun.reflect.NativeConstructorAccessorImpl.newInstance(NativeConstructorAccessorImpl.java:62)\n\tat sun.reflect.DelegatingConstructorAccessorImpl.newInstance(DelegatingConstructorAccessorImpl.java:45)\n\tat java.lang.reflect.Constructor.newInstance(Constructor.java:423)\n\tat org.codehaus.groovy.reflection.CachedConstructor.invoke(CachedConstructor.java:83)\n\tat org.codehaus.groovy.reflection.CachedConstructor.doConstructorInvoke(CachedConstructor.java:77)\n\tat org.codehaus.groovy.runtime.callsite.ConstructorSite$ConstructorSiteNoUnwrap.callConstructor(ConstructorSite.java:84)\n\tat org.codehaus.groovy.runtime.callsite.AbstractCallSite.callConstructor(AbstractCallSite.java:247)\n\tat io.restassured.internal.ResponseSpecificationImpl$HamcrestAssertionClosure.validate(ResponseSpecificationImpl.groovy:493)\n\tat io.restassured.internal.ResponseSpecificationImpl$HamcrestAssertionClosure$validate$1.call(Unknown Source)\n\tat io.restassured.internal.ResponseSpecificationImpl.validateResponseIfRequired(ResponseSpecificationImpl.groovy:674)\n\tat sun.reflect.NativeMethodAccessorImpl.invoke0(Native Method)\n\tat sun.reflect.NativeMethodAccessorImpl.invoke(NativeMethodAccessorImpl.java:62)\n\tat sun.reflect.DelegatingMethodAccessorImpl.invoke(DelegatingMethodAccessorImpl.java:43)\n\tat java.lang.reflect.Method.invoke(Method.java:498)\n\tat org.codehaus.groovy.runtime.callsite.PogoMetaMethodSite$PogoCachedMethodSiteNoUnwrapNoCoerce.invoke(PogoMetaMethodSite.java:210)\n\tat org.codehaus.groovy.runtime.callsite.PogoMetaMethodSite.callCurrent(PogoMetaMethodSite.java:59)\n\tat org.codehaus.groovy.runtime.callsite.AbstractCallSite.callCurrent(AbstractCallSite.java:166)\n\tat io.restassured.internal.ResponseSpecificationImpl.statusCode(ResponseSpecificationImpl.groovy:126)\n\tat io.restassured.specification.ResponseSpecification$statusCode$1.callCurrent(Unknown Source)\n\tat io.restassured.internal.ResponseSpecificationImpl.statusCode(ResponseSpecificationImpl.groovy:134)\n\tat io.restassured.internal.ValidatableResponseOptionsImpl.statusCode(ValidatableResponseOptionsImpl.java:89)\n\tat io.restassured.internal.ValidatableResponseImpl.super$2$statusCode(ValidatableResponseImpl.groovy)\n\tat sun.reflect.NativeMethodAccessorImpl.invoke0(Native Method)\n\tat sun.reflect.NativeMethodAccessorImpl.invoke(NativeMethodAccessorImpl.java:62)\n\tat sun.reflect.DelegatingMethodAccessorImpl.invoke(DelegatingMethodAccessorImpl.java:43)\n\tat java.lang.reflect.Method.invoke(Method.java:498)\n\tat org.codehaus.groovy.reflection.CachedMethod.invoke(CachedMethod.java:93)\n\tat groovy.lang.MetaMethod.doMethodInvoke(MetaMethod.java:325)\n\tat groovy.lang.MetaClassImpl.invokeMethod(MetaClassImpl.java:1215)\n\tat org.codehaus.groovy.runtime.ScriptBytecodeAdapter.invokeMethodOnSuperN(ScriptBytecodeAdapter.java:132)\n\tat io.restassured.internal.ValidatableResponseImpl.statusCode(ValidatableResponseImpl.groovy:142)\n\tat io.restassured.internal.ValidatableResponseImpl.statusCode(ValidatableResponseImpl.groovy)\n\tat org.example.core.BaseApi.validateResponse(BaseApi.java:17)\n\tat tests.TaskTests.verifyCreateSubtaskFunction(TaskTests.java:110)\n\tat sun.reflect.NativeMethodAccessorImpl.invoke0(Native Method)\n\tat sun.reflect.NativeMethodAccessorImpl.invoke(NativeMethodAccessorImpl.java:62)\n\tat sun.reflect.DelegatingMethodAccessorImpl.invoke(DelegatingMethodAccessorImpl.java:43)\n\tat java.lang.reflect.Method.invoke(Method.java:498)\n\tat org.testng.internal.MethodInvocationHelper.invokeMethod(MethodInvocationHelper.java:134)\n\tat org.testng.internal.TestInvoker.invokeMethod(TestInvoker.java:597)\n\tat org.testng.internal.TestInvoker.invokeTestMethod(TestInvoker.java:173)\n\tat org.testng.internal.MethodRunner.runInSequence(MethodRunner.java:46)\n\tat org.testng.internal.TestInvoker$MethodInvocationAgent.invoke(TestInvoker.java:816)\n\tat org.testng.internal.TestInvoker.invokeTestMethods(TestInvoker.java:146)\n\tat org.testng.internal.TestMethodWorker.invokeTestMethods(TestMethodWorker.java:146)\n\tat org.testng.internal.TestMethodWorker.run(TestMethodWorker.java:128)\n\tat java.util.concurrent.ThreadPoolExecutor.runWorker(ThreadPoolExecutor.java:1149)\n\tat java.util.concurrent.ThreadPoolExecutor$Worker.run(ThreadPoolExecutor.java:624)\n\tat java.lang.Thread.run(Thread.java:750)\n","flaky":false,"newFailed":false,"newBroken":false,"newPassed":false,"retriesCount":0,"retriesStatusChange":false,"beforeStages":[{"name":"beforeSuite","time":{"start":1681187665577,"stop":1681187665587,"duration":10},"description":"","status":"passed","steps":[],"attachments":[],"parameters":[],"stepsCount":0,"attachmentsCount":0,"shouldDisplayMessage":false,"hasContent":false},{"name":"beforeMethod","time":{"start":1681187740837,"stop":1681187741147,"duration":310},"description":"","status":"passed","steps":[],"attachments":[],"parameters":[],"stepsCount":0,"attachmentsCount":0,"shouldDisplayMessage":false,"hasContent":false},{"name":"logIn","time":{"start":1681187741148,"stop":1681187746887,"duration":5739},"description":"","status":"passed","steps":[{"name":"go to login page","time":{"start":1681187741148,"stop":1681187746225,"duration":5077},"status":"passed","steps":[],"attachments":[],"parameters":[],"stepsCount":0,"attachmentsCount":0,"shouldDisplayMessage":false,"hasContent":false},{"name":"Enter your email address","time":{"start":1681187746225,"stop":1681187746393,"duration":168},"status":"passed","steps":[],"attachments":[],"parameters":[{"name":"emailAddress","value":"ntruonggiangtb98@gmail.com"}],"stepsCount":0,"attachmentsCount":0,"shouldDisplayMessage":false,"hasContent":true},{"name":"Enter your password","time":{"start":1681187746393,"stop":1681187746693,"duration":300},"status":"passed","steps":[],"attachments":[],"parameters":[{"name":"password","value":"07071998Gg"}],"stepsCount":0,"attachmentsCount":0,"shouldDisplayMessage":false,"hasContent":true},{"name":"Click to submit button","time":{"start":1681187746694,"stop":1681187746887,"duration":193},"status":"passed","steps":[],"attachments":[],"parameters":[],"stepsCount":0,"attachmentsCount":0,"shouldDisplayMessage":false,"hasContent":false}],"attachments":[],"parameters":[],"stepsCount":4,"attachmentsCount":0,"shouldDisplayMessage":false,"hasContent":true}],"testStage":{"status":"failed","statusMessage":"1 expectation failed.\nExpected status code <200> but was <400>.\n","statusTrace":"java.lang.AssertionError: 1 expectation failed.\nExpected status code <200> but was <400>.\n\n\tat sun.reflect.NativeConstructorAccessorImpl.newInstance0(Native Method)\n\tat sun.reflect.NativeConstructorAccessorImpl.newInstance(NativeConstructorAccessorImpl.java:62)\n\tat sun.reflect.DelegatingConstructorAccessorImpl.newInstance(DelegatingConstructorAccessorImpl.java:45)\n\tat java.lang.reflect.Constructor.newInstance(Constructor.java:423)\n\tat org.codehaus.groovy.reflection.CachedConstructor.invoke(CachedConstructor.java:83)\n\tat org.codehaus.groovy.reflection.CachedConstructor.doConstructorInvoke(CachedConstructor.java:77)\n\tat org.codehaus.groovy.runtime.callsite.ConstructorSite$ConstructorSiteNoUnwrap.callConstructor(ConstructorSite.java:84)\n\tat org.codehaus.groovy.runtime.callsite.AbstractCallSite.callConstructor(AbstractCallSite.java:247)\n\tat io.restassured.internal.ResponseSpecificationImpl$HamcrestAssertionClosure.validate(ResponseSpecificationImpl.groovy:493)\n\tat io.restassured.internal.ResponseSpecificationImpl$HamcrestAssertionClosure$validate$1.call(Unknown Source)\n\tat io.restassured.internal.ResponseSpecificationImpl.validateResponseIfRequired(ResponseSpecificationImpl.groovy:674)\n\tat sun.reflect.NativeMethodAccessorImpl.invoke0(Native Method)\n\tat sun.reflect.NativeMethodAccessorImpl.invoke(NativeMethodAccessorImpl.java:62)\n\tat sun.reflect.DelegatingMethodAccessorImpl.invoke(DelegatingMethodAccessorImpl.java:43)\n\tat java.lang.reflect.Method.invoke(Method.java:498)\n\tat org.codehaus.groovy.runtime.callsite.PogoMetaMethodSite$PogoCachedMethodSiteNoUnwrapNoCoerce.invoke(PogoMetaMethodSite.java:210)\n\tat org.codehaus.groovy.runtime.callsite.PogoMetaMethodSite.callCurrent(PogoMetaMethodSite.java:59)\n\tat org.codehaus.groovy.runtime.callsite.AbstractCallSite.callCurrent(AbstractCallSite.java:166)\n\tat io.restassured.internal.ResponseSpecificationImpl.statusCode(ResponseSpecificationImpl.groovy:126)\n\tat io.restassured.specification.ResponseSpecification$statusCode$1.callCurrent(Unknown Source)\n\tat io.restassured.internal.ResponseSpecificationImpl.statusCode(ResponseSpecificationImpl.groovy:134)\n\tat io.restassured.internal.ValidatableResponseOptionsImpl.statusCode(ValidatableResponseOptionsImpl.java:89)\n\tat io.restassured.internal.ValidatableResponseImpl.super$2$statusCode(ValidatableResponseImpl.groovy)\n\tat sun.reflect.NativeMethodAccessorImpl.invoke0(Native Method)\n\tat sun.reflect.NativeMethodAccessorImpl.invoke(NativeMethodAccessorImpl.java:62)\n\tat sun.reflect.DelegatingMethodAccessorImpl.invoke(DelegatingMethodAccessorImpl.java:43)\n\tat java.lang.reflect.Method.invoke(Method.java:498)\n\tat org.codehaus.groovy.reflection.CachedMethod.invoke(CachedMethod.java:93)\n\tat groovy.lang.MetaMethod.doMethodInvoke(MetaMethod.java:325)\n\tat groovy.lang.MetaClassImpl.invokeMethod(MetaClassImpl.java:1215)\n\tat org.codehaus.groovy.runtime.ScriptBytecodeAdapter.invokeMethodOnSuperN(ScriptBytecodeAdapter.java:132)\n\tat io.restassured.internal.ValidatableResponseImpl.statusCode(ValidatableResponseImpl.groovy:142)\n\tat io.restassured.internal.ValidatableResponseImpl.statusCode(ValidatableResponseImpl.groovy)\n\tat org.example.core.BaseApi.validateResponse(BaseApi.java:17)\n\tat tests.TaskTests.verifyCreateSubtaskFunction(TaskTests.java:110)\n\tat sun.reflect.NativeMethodAccessorImpl.invoke0(Native Method)\n\tat sun.reflect.NativeMethodAccessorImpl.invoke(NativeMethodAccessorImpl.java:62)\n\tat sun.reflect.DelegatingMethodAccessorImpl.invoke(DelegatingMethodAccessorImpl.java:43)\n\tat java.lang.reflect.Method.invoke(Method.java:498)\n\tat org.testng.internal.MethodInvocationHelper.invokeMethod(MethodInvocationHelper.java:134)\n\tat org.testng.internal.TestInvoker.invokeMethod(TestInvoker.java:597)\n\tat org.testng.internal.TestInvoker.invokeTestMethod(TestInvoker.java:173)\n\tat org.testng.internal.MethodRunner.runInSequence(MethodRunner.java:46)\n\tat org.testng.internal.TestInvoker$MethodInvocationAgent.invoke(TestInvoker.java:816)\n\tat org.testng.internal.TestInvoker.invokeTestMethods(TestInvoker.java:146)\n\tat org.testng.internal.TestMethodWorker.invokeTestMethods(TestMethodWorker.java:146)\n\tat org.testng.internal.TestMethodWorker.run(TestMethodWorker.java:128)\n\tat java.util.concurrent.ThreadPoolExecutor.runWorker(ThreadPoolExecutor.java:1149)\n\tat java.util.concurrent.ThreadPoolExecutor$Worker.run(ThreadPoolExecutor.java:624)\n\tat java.lang.Thread.run(Thread.java:750)\n","steps":[{"name":"create list in space","time":{"start":1681187746891,"stop":1681187748168,"duration":1277},"status":"passed","steps":[],"attachments":[{"uid":"9c3b56600cf392f7","name":"Request","source":"9c3b56600cf392f7.html","type":"text/html","size":731},{"uid":"2075bd59ee6b1280","name":"HTTP/1.1 400 Bad Request","source":"2075bd59ee6b1280.html","type":"text/html","size":1348}],"parameters":[{"name":"folderInput","value":"FolderInput(name=nameList)"}],"stepsCount":0,"attachmentsCount":2,"shouldDisplayMessage":false,"hasContent":true}],"attachments":[{"uid":"d4e8d633ff59fd0a","name":"Failure Screenshot","source":"d4e8d633ff59fd0a.png","type":"image/png","size":163041}],"parameters":[],"stepsCount":1,"attachmentsCount":3,"shouldDisplayMessage":true,"hasContent":true},"afterStages":[{"name":"afterMethod","time":{"start":1681187748392,"stop":1681187748459,"duration":67},"description":"","status":"passed","steps":[],"attachments":[],"parameters":[],"stepsCount":0,"attachmentsCount":0,"shouldDisplayMessage":false,"hasContent":false}],"labels":[{"name":"package","value":"tests.TaskTests"},{"name":"testClass","value":"tests.TaskTests"},{"name":"testMethod","value":"verifyCreateSubtaskFunction"},{"name":"parentSuite","value":"Setel Regression Suite"},{"name":"suite","value":"Setel Admin test on chrome"},{"name":"subSuite","value":"tests.TaskTests"},{"name":"host","value":"fv-az842-837"},{"name":"thread","value":"2466@fv-az842-837.TestNG-test=Setel Admin test on chrome-1(11)"},{"name":"framework","value":"testng"},{"name":"language","value":"java"},{"name":"resultFormat","value":"allure2"}],"parameters":[],"links":[],"hidden":false,"retry":false,"extra":{"severity":"normal","retries":[],"categories":[{"name":"Product defects","matchedStatuses":[],"flaky":false}],"history":{"statistic":{"failed":5,"broken":0,"skipped":1,"passed":0,"unknown":0,"total":6},"items":[{"uid":"7513f634bb92251","reportUrl":"https://giangtb7798.github.io/clickup-automation-test/20//#testresult/7513f634bb92251","status":"failed","statusDetails":"1 expectation failed.\nExpected status code <200> but was <400>.\n","time":{"start":1681111688110,"stop":1681111690880,"duration":2770}},{"uid":"4942781b60ae7927","reportUrl":"https://giangtb7798.github.io/clickup-automation-test/19//#testresult/4942781b60ae7927","status":"failed","statusDetails":"1 expectation failed.\nExpected status code <200> but was <400>.\n","time":{"start":1681109517448,"stop":1681109517990,"duration":542}},{"uid":"34e02e664743ff82","reportUrl":"https://giangtb7798.github.io/clickup-automation-test/18//#testresult/34e02e664743ff82","status":"failed","statusDetails":"1 expectation failed.\nExpected status code <200> but was <400>.\n","time":{"start":1681049470010,"stop":1681049470370,"duration":360}},{"uid":"7eebec8c9cec093b","reportUrl":"https://giangtb7798.github.io/clickup-automation-test/17//#testresult/7eebec8c9cec093b","status":"failed","statusDetails":"1 expectation failed.\nExpected status code <200> but was <400>.\n","time":{"start":1681049204405,"stop":1681049204707,"duration":302}},{"uid":"11a9df07e38dd508","reportUrl":"https://giangtb7798.github.io/clickup-automation-test/11//#testresult/11a9df07e38dd508","status":"skipped","statusDetails":"java.lang.NullPointerException","time":{"start":1681047050796,"stop":1681047050797,"duration":1}}]},"tags":[]},"source":"b8f87f98e6c307ad.json","parameterValues":[]}