{"uid":"c0ceb6b5f8ba29af","name":"verify login successfully","fullName":"tests.LoginTest.login_to_click_up_successfully","historyId":"a6af2e20c4c55ddd22baf6ec71cb6df9","time":{"start":1687279279056,"stop":1687279279056,"duration":0},"status":"skipped","statusMessage":"unknown error: Chrome failed to start: exited abnormally.\n  (unknown error: DevToolsActivePort file doesn't exist)\n  (The process started from chrome location /usr/bin/google-chrome is no longer running, so ChromeDriver is assuming that Chrome has crashed.)\nBuild info: version: '3.141.59', revision: 'e82be7d358', time: '2018-11-14T08:17:03'\nSystem info: host: 'fv-az471-526', ip: '10.1.1.147', os.name: 'Linux', os.arch: 'amd64', os.version: '5.15.0-1039-azure', java.version: '1.8.0_372'\nDriver info: driver.version: ChromeDriver\nremote stacktrace: #0 0x55fb5a9844e3 <unknown>\n#1 0x55fb5a6b3c76 <unknown>\n#2 0x55fb5a6dcd78 <unknown>\n#3 0x55fb5a6d9029 <unknown>\n#4 0x55fb5a717ccc <unknown>\n#5 0x55fb5a71747f <unknown>\n#6 0x55fb5a70ede3 <unknown>\n#7 0x55fb5a6e42dd <unknown>\n#8 0x55fb5a6e534e <unknown>\n#9 0x55fb5a9443e4 <unknown>\n#10 0x55fb5a9483d7 <unknown>\n#11 0x55fb5a952b20 <unknown>\n#12 0x55fb5a949023 <unknown>\n#13 0x55fb5a9171aa <unknown>\n#14 0x55fb5a96d6b8 <unknown>\n#15 0x55fb5a96d847 <unknown>\n#16 0x55fb5a97d243 <unknown>\n#17 0x7fd4dcd50b43 <unknown>\n","statusTrace":"org.openqa.selenium.WebDriverException: unknown error: Chrome failed to start: exited abnormally.\n  (unknown error: DevToolsActivePort file doesn't exist)\n  (The process started from chrome location /usr/bin/google-chrome is no longer running, so ChromeDriver is assuming that Chrome has crashed.)\nBuild info: version: '3.141.59', revision: 'e82be7d358', time: '2018-11-14T08:17:03'\nSystem info: host: 'fv-az471-526', ip: '10.1.1.147', os.name: 'Linux', os.arch: 'amd64', os.version: '5.15.0-1039-azure', java.version: '1.8.0_372'\nDriver info: driver.version: ChromeDriver\nremote stacktrace: #0 0x55fb5a9844e3 <unknown>\n#1 0x55fb5a6b3c76 <unknown>\n#2 0x55fb5a6dcd78 <unknown>\n#3 0x55fb5a6d9029 <unknown>\n#4 0x55fb5a717ccc <unknown>\n#5 0x55fb5a71747f <unknown>\n#6 0x55fb5a70ede3 <unknown>\n#7 0x55fb5a6e42dd <unknown>\n#8 0x55fb5a6e534e <unknown>\n#9 0x55fb5a9443e4 <unknown>\n#10 0x55fb5a9483d7 <unknown>\n#11 0x55fb5a952b20 <unknown>\n#12 0x55fb5a949023 <unknown>\n#13 0x55fb5a9171aa <unknown>\n#14 0x55fb5a96d6b8 <unknown>\n#15 0x55fb5a96d847 <unknown>\n#16 0x55fb5a97d243 <unknown>\n#17 0x7fd4dcd50b43 <unknown>\n\n\tat sun.reflect.NativeConstructorAccessorImpl.newInstance0(Native Method)\n\tat sun.reflect.NativeConstructorAccessorImpl.newInstance(NativeConstructorAccessorImpl.java:62)\n\tat sun.reflect.DelegatingConstructorAccessorImpl.newInstance(DelegatingConstructorAccessorImpl.java:45)\n\tat java.lang.reflect.Constructor.newInstance(Constructor.java:423)\n\tat org.openqa.selenium.remote.W3CHandshakeResponse.lambda$errorHandler$0(W3CHandshakeResponse.java:62)\n\tat org.openqa.selenium.remote.HandshakeResponse.lambda$getResponseFunction$0(HandshakeResponse.java:30)\n\tat org.openqa.selenium.remote.ProtocolHandshake.lambda$createSession$0(ProtocolHandshake.java:126)\n\tat java.util.stream.ReferencePipeline$3$1.accept(ReferencePipeline.java:193)\n\tat java.util.Spliterators$ArraySpliterator.tryAdvance(Spliterators.java:958)\n\tat java.util.stream.ReferencePipeline.forEachWithCancel(ReferencePipeline.java:126)\n\tat java.util.stream.AbstractPipeline.copyIntoWithCancel(AbstractPipeline.java:499)\n\tat java.util.stream.AbstractPipeline.copyInto(AbstractPipeline.java:486)\n\tat java.util.stream.AbstractPipeline.wrapAndCopyInto(AbstractPipeline.java:472)\n\tat java.util.stream.FindOps$FindOp.evaluateSequential(FindOps.java:152)\n\tat java.util.stream.AbstractPipeline.evaluate(AbstractPipeline.java:234)\n\tat java.util.stream.ReferencePipeline.findFirst(ReferencePipeline.java:531)\n\tat org.openqa.selenium.remote.ProtocolHandshake.createSession(ProtocolHandshake.java:128)\n\tat org.openqa.selenium.remote.ProtocolHandshake.createSession(ProtocolHandshake.java:74)\n\tat org.openqa.selenium.remote.HttpCommandExecutor.execute(HttpCommandExecutor.java:136)\n\tat org.openqa.selenium.remote.service.DriverCommandExecutor.execute(DriverCommandExecutor.java:83)\n\tat org.openqa.selenium.remote.RemoteWebDriver.execute(RemoteWebDriver.java:552)\n\tat org.openqa.selenium.remote.RemoteWebDriver.startSession(RemoteWebDriver.java:213)\n\tat org.openqa.selenium.remote.RemoteWebDriver.<init>(RemoteWebDriver.java:131)\n\tat org.openqa.selenium.chrome.ChromeDriver.<init>(ChromeDriver.java:181)\n\tat org.openqa.selenium.chrome.ChromeDriver.<init>(ChromeDriver.java:168)\n\tat org.openqa.selenium.chrome.ChromeDriver.<init>(ChromeDriver.java:157)\n\tat org.example.config.WebAppDriverManager.openMultiBrowser(WebAppDriverManager.java:28)\n\tat base.AbstractWebTest.beforeMethod(AbstractWebTest.java:19)\n\tat sun.reflect.NativeMethodAccessorImpl.invoke0(Native Method)\n\tat sun.reflect.NativeMethodAccessorImpl.invoke(NativeMethodAccessorImpl.java:62)\n\tat sun.reflect.DelegatingMethodAccessorImpl.invoke(DelegatingMethodAccessorImpl.java:43)\n\tat java.lang.reflect.Method.invoke(Method.java:498)\n\tat org.testng.internal.MethodInvocationHelper.invokeMethod(MethodInvocationHelper.java:134)\n\tat org.testng.internal.MethodInvocationHelper.invokeMethodConsideringTimeout(MethodInvocationHelper.java:63)\n\tat org.testng.internal.ConfigInvoker.invokeConfigurationMethod(ConfigInvoker.java:348)\n\tat org.testng.internal.ConfigInvoker.invokeConfigurations(ConfigInvoker.java:302)\n\tat org.testng.internal.TestInvoker.runConfigMethods(TestInvoker.java:695)\n\tat org.testng.internal.TestInvoker.invokeMethod(TestInvoker.java:523)\n\tat org.testng.internal.TestInvoker.invokeTestMethod(TestInvoker.java:173)\n\tat org.testng.internal.MethodRunner.runInSequence(MethodRunner.java:46)\n\tat org.testng.internal.TestInvoker$MethodInvocationAgent.invoke(TestInvoker.java:816)\n\tat org.testng.internal.TestInvoker.invokeTestMethods(TestInvoker.java:146)\n\tat org.testng.internal.TestMethodWorker.invokeTestMethods(TestMethodWorker.java:146)\n\tat org.testng.internal.TestMethodWorker.run(TestMethodWorker.java:128)\n\tat java.util.concurrent.ThreadPoolExecutor.runWorker(ThreadPoolExecutor.java:1149)\n\tat java.util.concurrent.ThreadPoolExecutor$Worker.run(ThreadPoolExecutor.java:624)\n\tat java.lang.Thread.run(Thread.java:750)\n","flaky":false,"newFailed":false,"newBroken":false,"newPassed":false,"retriesCount":0,"retriesStatusChange":false,"beforeStages":[{"name":"beforeSuite","time":{"start":1687279269360,"stop":1687279269366,"duration":6},"description":"","status":"passed","steps":[],"attachments":[],"parameters":[],"stepsCount":0,"attachmentsCount":0,"shouldDisplayMessage":false,"hasContent":false},{"name":"beforeMethod","time":{"start":1687279278878,"stop":1687279279036,"duration":158},"description":"","status":"broken","statusMessage":"unknown error: Chrome failed to start: exited abnormally.\n  (unknown error: DevToolsActivePort file doesn't exist)\n  (The process started from chrome location /usr/bin/google-chrome is no longer running, so ChromeDriver is assuming that Chrome has crashed.)\nBuild info: version: '3.141.59', revision: 'e82be7d358', time: '2018-11-14T08:17:03'\nSystem info: host: 'fv-az471-526', ip: '10.1.1.147', os.name: 'Linux', os.arch: 'amd64', os.version: '5.15.0-1039-azure', java.version: '1.8.0_372'\nDriver info: driver.version: ChromeDriver\nremote stacktrace: #0 0x55fb5a9844e3 <unknown>\n#1 0x55fb5a6b3c76 <unknown>\n#2 0x55fb5a6dcd78 <unknown>\n#3 0x55fb5a6d9029 <unknown>\n#4 0x55fb5a717ccc <unknown>\n#5 0x55fb5a71747f <unknown>\n#6 0x55fb5a70ede3 <unknown>\n#7 0x55fb5a6e42dd <unknown>\n#8 0x55fb5a6e534e <unknown>\n#9 0x55fb5a9443e4 <unknown>\n#10 0x55fb5a9483d7 <unknown>\n#11 0x55fb5a952b20 <unknown>\n#12 0x55fb5a949023 <unknown>\n#13 0x55fb5a9171aa <unknown>\n#14 0x55fb5a96d6b8 <unknown>\n#15 0x55fb5a96d847 <unknown>\n#16 0x55fb5a97d243 <unknown>\n#17 0x7fd4dcd50b43 <unknown>\n","statusTrace":"org.openqa.selenium.WebDriverException: unknown error: Chrome failed to start: exited abnormally.\n  (unknown error: DevToolsActivePort file doesn't exist)\n  (The process started from chrome location /usr/bin/google-chrome is no longer running, so ChromeDriver is assuming that Chrome has crashed.)\nBuild info: version: '3.141.59', revision: 'e82be7d358', time: '2018-11-14T08:17:03'\nSystem info: host: 'fv-az471-526', ip: '10.1.1.147', os.name: 'Linux', os.arch: 'amd64', os.version: '5.15.0-1039-azure', java.version: '1.8.0_372'\nDriver info: driver.version: ChromeDriver\nremote stacktrace: #0 0x55fb5a9844e3 <unknown>\n#1 0x55fb5a6b3c76 <unknown>\n#2 0x55fb5a6dcd78 <unknown>\n#3 0x55fb5a6d9029 <unknown>\n#4 0x55fb5a717ccc <unknown>\n#5 0x55fb5a71747f <unknown>\n#6 0x55fb5a70ede3 <unknown>\n#7 0x55fb5a6e42dd <unknown>\n#8 0x55fb5a6e534e <unknown>\n#9 0x55fb5a9443e4 <unknown>\n#10 0x55fb5a9483d7 <unknown>\n#11 0x55fb5a952b20 <unknown>\n#12 0x55fb5a949023 <unknown>\n#13 0x55fb5a9171aa <unknown>\n#14 0x55fb5a96d6b8 <unknown>\n#15 0x55fb5a96d847 <unknown>\n#16 0x55fb5a97d243 <unknown>\n#17 0x7fd4dcd50b43 <unknown>\n\n\tat sun.reflect.NativeConstructorAccessorImpl.newInstance0(Native Method)\n\tat sun.reflect.NativeConstructorAccessorImpl.newInstance(NativeConstructorAccessorImpl.java:62)\n\tat sun.reflect.DelegatingConstructorAccessorImpl.newInstance(DelegatingConstructorAccessorImpl.java:45)\n\tat java.lang.reflect.Constructor.newInstance(Constructor.java:423)\n\tat org.openqa.selenium.remote.W3CHandshakeResponse.lambda$errorHandler$0(W3CHandshakeResponse.java:62)\n\tat org.openqa.selenium.remote.HandshakeResponse.lambda$getResponseFunction$0(HandshakeResponse.java:30)\n\tat org.openqa.selenium.remote.ProtocolHandshake.lambda$createSession$0(ProtocolHandshake.java:126)\n\tat java.util.stream.ReferencePipeline$3$1.accept(ReferencePipeline.java:193)\n\tat java.util.Spliterators$ArraySpliterator.tryAdvance(Spliterators.java:958)\n\tat java.util.stream.ReferencePipeline.forEachWithCancel(ReferencePipeline.java:126)\n\tat java.util.stream.AbstractPipeline.copyIntoWithCancel(AbstractPipeline.java:499)\n\tat java.util.stream.AbstractPipeline.copyInto(AbstractPipeline.java:486)\n\tat java.util.stream.AbstractPipeline.wrapAndCopyInto(AbstractPipeline.java:472)\n\tat java.util.stream.FindOps$FindOp.evaluateSequential(FindOps.java:152)\n\tat java.util.stream.AbstractPipeline.evaluate(AbstractPipeline.java:234)\n\tat java.util.stream.ReferencePipeline.findFirst(ReferencePipeline.java:531)\n\tat org.openqa.selenium.remote.ProtocolHandshake.createSession(ProtocolHandshake.java:128)\n\tat org.openqa.selenium.remote.ProtocolHandshake.createSession(ProtocolHandshake.java:74)\n\tat org.openqa.selenium.remote.HttpCommandExecutor.execute(HttpCommandExecutor.java:136)\n\tat org.openqa.selenium.remote.service.DriverCommandExecutor.execute(DriverCommandExecutor.java:83)\n\tat org.openqa.selenium.remote.RemoteWebDriver.execute(RemoteWebDriver.java:552)\n\tat org.openqa.selenium.remote.RemoteWebDriver.startSession(RemoteWebDriver.java:213)\n\tat org.openqa.selenium.remote.RemoteWebDriver.<init>(RemoteWebDriver.java:131)\n\tat org.openqa.selenium.chrome.ChromeDriver.<init>(ChromeDriver.java:181)\n\tat org.openqa.selenium.chrome.ChromeDriver.<init>(ChromeDriver.java:168)\n\tat org.openqa.selenium.chrome.ChromeDriver.<init>(ChromeDriver.java:157)\n\tat org.example.config.WebAppDriverManager.openMultiBrowser(WebAppDriverManager.java:28)\n\tat base.AbstractWebTest.beforeMethod(AbstractWebTest.java:19)\n\tat sun.reflect.NativeMethodAccessorImpl.invoke0(Native Method)\n\tat sun.reflect.NativeMethodAccessorImpl.invoke(NativeMethodAccessorImpl.java:62)\n\tat sun.reflect.DelegatingMethodAccessorImpl.invoke(DelegatingMethodAccessorImpl.java:43)\n\tat java.lang.reflect.Method.invoke(Method.java:498)\n\tat org.testng.internal.MethodInvocationHelper.invokeMethod(MethodInvocationHelper.java:134)\n\tat org.testng.internal.MethodInvocationHelper.invokeMethodConsideringTimeout(MethodInvocationHelper.java:63)\n\tat org.testng.internal.ConfigInvoker.invokeConfigurationMethod(ConfigInvoker.java:348)\n\tat org.testng.internal.ConfigInvoker.invokeConfigurations(ConfigInvoker.java:302)\n\tat org.testng.internal.TestInvoker.runConfigMethods(TestInvoker.java:695)\n\tat org.testng.internal.TestInvoker.invokeMethod(TestInvoker.java:523)\n\tat org.testng.internal.TestInvoker.invokeTestMethod(TestInvoker.java:173)\n\tat org.testng.internal.MethodRunner.runInSequence(MethodRunner.java:46)\n\tat org.testng.internal.TestInvoker$MethodInvocationAgent.invoke(TestInvoker.java:816)\n\tat org.testng.internal.TestInvoker.invokeTestMethods(TestInvoker.java:146)\n\tat org.testng.internal.TestMethodWorker.invokeTestMethods(TestMethodWorker.java:146)\n\tat org.testng.internal.TestMethodWorker.run(TestMethodWorker.java:128)\n\tat java.util.concurrent.ThreadPoolExecutor.runWorker(ThreadPoolExecutor.java:1149)\n\tat java.util.concurrent.ThreadPoolExecutor$Worker.run(ThreadPoolExecutor.java:624)\n\tat java.lang.Thread.run(Thread.java:750)\n","steps":[],"attachments":[],"parameters":[],"stepsCount":0,"attachmentsCount":0,"shouldDisplayMessage":true,"hasContent":true}],"afterStages":[{"name":"afterMethod","time":{"start":1687279279059,"stop":1687279279060,"duration":1},"description":"","status":"broken","statusMessage":"java.lang.NullPointerException","statusTrace":"java.lang.NullPointerException\n\tat org.example.config.WebAppDriverManager.closeBrowser(WebAppDriverManager.java:53)\n\tat base.AbstractWebTest.afterMethod(AbstractWebTest.java:23)\n\tat sun.reflect.NativeMethodAccessorImpl.invoke0(Native Method)\n\tat sun.reflect.NativeMethodAccessorImpl.invoke(NativeMethodAccessorImpl.java:62)\n\tat sun.reflect.DelegatingMethodAccessorImpl.invoke(DelegatingMethodAccessorImpl.java:43)\n\tat java.lang.reflect.Method.invoke(Method.java:498)\n\tat org.testng.internal.MethodInvocationHelper.invokeMethod(MethodInvocationHelper.java:134)\n\tat org.testng.internal.MethodInvocationHelper.invokeMethodConsideringTimeout(MethodInvocationHelper.java:63)\n\tat org.testng.internal.ConfigInvoker.invokeConfigurationMethod(ConfigInvoker.java:348)\n\tat org.testng.internal.ConfigInvoker.invokeConfigurations(ConfigInvoker.java:302)\n\tat org.testng.internal.TestInvoker.runConfigMethods(TestInvoker.java:695)\n\tat org.testng.internal.TestInvoker.runAfterGroupsConfigurations(TestInvoker.java:671)\n\tat org.testng.internal.TestInvoker.invokeMethod(TestInvoker.java:543)\n\tat org.testng.internal.TestInvoker.invokeTestMethod(TestInvoker.java:173)\n\tat org.testng.internal.MethodRunner.runInSequence(MethodRunner.java:46)\n\tat org.testng.internal.TestInvoker$MethodInvocationAgent.invoke(TestInvoker.java:816)\n\tat org.testng.internal.TestInvoker.invokeTestMethods(TestInvoker.java:146)\n\tat org.testng.internal.TestMethodWorker.invokeTestMethods(TestMethodWorker.java:146)\n\tat org.testng.internal.TestMethodWorker.run(TestMethodWorker.java:128)\n\tat java.util.concurrent.ThreadPoolExecutor.runWorker(ThreadPoolExecutor.java:1149)\n\tat java.util.concurrent.ThreadPoolExecutor$Worker.run(ThreadPoolExecutor.java:624)\n\tat java.lang.Thread.run(Thread.java:750)\n","steps":[],"attachments":[],"parameters":[],"stepsCount":0,"attachmentsCount":0,"shouldDisplayMessage":true,"hasContent":true}],"labels":[{"name":"package","value":"tests.LoginTest"},{"name":"testClass","value":"tests.LoginTest"},{"name":"testMethod","value":"login_to_click_up_successfully"},{"name":"parentSuite","value":"Setel Regression Suite"},{"name":"suite","value":"Setel Admin test on chrome"},{"name":"subSuite","value":"tests.LoginTest"},{"name":"host","value":"fv-az471-526"},{"name":"thread","value":"2570@fv-az471-526.TestNG-test=Setel Admin test on chrome-1(11)"},{"name":"framework","value":"testng"},{"name":"language","value":"java"},{"name":"resultFormat","value":"allure2"}],"parameters":[],"links":[],"hidden":false,"retry":false,"extra":{"severity":"normal","retries":[],"categories":[],"history":{"statistic":{"failed":0,"broken":0,"skipped":1,"passed":8,"unknown":0,"total":9},"items":[{"uid":"d83c4757b93ecadb","reportUrl":"https://giangtb7798.github.io/clickup-automation-test/29//#testresult/d83c4757b93ecadb","status":"passed","time":{"start":1687276344066,"stop":1687276360318,"duration":16252}},{"uid":"11d6260889788533","reportUrl":"https://giangtb7798.github.io/clickup-automation-test/28//#testresult/11d6260889788533","status":"passed","time":{"start":1687194399460,"stop":1687194414673,"duration":15213}},{"uid":"faf55f8392cd6498","reportUrl":"https://giangtb7798.github.io/clickup-automation-test/27//#testresult/faf55f8392cd6498","status":"passed","time":{"start":1686978687512,"stop":1686978708337,"duration":20825}},{"uid":"6f7206824aff0424","reportUrl":"https://giangtb7798.github.io/clickup-automation-test/26//#testresult/6f7206824aff0424","status":"passed","time":{"start":1681715652112,"stop":1681715669980,"duration":17868}},{"uid":"cdbc175e38b2f997","reportUrl":"https://giangtb7798.github.io/clickup-automation-test/25//#testresult/cdbc175e38b2f997","status":"passed","time":{"start":1681472821079,"stop":1681472838883,"duration":17804}},{"uid":"ec24bbc2ca579532","reportUrl":"https://giangtb7798.github.io/clickup-automation-test/25//#testresult/ec24bbc2ca579532","status":"passed","time":{"start":1681468757960,"stop":1681468777175,"duration":19215}},{"uid":"5beea6643204f539","reportUrl":"https://giangtb7798.github.io/clickup-automation-test/22//#testresult/5beea6643204f539","status":"passed","time":{"start":1681463391959,"stop":1681463410522,"duration":18563}},{"uid":"4ca0e2b9acd3f9c3","reportUrl":"https://giangtb7798.github.io/clickup-automation-test/22//#testresult/4ca0e2b9acd3f9c3","status":"passed","time":{"start":1681461982549,"stop":1681461998376,"duration":15827}}]},"tags":[]},"source":"c0ceb6b5f8ba29af.json","parameterValues":[]}